Opening __tests__/fixture-3k.csv
backtracked [ '1' ] [ '0' ]
backtracked [ '1', '3' ] [ '0' ]
backtracked [ '1', '3', '2' ] [ '0' ]
found loop  [] [ '1', '3', '2', '1' ]
backtracked [ '1', '11' ] [ '5', '26' ]
backtracked [ '1' ] [ '11', '723' ]
backtracked [ '1' ] [ '54' ]
backtracked [ '1' ] [ '74' ]
backtracked [ '1' ] [ '77' ]
backtracked [ '1' ] [ '201', '54' ]
found loop  [] [ '1', '561', '531', '1' ]
backtracked [ '1' ] [ '561', '531' ]
backtracked [ '1' ] [ '587' ]
backtracked [ '1' ] [ '720' ]
finished    [] [ '1', '804' ]
backtracked [ '2' ] [ '1' ]
finished    [] [ '2', '11' ]
finished    [] [ '3', '2' ]
backtracked [ '4' ] [ '2' ]
finished    [] [ '4', '5' ]
finished    [] [ '6', '7', '994', '1' ]
finished    [] [ '8', '2' ]
backtracked [ '9', '10', '205' ] [ '155', '164' ]
found loop  [ '9', '10' ] [ '205', '247', '514', '692', '205' ]
backtracked [ '9', '10', '205', '247' ] [ '514' ]
backtracked [ '9', '10', '205' ] [ '247', '1591' ]
backtracked [ '9', '10', '205' ] [ '508' ]
backtracked [ '9', '10' ] [ '205', '514' ]
backtracked [ '9', '10' ] [ '247' ]
backtracked [ '9', '10' ] [ '508' ]
backtracked [ '9' ] [ '10', '514' ]
backtracked [ '9', '13' ] [ '10' ]
backtracked [ '9', '13', '838', '19', '131' ] [ '1428' ]
backtracked [ '9', '13', '838', '19' ] [ '131', '1441' ]
found loop  [ '9', '13', '838' ] [ '19', '1458', '18', '19' ]
backtracked [ '9', '13', '838', '19', '1458', '130' ] [ '270' ]
backtracked [ '9', '13', '838', '19', '1458', '130', '584' ] [ '131' ]
backtracked [ '9', '13', '838', '19', '1458' ] [ '130', '584', '270' ]
found loop  [ '9', '13', '838' ] [ '19', '1458', '1455', '18', '19' ]
backtracked [ '9', '13', '838', '19', '1458', '1455' ] [ '130' ]
found loop  [ '9', '13', '838' ] [ '19', '1458', '1455', '1149', '19' ]
backtracked [ '9', '13', '838' ] [ '19' ]
backtracked [ '9', '13' ] [ '838', '131' ]
backtracked [ '9' ] [ '13', '1226' ]
backtracked [ '9' ] [ '19' ]
finished    [] [ '9', '838' ]
backtracked [ '12' ] [ '10' ]
backtracked [ '12' ] [ '13' ]
backtracked [ '12' ] [ '19' ]
finished    [] [ '12', '838' ]
found loop  [ '14' ] [ '15', '690', '600', '15' ]
finished    [] [ '14', '15' ]
backtracked [ '16' ] [ '17', '125' ]
finished    [] [ '16', '125' ]
backtracked [ '18' ] [ '19' ]
finished    [] [ '18', '131' ]
finished    [] [ '20', '21' ]
backtracked [ '22', '23' ] [ '29' ]
finished    [] [ '22', '23', '1022', '29' ]
backtracked [ '24' ] [ '25', '927' ]
finished    [] [ '24', '927' ]
finished    [] [ '27', '23' ]
finished    [] [ '28', '29' ]
finished    [] [ '30', '4' ]
backtracked [ '31', '32', '184' ] [ '188' ]
backtracked [ '31', '32', '184', '224', '352' ] [ '92' ]
backtracked [ '31', '32', '184', '224', '352' ] [ '1010' ]
backtracked [ '31', '32', '184', '224' ] [ '352', '1476' ]
backtracked [ '31', '32', '184', '224', '388' ] [ '365' ]
backtracked [ '31', '32', '184', '224' ] [ '388', '379', '365' ]
backtracked [ '31', '32', '184', '224' ] [ '1010' ]
backtracked [ '31', '32' ] [ '184', '224', '1051', '92' ]
finished    [] [ '31', '32', '188' ]
backtracked [ '33', '445' ] [ '92' ]
backtracked [ '33', '445', '437', '380' ] [ '224' ]
backtracked [ '33', '445', '437', '380' ] [ '668' ]
backtracked [ '33', '445', '437', '380' ] [ '670', '668' ]
backtracked [ '33', '445', '437' ] [ '380', '1010' ]
backtracked [ '33', '445', '437', '398' ] [ '188' ]
backtracked [ '33', '445', '437', '398', '375' ] [ '183', '184' ]
backtracked [ '33', '445', '437', '398', '375' ] [ '224' ]
found loop  [ '33', '445' ] [ '437', '398', '375', '437' ]
backtracked [ '33', '445', '437', '398', '375' ] [ '504', '188' ]
backtracked [ '33', '445', '437', '398' ] [ '375', '1010' ]
backtracked [ '33', '445', '437', '398' ] [ '1010' ]
backtracked [ '33', '445', '437', '398', '1082' ] [ '375' ]
backtracked [ '33', '445', '437' ] [ '398', '1082', '1010' ]
backtracked [ '33', '445', '437', '455' ] [ '188' ]
backtracked [ '33', '445', '437', '455', '993' ] [ '10' ]
backtracked [ '33', '445', '437', '455', '993' ] [ '456', '188' ]
backtracked [ '33', '445', '437', '455', '993', '633' ] [ '514' ]
backtracked [ '33', '445', '437', '455', '993', '633', '585', '572' ] [ '10' ]
backtracked [ '33', '445', '437', '455', '993', '633', '585', '572', '363' ] [ '514' ]
backtracked [ '33', '445', '437', '455', '993', '633', '585', '572' ] [ '363', '1591' ]
backtracked [ '33', '445', '437', '455', '993', '633', '585', '572' ] [ '514' ]
backtracked [ '33', '445', '437', '455', '993', '633', '585' ] [ '572', '1591' ]
backtracked [ '33', '445', '437', '455', '993', '633', '585', '722' ] [ '10' ]
backtracked [ '33', '445', '437', '455', '993', '633', '585' ] [ '722', '723' ]
backtracked [ '33', '445', '437', '455', '993', '633' ] [ '585', '1591' ]
backtracked [ '33', '445', '437', '455', '993', '633' ] [ '632', '514' ]
backtracked [ '33', '445', '437', '455', '993', '633' ] [ '722' ]
backtracked [ '33', '445', '437', '455', '993' ] [ '633', '1591' ]
backtracked [ '33', '445', '437', '455', '993', '871' ] [ '125' ]
found loop  [ '33', '445' ] [ '437', '455', '993', '871', '437' ]
backtracked [ '33', '445', '437' ] [ '455', '1010' ]
backtracked [ '33', '445', '437' ] [ '456' ]
backtracked [ '33', '445', '437', '457' ] [ '183' ]
backtracked [ '33', '445', '437', '457' ] [ '188' ]
backtracked [ '33', '445', '437', '457' ] [ '375' ]
backtracked [ '33', '445', '437', '457' ] [ '1010' ]
backtracked [ '33', '445', '437' ] [ '457', '1497', '183' ]
backtracked [ '33', '445', '437', '458' ] [ '188' ]
backtracked [ '33', '445', '437' ] [ '458', '1010' ]
backtracked [ '33', '445', '437', '459' ] [ '92' ]
backtracked [ '33', '445', '437' ] [ '459', '1010' ]
backtracked [ '33', '445', '437', '667' ] [ '668' ]
backtracked [ '33', '445', '437' ] [ '667', '1010' ]
backtracked [ '33', '445' ] [ '437', '1010' ]
backtracked [ '33', '445', '999' ] [ '1121' ]
backtracked [ '33', '445' ] [ '999', '1122' ]
backtracked [ '33', '445' ] [ '1010' ]
backtracked [ '33', '445' ] [ '1475' ]
backtracked [ '33', '445' ] [ '1643' ]
finished    [] [ '33', '445', '1662' ]
backtracked [ '34' ] [ '33' ]
backtracked [ '34', '76' ] [ '33' ]
backtracked [ '34', '76' ] [ '189' ]
backtracked [ '34', '76' ] [ '445' ]
backtracked [ '34', '76' ] [ '627' ]
backtracked [ '34', '76' ] [ '700', '33' ]
backtracked [ '34', '76', '703' ] [ '33' ]
backtracked [ '34', '76' ] [ '703', '705', '33' ]
backtracked [ '34', '76' ] [ '705' ]
backtracked [ '34', '76' ] [ '715', '33' ]
backtracked [ '34' ] [ '76', '759', '33' ]
backtracked [ '34', '460' ] [ '33' ]
backtracked [ '34', '460' ] [ '76' ]
backtracked [ '34', '460' ] [ '195', '33' ]
backtracked [ '34', '460' ] [ '626', '76' ]
backtracked [ '34', '460' ] [ '636', '76' ]
backtracked [ '34', '460', '725' ] [ '33' ]
backtracked [ '34', '460' ] [ '725', '92' ]
backtracked [ '34', '460' ] [ '759' ]
backtracked [ '34', '460', '1423' ] [ '76' ]
backtracked [ '34', '460' ] [ '1423', '1424' ]
backtracked [ '34', '460' ] [ '1425', '76' ]
backtracked [ '34', '460' ] [ '1440' ]
backtracked [ '34', '460' ] [ '1443', '76' ]
backtracked [ '34', '460' ] [ '1446', '76' ]
finished    [] [ '34', '460', '1505', '33' ]
backtracked [ '35' ] [ '18' ]
finished    [] [ '35', '130' ]
backtracked [ '36' ] [ '18' ]
finished    [] [ '36', '130' ]
backtracked [ '37', '38' ] [ '184' ]
backtracked [ '37', '38' ] [ '375' ]
finished    [] [ '37', '38', '1399' ]
backtracked [ '39', '40', '206', '794' ] [ '54' ]
backtracked [ '39', '40' ] [ '206', '794', '1130', '54' ]
backtracked [ '39', '40' ] [ '207', '794' ]
backtracked [ '39' ] [ '40', '208', '794' ]
backtracked [ '39', '167', '181', '63' ] [ '40' ]
backtracked [ '39', '167', '181' ] [ '63', '208' ]
backtracked [ '39', '167', '181', '218', '233', '266' ] [ '208' ]
backtracked [ '39', '167', '181', '218' ] [ '233', '266', '245' ]
backtracked [ '39', '167' ] [ '181', '218', '253', '40' ]
backtracked [ '39', '167' ] [ '218' ]
backtracked [ '39' ] [ '167', '265', '40' ]
finished    [] [ '39', '181' ]
backtracked [ '41' ] [ '40' ]
backtracked [ '41' ] [ '226', '794' ]
finished    [] [ '41', '231', '794' ]
backtracked [ '42' ] [ '40' ]
backtracked [ '42' ] [ '181' ]
finished    [] [ '42', '231' ]
backtracked [ '43' ] [ '40' ]
backtracked [ '43' ] [ '181' ]
finished    [] [ '43', '296' ]
finished    [] [ '44', '131' ]
backtracked [ '45' ] [ '33' ]
backtracked [ '45' ] [ '76' ]
found loop  [ '45' ] [ '621', '618', '1432', '621' ]
backtracked [ '45' ] [ '621', '618' ]
finished    [] [ '45', '703' ]
found loop  [ '46' ] [ '47', '1190', '1189', '47' ]
finished    [] [ '46', '47' ]
backtracked [ '48' ] [ '49', '56' ]
finished    [] [ '48', '56' ]
backtracked [ '51' ] [ '40' ]
backtracked [ '51' ] [ '167' ]
finished    [] [ '51', '218' ]
backtracked [ '52' ] [ '40' ]
backtracked [ '52' ] [ '226' ]
finished    [] [ '52', '245' ]
backtracked [ '53' ] [ '40' ]
backtracked [ '53', '168' ] [ '167' ]
backtracked [ '53' ] [ '168', '296' ]
finished    [] [ '53', '181' ]
finished    [] [ '57', '56' ]
backtracked [ '58' ] [ '56' ]
backtracked [ '58' ] [ '64', '56' ]
finished    [] [ '58', '92' ]
finished    [] [ '59', '56' ]
backtracked [ '60' ] [ '40' ]
finished    [] [ '60', '167' ]
backtracked [ '61' ] [ '40' ]
backtracked [ '61' ] [ '181' ]
finished    [] [ '61', '218' ]
backtracked [ '62' ] [ '56' ]
finished    [] [ '62', '58' ]
finished    [] [ '65', '56' ]
backtracked [ '67' ] [ '40' ]
finished    [] [ '67', '230', '794' ]
backtracked [ '68' ] [ '56' ]
finished    [] [ '68', '313' ]
backtracked [ '69' ] [ '40' ]
finished    [] [ '69', '206' ]
backtracked [ '70' ] [ '40' ]
finished    [] [ '70', '207' ]
backtracked [ '71' ] [ '40' ]
backtracked [ '71' ] [ '167' ]
finished    [] [ '71', '296' ]
backtracked [ '73' ] [ '40' ]
backtracked [ '73' ] [ '168' ]
finished    [] [ '73', '233' ]
finished    [] [ '75', '76' ]
backtracked [ '78' ] [ '40' ]
finished    [] [ '78', '231' ]
backtracked [ '79' ] [ '80', '164' ]
finished    [] [ '79', '164' ]
backtracked [ '81' ] [ '40' ]
backtracked [ '81', '83' ] [ '40' ]
backtracked [ '81' ] [ '83', '233' ]
finished    [] [ '81', '167' ]
finished    [] [ '84', '76' ]
backtracked [ '85' ] [ '40' ]
backtracked [ '85' ] [ '167' ]
finished    [] [ '85', '206' ]
finished    [] [ '86', '21' ]
backtracked [ '87', '88' ] [ '164' ]
finished    [] [ '87', '88', '514' ]
finished    [] [ '90', '19' ]
finished    [] [ '91', '92' ]
backtracked [ '93' ] [ '94', '496', '131' ]
finished    [] [ '93', '496' ]
backtracked [ '95', '96' ] [ '127' ]
backtracked [ '95' ] [ '96', '164' ]
finished    [] [ '95', '164' ]
backtracked [ '97', '98' ] [ '249', '452' ]
backtracked [ '97' ] [ '98', '452' ]
finished    [] [ '97', '249' ]
backtracked [ '99' ] [ '100' ]
finished    [] [ '99', '164' ]
backtracked [ '101' ] [ '40' ]
finished    [] [ '101', '245' ]
finished    [] [ '102', '103' ]
backtracked [ '105' ] [ '106' ]
finished    [] [ '105', '164' ]
backtracked [ '107' ] [ '10' ]
backtracked [ '107', '215' ] [ '514' ]
finished    [] [ '107', '215', '1591' ]
backtracked [ '108' ] [ '40' ]
backtracked [ '108' ] [ '167' ]
finished    [] [ '108', '208' ]
backtracked [ '109' ] [ '97' ]
finished    [] [ '109', '98' ]
backtracked [ '110' ] [ '10' ]
finished    [] [ '110', '215' ]
finished    [] [ '112', '102' ]
backtracked [ '113' ] [ '10' ]
finished    [] [ '113', '215' ]
finished    [] [ '114', '115', '459' ]
finished    [] [ '116', '10' ]
backtracked [ '117' ] [ '118', '164' ]
finished    [] [ '117', '164' ]
finished    [] [ '119', '19' ]
finished    [] [ '121', '1033' ]
backtracked [ '122' ] [ '10' ]
finished    [] [ '122', '13' ]
finished    [] [ '124', '125' ]
backtracked [ '126' ] [ '127' ]
finished    [] [ '126', '164' ]
backtracked [ '128' ] [ '10' ]
finished    [] [ '128', '363' ]
finished    [] [ '129', '19' ]
backtracked [ '132' ] [ '133' ]
finished    [] [ '132', '164' ]
finished    [] [ '135', '98' ]
backtracked [ '136' ] [ '123' ]
finished    [] [ '136', '1231', '123' ]
finished    [] [ '137', '10' ]
backtracked [ '138' ] [ '139', '220' ]
finished    [] [ '138', '494' ]
backtracked [ '140' ] [ '106' ]
finished    [] [ '140', '164' ]
backtracked [ '141' ] [ '10' ]
finished    [] [ '141', '205' ]
finished    [] [ '142', '143' ]
backtracked [ '144' ] [ '10' ]
finished    [] [ '144', '13' ]
backtracked [ '145' ] [ '40' ]
finished    [] [ '145', '226' ]
finished    [] [ '146', '98' ]
backtracked [ '147' ] [ '40' ]
backtracked [ '147' ] [ '207' ]
finished    [] [ '147', '231' ]
backtracked [ '148' ] [ '10' ]
backtracked [ '148', '516' ] [ '18' ]
backtracked [ '148', '516' ] [ '131' ]
backtracked [ '148', '516' ] [ '584' ]
finished    [] [ '148', '516', '1226' ]
backtracked [ '149' ] [ '150' ]
finished    [] [ '149', '164' ]
finished    [] [ '151', '123' ]
finished    [] [ '152', '98' ]
backtracked [ '153' ] [ '10' ]
finished    [] [ '153', '514' ]
backtracked [ '154' ] [ '155' ]
finished    [] [ '154', '164' ]
backtracked [ '156' ] [ '10' ]
finished    [] [ '156', '514' ]
backtracked [ '157' ] [ '40' ]
backtracked [ '157' ] [ '181' ]
backtracked [ '157' ] [ '206' ]
finished    [] [ '157', '230' ]
backtracked [ '158' ] [ '159', '514' ]
finished    [] [ '158', '242', '270' ]
finished    [] [ '160', '98' ]
backtracked [ '161' ] [ '10' ]
backtracked [ '161', '287', '512' ] [ '584' ]
backtracked [ '161', '287' ] [ '512', '1226' ]
backtracked [ '161', '287' ] [ '584' ]
finished    [] [ '161', '287', '1226' ]
backtracked [ '162' ] [ '10' ]
finished    [] [ '162', '287' ]
backtracked [ '163' ] [ '10' ]
finished    [] [ '163', '13' ]
backtracked [ '165' ] [ '10' ]
finished    [] [ '165', '247' ]
finished    [] [ '166', '167' ]
backtracked [ '169' ] [ '10' ]
finished    [] [ '169', '13' ]
backtracked [ '170' ] [ '159' ]
finished    [] [ '170', '242' ]
finished    [] [ '171', '167' ]
backtracked [ '172' ] [ '167' ]
finished    [] [ '172', '181' ]
backtracked [ '173' ] [ '92' ]
finished    [] [ '173', '352' ]
backtracked [ '174' ] [ '167' ]
finished    [] [ '174', '296' ]
backtracked [ '175' ] [ '164' ]
finished    [] [ '175', '192', '164' ]
backtracked [ '176' ] [ '167' ]
finished    [] [ '176', '181' ]
backtracked [ '177' ] [ '10' ]
finished    [] [ '177', '287' ]
backtracked [ '178' ] [ '10' ]
finished    [] [ '178', '13' ]
backtracked [ '179' ] [ '10' ]
finished    [] [ '179', '13' ]
backtracked [ '180' ] [ '167' ]
finished    [] [ '180', '181' ]
backtracked [ '182' ] [ '181' ]
finished    [] [ '182', '218' ]
backtracked [ '185' ] [ '181' ]
finished    [] [ '185', '218' ]
backtracked [ '186' ] [ '10' ]
finished    [] [ '186', '508' ]
backtracked [ '187' ] [ '10' ]
finished    [] [ '187', '205' ]
finished    [] [ '190', '191' ]
backtracked [ '193' ] [ '10' ]
backtracked [ '193' ] [ '155' ]
finished    [] [ '193', '514' ]
finished    [] [ '194', '195' ]
backtracked [ '196' ] [ '10' ]
finished    [] [ '196', '508' ]
finished    [] [ '197', '54' ]
finished    [] [ '198', '199', '54' ]
backtracked [ '200' ] [ '98' ]
finished    [] [ '200', '249' ]
backtracked [ '202' ] [ '10' ]
finished    [] [ '202', '1591' ]
backtracked [ '203' ] [ '10' ]
finished    [] [ '203', '514' ]
finished    [] [ '204', '29' ]
finished    [] [ '209', '210', '477', '29' ]
finished    [] [ '211', '205' ]
finished    [] [ '212', '29' ]
backtracked [ '213' ] [ '206' ]
finished    [] [ '213', '245' ]
backtracked [ '214' ] [ '193' ]
backtracked [ '214' ] [ '215' ]
backtracked [ '214' ] [ '247' ]
backtracked [ '214', '350' ] [ '10' ]
backtracked [ '214', '350' ] [ '215' ]
backtracked [ '214', '350' ] [ '247' ]
finished    [] [ '214', '350', '595' ]
backtracked [ '216' ] [ '206' ]
backtracked [ '216' ] [ '207' ]
finished    [] [ '216', '233' ]
finished    [] [ '217', '218' ]
finished    [] [ '219', '220' ]
finished    [] [ '221', '218' ]
finished    [] [ '222', '218' ]
finished    [] [ '223', '224' ]
backtracked [ '225' ] [ '207' ]
finished    [] [ '225', '226' ]
backtracked [ '227' ] [ '234' ]
finished    [] [ '227', '243', '234' ]
backtracked [ '228' ] [ '227' ]
finished    [] [ '228', '234' ]
backtracked [ '229' ] [ '230' ]
finished    [] [ '229', '231' ]
finished    [] [ '232', '233' ]
backtracked [ '235' ] [ '208' ]
finished    [] [ '235', '231' ]
finished    [] [ '236', '218' ]
finished    [] [ '237', '206' ]
finished    [] [ '238', '208' ]
finished    [] [ '239', '230' ]
finished    [] [ '240', '226' ]
finished    [] [ '241', '207' ]
backtracked [ '244' ] [ '208' ]
finished    [] [ '244', '245' ]
finished    [] [ '246', '247' ]
finished    [] [ '248', '249' ]
finished    [] [ '250', '206' ]
finished    [] [ '251', '247' ]
finished    [] [ '252', '54' ]
finished    [] [ '254', '226' ]
finished    [] [ '255', '247' ]
finished    [] [ '256', '29' ]
backtracked [ '257' ] [ '40' ]
finished    [] [ '257', '208' ]
finished    [] [ '258', '245' ]
finished    [] [ '259', '230' ]
finished    [] [ '260', '40' ]
finished    [] [ '261', '226' ]
finished    [] [ '262', '207' ]
backtracked [ '263' ] [ '208' ]
finished    [] [ '263', '226' ]
finished    [] [ '264', '21' ]
finished    [] [ '267', '268' ]
finished    [] [ '269', '175' ]
backtracked [ '271' ] [ '125' ]
finished    [] [ '271', '365' ]
finished    [] [ '272', '273', '131' ]
finished    [] [ '274', '270' ]
finished    [] [ '275', '125' ]
finished    [] [ '276', '277' ]
finished    [] [ '278', '273' ]
backtracked [ '279', '280' ] [ '164' ]
finished    [] [ '279', '280', '192' ]
finished    [] [ '281', '280' ]
finished    [] [ '282', '280' ]
finished    [] [ '283', '76' ]
finished    [] [ '284', '76' ]
backtracked [ '285' ] [ '139' ]
finished    [] [ '285', '494' ]
finished    [] [ '286', '76' ]
backtracked [ '288' ] [ '139' ]
finished    [] [ '288', '220' ]
finished    [] [ '289', '290', '514' ]
finished    [] [ '291', '290' ]
backtracked [ '292' ] [ '16' ]
backtracked [ '292' ] [ '125' ]
backtracked [ '292' ] [ '365' ]
finished    [] [ '292', '870', '125' ]
backtracked [ '293' ] [ '167' ]
finished    [] [ '293', '218' ]
finished    [] [ '294', '76' ]
backtracked [ '295' ] [ '167' ]
finished    [] [ '295', '296' ]
finished    [] [ '297', '76' ]
finished    [] [ '298', '167' ]
backtracked [ '299' ] [ '10' ]
finished    [] [ '299', '516' ]
finished    [] [ '300', '40' ]
backtracked [ '301' ] [ '10' ]
backtracked [ '301', '513' ] [ '247' ]
backtracked [ '301', '513' ] [ '363' ]
finished    [] [ '301', '513', '514' ]
backtracked [ '302' ] [ '10' ]
backtracked [ '302' ] [ '514' ]
finished    [] [ '302', '585' ]
backtracked [ '303' ] [ '10' ]
finished    [] [ '303', '193' ]
backtracked [ '304', '439' ] [ '33' ]
finished    [] [ '304', '439', '76' ]
backtracked [ '305' ] [ '10' ]
finished    [] [ '305', '791' ]
backtracked [ '306' ] [ '159' ]
finished    [] [ '306', '242' ]
found loop  [] [ '308', '484', '348', '308' ]
finished    [] [ '308', '485', '1033' ]
finished    [] [ '309', '10' ]
backtracked [ '310' ] [ '10' ]
finished    [] [ '310', '660', '514' ]
backtracked [ '311' ] [ '10' ]
finished    [] [ '311', '791' ]
finished    [] [ '312', '96' ]
backtracked [ '314' ] [ '164' ]
finished    [] [ '314', '315' ]
finished    [] [ '316', '26' ]
backtracked [ '317' ] [ '10' ]
backtracked [ '317', '662' ] [ '514' ]
finished    [] [ '317', '662', '660' ]
backtracked [ '318' ] [ '175' ]
finished    [] [ '318', '319' ]
backtracked [ '320' ] [ '10' ]
finished    [] [ '320', '513' ]
finished    [] [ '321', '96' ]
backtracked [ '323' ] [ '10' ]
backtracked [ '323' ] [ '514' ]
backtracked [ '323' ] [ '572' ]
finished    [] [ '323', '585' ]
backtracked [ '326' ] [ '164' ]
finished    [] [ '326', '327' ]
backtracked [ '328' ] [ '10' ]
finished    [] [ '328', '513' ]
finished    [] [ '329', '96' ]
backtracked [ '330' ] [ '10' ]
backtracked [ '330' ] [ '722' ]
finished    [] [ '330', '1591' ]
backtracked [ '331' ] [ '164' ]
finished    [] [ '331', '332' ]
backtracked [ '333' ] [ '10' ]
finished    [] [ '333', '215' ]
backtracked [ '334' ] [ '10' ]
finished    [] [ '334', '662' ]
backtracked [ '336' ] [ '448' ]
backtracked [ '336' ] [ '907' ]
backtracked [ '336', '915' ] [ '907' ]
backtracked [ '336' ] [ '915', '916', '907' ]
finished    [] [ '336', '917', '907' ]
finished    [] [ '337', '338' ]
backtracked [ '339' ] [ '164' ]
finished    [] [ '339', '340' ]
backtracked [ '341' ] [ '10' ]
finished    [] [ '341', '363' ]
finished    [] [ '342', '10' ]
finished    [] [ '343', '10' ]
backtracked [ '344' ] [ '10' ]
finished    [] [ '344', '791' ]
backtracked [ '345' ] [ '164' ]
finished    [] [ '345', '346' ]
backtracked [ '347' ] [ '164' ]
backtracked [ '347', '348' ] [ '308' ]
backtracked [ '347', '348', '394' ] [ '485' ]
backtracked [ '347', '348' ] [ '394', '1033' ]
finished    [] [ '347', '348', '485' ]
backtracked [ '349' ] [ '10' ]
finished    [] [ '349', '363' ]
finished    [] [ '351', '352' ]
backtracked [ '353' ] [ '164' ]
finished    [] [ '353', '354' ]
backtracked [ '355' ] [ '10' ]
finished    [] [ '355', '514' ]
backtracked [ '356' ] [ '357' ]
backtracked [ '356', '600' ] [ '15' ]
backtracked [ '356', '600' ] [ '809' ]
backtracked [ '356', '600' ] [ '978' ]
finished    [] [ '356', '600', '1088' ]
finished    [] [ '358', '357' ]
backtracked [ '359' ] [ '10' ]
backtracked [ '359', '729' ] [ '10' ]
backtracked [ '359', '729' ] [ '205' ]
backtracked [ '359', '729' ] [ '247' ]
backtracked [ '359', '729' ] [ '508' ]
backtracked [ '359', '729' ] [ '513' ]
finished    [] [ '359', '729', '514' ]
backtracked [ '360' ] [ '10' ]
finished    [] [ '360', '729' ]
backtracked [ '361' ] [ '10' ]
finished    [] [ '361', '729' ]
finished    [] [ '362', '363' ]
backtracked [ '364' ] [ '10' ]
finished    [] [ '364', '729' ]
finished    [] [ '366', '1341', '452' ]
finished    [] [ '368', '249' ]
backtracked [ '370' ] [ '224' ]
backtracked [ '370' ] [ '270' ]
backtracked [ '370', '372' ] [ '373' ]
backtracked [ '370' ] [ '372', '452' ]
backtracked [ '370' ] [ '604', '595' ]
backtracked [ '370' ] [ '756' ]
backtracked [ '370', '993' ] [ '871', '437' ]
backtracked [ '370', '993' ] [ '897', '893' ]
backtracked [ '370', '993' ] [ '908', '893' ]
backtracked [ '370', '993', '1049' ] [ '92' ]
backtracked [ '370', '993' ] [ '1049', '437' ]
backtracked [ '370', '993' ] [ '1051' ]
backtracked [ '370', '993', '1052' ] [ '92' ]
backtracked [ '370', '993' ] [ '1052', '437' ]
backtracked [ '370', '993' ] [ '1056', '92' ]
backtracked [ '370', '993', '1057' ] [ '514' ]
backtracked [ '370' ] [ '993', '1057', '633' ]
finished    [] [ '370', '1448', '595' ]
backtracked [ '371' ] [ '10' ]
finished    [] [ '371', '205' ]
finished    [] [ '374', '375' ]
finished    [] [ '376', '54' ]
finished    [] [ '377', '378' ]
finished    [] [ '381', '40' ]
backtracked [ '383' ] [ '385', '483' ]
finished    [] [ '383', '483' ]
finished    [] [ '384', '378' ]
finished    [] [ '386', '378' ]
finished    [] [ '387', '378' ]
finished    [] [ '389', '348' ]
finished    [] [ '392', '375' ]
finished    [] [ '393', '378' ]
finished    [] [ '395', '378' ]
finished    [] [ '396', '378' ]
finished    [] [ '399', '400', '452' ]
backtracked [ '401', '402' ] [ '707' ]
backtracked [ '401' ] [ '402', '712', '707' ]
finished    [] [ '401', '405' ]
finished    [] [ '403', '404' ]
finished    [] [ '406', '400' ]
finished    [] [ '407', '404' ]
finished    [] [ '408', '439' ]
finished    [] [ '410', '121' ]
finished    [] [ '411', '404' ]
backtracked [ '412' ] [ '21' ]
backtracked [ '412' ] [ '224' ]
backtracked [ '412', '413' ] [ '365' ]
backtracked [ '412' ] [ '413', '388' ]
backtracked [ '412' ] [ '437' ]
backtracked [ '412' ] [ '980' ]
backtracked [ '412' ] [ '993' ]
backtracked [ '412' ] [ '1010' ]
finished    [] [ '412', '1502', '483' ]
finished    [] [ '414', '404' ]
finished    [] [ '415', '365' ]
finished    [] [ '416', '121' ]
finished    [] [ '417', '404' ]
finished    [] [ '418', '167' ]
finished    [] [ '419', '400' ]
finished    [] [ '420', '365' ]
finished    [] [ '421', '121' ]
finished    [] [ '422', '423' ]
finished    [] [ '424', '365' ]
finished    [] [ '425', '365' ]
finished    [] [ '426', '375' ]
finished    [] [ '427', '365' ]
finished    [] [ '428', '365' ]
finished    [] [ '429', '121' ]
finished    [] [ '430', '365' ]
backtracked [ '431' ] [ '167' ]
finished    [] [ '431', '218' ]
backtracked [ '432' ] [ '402' ]
backtracked [ '432' ] [ '405' ]
finished    [] [ '432', '446', '452' ]
finished    [] [ '433', '121' ]
backtracked [ '436' ] [ '167' ]
finished    [] [ '436', '218' ]
finished    [] [ '438', '167' ]
finished    [] [ '440', '58' ]
finished    [] [ '442', '443' ]
finished    [] [ '444', '445' ]
finished    [] [ '449', '445' ]
finished    [] [ '451', '445' ]
finished    [] [ '453', '452' ]
finished    [] [ '454', '121' ]
backtracked [ '461' ] [ '208' ]
finished    [] [ '461', '218' ]
backtracked [ '462' ] [ '40' ]
backtracked [ '462' ] [ '206' ]
finished    [] [ '462', '208' ]
backtracked [ '463' ] [ '226' ]
finished    [] [ '463', '230' ]
finished    [] [ '464', '465', '224' ]
finished    [] [ '466', '273' ]
finished    [] [ '467', '468', '188' ]
finished    [] [ '469', '92' ]
backtracked [ '470' ] [ '471', '803' ]
finished    [] [ '470', '803' ]
finished    [] [ '472', '125' ]
finished    [] [ '473', '468' ]
backtracked [ '474', '475' ] [ '92' ]
finished    [] [ '474', '475', '224' ]
finished    [] [ '476', '475' ]
backtracked [ '478', '479' ] [ '512' ]
finished    [] [ '478', '479', '1226' ]
finished    [] [ '480', '481', '483' ]
finished    [] [ '482', '483' ]
backtracked [ '484' ] [ '348' ]
backtracked [ '484' ] [ '485' ]
finished    [] [ '484', '1033' ]
backtracked [ '486', '487' ] [ '1023', '92' ]
backtracked [ '486', '487' ] [ '1253' ]
backtracked [ '486', '487' ] [ '1254' ]
finished    [] [ '486', '487', '1256' ]
backtracked [ '488', '489' ] [ '270' ]
backtracked [ '488', '489' ] [ '274' ]
finished    [] [ '488', '489', '1484' ]
finished    [] [ '490', '491' ]
finished    [] [ '492', '491' ]
finished    [] [ '493', '491' ]
finished    [] [ '495', '58' ]
finished    [] [ '497', '19' ]
backtracked [ '498' ] [ '499', '663' ]
finished    [] [ '498', '663' ]
finished    [] [ '500', '274' ]
finished    [] [ '501', '125' ]
finished    [] [ '502', '501' ]
backtracked [ '503' ] [ '402' ]
backtracked [ '503' ] [ '405' ]
finished    [] [ '503', '452' ]
finished    [] [ '505', '188' ]
finished    [] [ '507', '123' ]
finished    [] [ '517', '452' ]
finished    [] [ '520', '378' ]
backtracked [ '521' ] [ '96' ]
finished    [] [ '521', '532', '96' ]
backtracked [ '523' ] [ '357' ]
finished    [] [ '523', '358' ]
finished    [] [ '526', '247' ]
finished    [] [ '527', '247' ]
backtracked [ '529' ] [ '10' ]
finished    [] [ '529', '514' ]
backtracked [ '530' ] [ '10' ]
finished    [] [ '530', '514' ]
finished    [] [ '534', '10' ]
finished    [] [ '535', '76' ]
finished    [] [ '538', '10' ]
backtracked [ '539' ] [ '96' ]
finished    [] [ '539', '532' ]
finished    [] [ '541', '76' ]
backtracked [ '544' ] [ '96' ]
finished    [] [ '544', '532' ]
finished    [] [ '545', '130' ]
finished    [] [ '546', '459' ]
backtracked [ '547' ] [ '402' ]
finished    [] [ '547', '405' ]
backtracked [ '548' ] [ '10' ]
finished    [] [ '548', '363' ]
backtracked [ '549' ] [ '10' ]
finished    [] [ '549', '643', '514' ]
finished    [] [ '550', '130' ]
finished    [] [ '552', '459' ]
finished    [] [ '554', '552' ]
backtracked [ '556' ] [ '10' ]
backtracked [ '556', '896' ] [ '350' ]
finished    [] [ '556', '896', '514' ]
backtracked [ '558' ] [ '10' ]
backtracked [ '558' ] [ '514' ]
finished    [] [ '558', '896' ]
finished    [] [ '560', '38' ]
finished    [] [ '562', '561' ]
finished    [] [ '563', '365' ]
backtracked [ '564' ] [ '131' ]
backtracked [ '564' ] [ '584' ]
finished    [] [ '564', '1439', '131' ]
finished    [] [ '566', '224' ]
finished    [] [ '567', '32' ]
finished    [] [ '568', '131' ]
backtracked [ '570' ] [ '224' ]
backtracked [ '570' ] [ '459' ]
finished    [] [ '570', '552' ]
finished    [] [ '571', '572' ]
finished    [] [ '573', '131' ]
finished    [] [ '574', '572' ]
backtracked [ '575' ] [ '10' ]
finished    [] [ '575', '514' ]
backtracked [ '576' ] [ '10' ]
backtracked [ '576' ] [ '247' ]
finished    [] [ '576', '514' ]
finished    [] [ '577', '131' ]
finished    [] [ '578', '270' ]
backtracked [ '579' ] [ '10' ]
finished    [] [ '579', '514' ]
backtracked [ '580' ] [ '10' ]
finished    [] [ '580', '514' ]
backtracked [ '581' ] [ '572' ]
finished    [] [ '581', '585' ]
backtracked [ '586' ] [ '10' ]
finished    [] [ '586', '514' ]
finished    [] [ '590', '400' ]
backtracked [ '592' ] [ '10' ]
finished    [] [ '592', '514' ]
finished    [] [ '593', '210' ]
finished    [] [ '594', '595' ]
backtracked [ '596' ] [ '184' ]
backtracked [ '596' ] [ '380' ]
finished    [] [ '596', '668' ]
finished    [] [ '597', '595' ]
backtracked [ '598' ] [ '595' ]
finished    [] [ '598', '1453', '595' ]
backtracked [ '599' ] [ '10' ]
finished    [] [ '599', '363' ]
backtracked [ '601' ] [ '10' ]
finished    [] [ '601', '514' ]
finished    [] [ '602', '595' ]
backtracked [ '603' ] [ '121' ]
backtracked [ '603' ] [ '410' ]
finished    [] [ '603', '416' ]
finished    [] [ '605', '121' ]
backtracked [ '606' ] [ '10' ]
finished    [] [ '606', '514' ]
backtracked [ '607' ] [ '21' ]
finished    [] [ '607', '608', '21' ]
finished    [] [ '609', '452' ]
finished    [] [ '610', '452' ]
finished    [] [ '611', '452' ]
backtracked [ '612' ] [ '10' ]
finished    [] [ '612', '643' ]
finished    [] [ '613', '400' ]
backtracked [ '614' ] [ '10' ]
finished    [] [ '614', '363' ]
backtracked [ '616' ] [ '10' ]
backtracked [ '616' ] [ '595' ]
finished    [] [ '616', '729' ]
finished    [] [ '619', '45' ]
backtracked [ '620' ] [ '402' ]
finished    [] [ '620', '405' ]
backtracked [ '622' ] [ '402' ]
backtracked [ '622' ] [ '405' ]
finished    [] [ '622', '452' ]
backtracked [ '624' ] [ '625' ]
finished    [] [ '624', '644', '164' ]
backtracked [ '628' ] [ '249' ]
backtracked [ '628' ] [ '402' ]
finished    [] [ '628', '630', '452' ]
backtracked [ '640' ] [ '452' ]
backtracked [ '640' ] [ '595' ]
finished    [] [ '640', '598' ]
finished    [] [ '641', '595' ]
finished    [] [ '646', '452' ]
finished    [] [ '647', '76' ]
finished    [] [ '649', '452' ]
finished    [] [ '650', '651' ]
backtracked [ '653' ] [ '907' ]
finished    [] [ '653', '1635', '907' ]
finished    [] [ '655', '76' ]
finished    [] [ '656', '118' ]
finished    [] [ '659', '365' ]
finished    [] [ '661', '274' ]
finished    [] [ '664', '452' ]
finished    [] [ '665', '452' ]
finished    [] [ '666', '452' ]
finished    [] [ '669', '668' ]
finished    [] [ '671', '668' ]
finished    [] [ '672', '668' ]
finished    [] [ '673', '668' ]
finished    [] [ '674', '668' ]
finished    [] [ '675', '668' ]
finished    [] [ '676', '668' ]
finished    [] [ '677', '365' ]
backtracked [ '678' ] [ '514' ]
finished    [] [ '678', '1591' ]
finished    [] [ '679', '270' ]
backtracked [ '680' ] [ '23' ]
finished    [] [ '680', '29' ]
backtracked [ '681' ] [ '21' ]
finished    [] [ '681', '696', '21' ]
finished    [] [ '682', '21' ]
finished    [] [ '683', '21' ]
backtracked [ '685' ] [ '10' ]
finished    [] [ '685', '514' ]
backtracked [ '686' ] [ '29' ]
finished    [] [ '686', '680' ]
finished    [] [ '687', '625' ]
finished    [] [ '688', '907' ]
backtracked [ '689' ] [ '690' ]
finished    [] [ '689', '1391' ]
backtracked [ '691' ] [ '23' ]
finished    [] [ '691', '842', '29' ]
backtracked [ '692' ] [ '205' ]
finished    [] [ '692', '247' ]
backtracked [ '693', '694', '1153' ] [ '595' ]
finished    [] [ '693', '694', '1153', '1304' ]
backtracked [ '695' ] [ '159' ]
finished    [] [ '695', '685' ]
finished    [] [ '698', '33' ]
backtracked [ '699' ] [ '625' ]
finished    [] [ '699', '856', '164' ]
finished    [] [ '701', '685' ]
finished    [] [ '702', '164' ]
backtracked [ '704' ] [ '159' ]
finished    [] [ '704', '685' ]
backtracked [ '706' ] [ '159' ]
finished    [] [ '706', '685' ]
backtracked [ '708' ] [ '33' ]
finished    [] [ '708', '460' ]
finished    [] [ '709', '707' ]
backtracked [ '710' ] [ '33' ]
finished    [] [ '710', '76' ]
finished    [] [ '711', '21' ]
finished    [] [ '713', '159' ]
backtracked [ '714' ] [ '625' ]
finished    [] [ '714', '856' ]
finished    [] [ '716', '685' ]
backtracked [ '717' ] [ '33' ]
finished    [] [ '717', '725' ]
backtracked [ '718' ] [ '159' ]
finished    [] [ '718', '685' ]
backtracked [ '719' ] [ '159' ]
finished    [] [ '719', '685' ]
finished    [] [ '721', '707' ]
finished    [] [ '724', '685' ]
finished    [] [ '726', '707' ]
finished    [] [ '727', '123' ]
finished    [] [ '728', '729' ]
backtracked [ '730' ] [ '663' ]
backtracked [ '730', '731' ] [ '663' ]
finished    [] [ '730', '731', '734' ]
finished    [] [ '732', '663' ]
finished    [] [ '733', '663' ]
backtracked [ '735' ] [ '624' ]
backtracked [ '735', '844' ] [ '118' ]
finished    [] [ '735', '844', '164' ]
backtracked [ '736' ] [ '164' ]
finished    [] [ '736', '737' ]
backtracked [ '738' ] [ '164' ]
finished    [] [ '738', '739' ]
finished    [] [ '740', '19' ]
backtracked [ '741' ] [ '164' ]
finished    [] [ '741', '742' ]
finished    [] [ '743', '195' ]
backtracked [ '745' ] [ '164' ]
finished    [] [ '745', '746' ]
finished    [] [ '747', '10' ]
finished    [] [ '748', '10' ]
finished    [] [ '749', '10' ]
backtracked [ '750' ] [ '644' ]
finished    [] [ '750', '844' ]
backtracked [ '751' ] [ '164' ]
finished    [] [ '751', '752' ]
finished    [] [ '755', '756' ]
backtracked [ '757' ] [ '164' ]
finished    [] [ '757', '327' ]
finished    [] [ '758', '159' ]
finished    [] [ '760', '159' ]
backtracked [ '761' ] [ '164' ]
finished    [] [ '761', '762' ]
finished    [] [ '763', '159' ]
finished    [] [ '764', '765', '19' ]
finished    [] [ '767', '139' ]
finished    [] [ '768', '792' ]
finished    [] [ '769', '792' ]
found loop  [] [ '770', '771', '789', '770' ]
finished    [] [ '770', '792' ]
finished    [] [ '771', '792' ]
backtracked [ '772' ] [ '770' ]
backtracked [ '772' ] [ '771' ]
backtracked [ '772' ] [ '773', '792' ]
finished    [] [ '772', '792' ]
backtracked [ '774' ] [ '18' ]
finished    [] [ '774', '131' ]
finished    [] [ '775', '159' ]
finished    [] [ '776', '159' ]
finished    [] [ '777', '159' ]
finished    [] [ '778', '76' ]
backtracked [ '779' ] [ '600' ]
finished    [] [ '779', '1391' ]
finished    [] [ '780', '479' ]
finished    [] [ '781', '159' ]
backtracked [ '782' ] [ '19' ]
finished    [] [ '782', '131' ]
backtracked [ '783' ] [ '18' ]
finished    [] [ '783', '131' ]
finished    [] [ '784', '159' ]
backtracked [ '785' ] [ '402' ]
backtracked [ '785' ] [ '405' ]
backtracked [ '785' ] [ '452' ]
finished    [] [ '785', '1151', '452' ]
backtracked [ '786' ] [ '131' ]
finished    [] [ '786', '765' ]
finished    [] [ '787', '479' ]
backtracked [ '788' ] [ '18' ]
finished    [] [ '788', '131' ]
backtracked [ '789' ] [ '773' ]
finished    [] [ '789', '792' ]
finished    [] [ '790', '76' ]
backtracked [ '793' ] [ '584' ]
finished    [] [ '793', '1311' ]
finished    [] [ '795', '663' ]
finished    [] [ '796', '600' ]
finished    [] [ '797', '40' ]
backtracked [ '798' ] [ '402' ]
finished    [] [ '798', '405' ]
finished    [] [ '799', '633' ]
finished    [] [ '800', '40' ]
finished    [] [ '801', '792' ]
finished    [] [ '802', '803' ]
finished    [] [ '805', '479' ]
backtracked [ '806' ] [ '18' ]
finished    [] [ '806', '273' ]
backtracked [ '807' ] [ '159' ]
finished    [] [ '807', '817', '514' ]
finished    [] [ '808', '273' ]
finished    [] [ '810', '803' ]
backtracked [ '811' ] [ '18' ]
finished    [] [ '811', '273' ]
finished    [] [ '812', '633' ]
finished    [] [ '813', '600' ]
backtracked [ '814' ] [ '815' ]
finished    [] [ '814', '816', '131' ]
backtracked [ '818' ] [ '600' ]
finished    [] [ '818', '809' ]
finished    [] [ '819', '765' ]
backtracked [ '820', '821', '1517' ] [ '1516' ]
backtracked [ '820', '821', '1517' ] [ '1527' ]
finished    [] [ '820', '821', '1517', '1599', '1516' ]
finished    [] [ '822', '821' ]
backtracked [ '823' ] [ '402' ]
backtracked [ '823' ] [ '405' ]
finished    [] [ '823', '452' ]
finished    [] [ '824', '471' ]
backtracked [ '825' ] [ '402' ]
backtracked [ '825' ] [ '405' ]
finished    [] [ '825', '452' ]
backtracked [ '826' ] [ '19' ]
finished    [] [ '826', '131' ]
backtracked [ '827' ] [ '814' ]
backtracked [ '827' ] [ '815' ]
finished    [] [ '827', '816' ]
finished    [] [ '828', '125' ]
finished    [] [ '829', '765' ]
finished    [] [ '832', '833', '19' ]
finished    [] [ '834', '792' ]
finished    [] [ '835', '831' ]
finished    [] [ '836', '835' ]
finished    [] [ '837', '756' ]
finished    [] [ '839', '577' ]
finished    [] [ '840', '76' ]
finished    [] [ '841', '483' ]
finished    [] [ '843', '175' ]
finished    [] [ '845', '175' ]
finished    [] [ '846', '803' ]
finished    [] [ '847', '803' ]
finished    [] [ '848', '471' ]
finished    [] [ '849', '365' ]
finished    [] [ '850', '76' ]
finished    [] [ '851', '125' ]
finished    [] [ '852', '76' ]
finished    [] [ '853', '21' ]
finished    [] [ '854', '121' ]
backtracked [ '855' ] [ '121' ]
finished    [] [ '855', '485' ]
finished    [] [ '857', '106' ]
finished    [] [ '859', '860' ]
finished    [] [ '861', '164' ]
finished    [] [ '862', '380' ]
backtracked [ '863' ] [ '584' ]
backtracked [ '863', '1300' ] [ '18' ]
finished    [] [ '863', '1300', '584' ]
finished    [] [ '864', '88' ]
finished    [] [ '865', '88' ]
finished    [] [ '866', '88' ]
finished    [] [ '867', '88' ]
finished    [] [ '868', '76' ]
finished    [] [ '869', '96' ]
finished    [] [ '872', '96' ]
finished    [] [ '873', '96' ]
backtracked [ '874' ] [ '184' ]
finished    [] [ '874', '412' ]
finished    [] [ '875', '479' ]
finished    [] [ '876', '877' ]
finished    [] [ '878', '479' ]
finished    [] [ '879', '877' ]
finished    [] [ '880', '877' ]
finished    [] [ '881', '365' ]
finished    [] [ '882', '877' ]
finished    [] [ '883', '205' ]
finished    [] [ '884', '399' ]
finished    [] [ '885', '877' ]
finished    [] [ '886', '287' ]
finished    [] [ '887', '424' ]
finished    [] [ '888', '287' ]
finished    [] [ '889', '890', '452' ]
finished    [] [ '891', '890' ]
finished    [] [ '892', '893' ]
finished    [] [ '894', '895', '595' ]
backtracked [ '898' ] [ '437' ]
backtracked [ '898' ] [ '899' ]
backtracked [ '898' ] [ '904', '1609' ]
backtracked [ '898' ] [ '1609' ]
finished    [] [ '898', '1611' ]
finished    [] [ '900', '365' ]
backtracked [ '901' ] [ '167' ]
finished    [] [ '901', '218' ]
finished    [] [ '902', '903' ]
backtracked [ '905' ] [ '181' ]
backtracked [ '905' ] [ '218' ]
finished    [] [ '905', '233' ]
finished    [] [ '906', '907' ]
finished    [] [ '909', '465' ]
finished    [] [ '910', '909' ]
finished    [] [ '911', '729' ]
finished    [] [ '912', '907' ]
finished    [] [ '913', '907' ]
backtracked [ '914' ] [ '10' ]
finished    [] [ '914', '514' ]
finished    [] [ '918', '907' ]
backtracked [ '919' ] [ '907' ]
finished    [] [ '919', '920', '907' ]
finished    [] [ '922', '907' ]
backtracked [ '923' ] [ '600' ]
finished    [] [ '923', '684' ]
finished    [] [ '924', '907' ]
finished    [] [ '926', '927' ]
finished    [] [ '928', '76' ]
backtracked [ '929' ] [ '804' ]
finished    [] [ '929', '930', '804' ]
backtracked [ '931' ] [ '479' ]
backtracked [ '931' ] [ '1226' ]
finished    [] [ '931', '1300' ]
finished    [] [ '933', '927' ]
finished    [] [ '934', '595' ]
backtracked [ '935' ] [ '927' ]
backtracked [ '935' ] [ '950', '927' ]
finished    [] [ '935', '1647', '927' ]
finished    [] [ '936', '918' ]
finished    [] [ '937', '445' ]
finished    [] [ '938', '927' ]
backtracked [ '939' ] [ '452' ]
finished    [] [ '939', '595' ]
finished    [] [ '940', '927' ]
finished    [] [ '941', '942', '92' ]
finished    [] [ '943', '58' ]
finished    [] [ '944', '927' ]
finished    [] [ '945', '946', '927' ]
finished    [] [ '948', '927' ]
backtracked [ '949' ] [ '935' ]
backtracked [ '949' ] [ '950' ]
finished    [] [ '949', '1639', '927' ]
finished    [] [ '951', '804' ]
finished    [] [ '952', '98' ]
finished    [] [ '953', '98' ]
finished    [] [ '954', '927' ]
finished    [] [ '955', '40' ]
finished    [] [ '956', '957' ]
finished    [] [ '958', '40' ]
finished    [] [ '959', '40' ]
finished    [] [ '960', '206' ]
finished    [] [ '961', '804' ]
finished    [] [ '962', '930' ]
finished    [] [ '963', '206' ]
finished    [] [ '964', '804' ]
finished    [] [ '965', '663' ]
backtracked [ '966' ] [ '130' ]
backtracked [ '966' ] [ '402' ]
finished    [] [ '966', '405' ]
finished    [] [ '967', '930' ]
backtracked [ '968' ] [ '130' ]
backtracked [ '968' ] [ '402' ]
finished    [] [ '968', '405' ]
backtracked [ '969' ] [ '98' ]
finished    [] [ '969', '270' ]
finished    [] [ '970', '804' ]
backtracked [ '971' ] [ '184' ]
finished    [] [ '971', '375' ]
finished    [] [ '972', '930' ]
finished    [] [ '973', '479' ]
finished    [] [ '974', '121' ]
finished    [] [ '975', '514' ]
finished    [] [ '976', '514' ]
finished    [] [ '977', '40' ]
finished    [] [ '979', '479' ]
finished    [] [ '981', '98' ]
backtracked [ '982' ] [ '402' ]
backtracked [ '982' ] [ '405' ]
finished    [] [ '982', '452' ]
finished    [] [ '983', '423' ]
finished    [] [ '984', '423' ]
finished    [] [ '985', '98' ]
backtracked [ '986' ] [ '34' ]
backtracked [ '986' ] [ '437' ]
backtracked [ '986' ] [ '708' ]
backtracked [ '986' ] [ '710' ]
backtracked [ '986' ] [ '1083', '1138', '668' ]
finished    [] [ '986', '1377' ]
finished    [] [ '987', '985' ]
finished    [] [ '988', '423' ]
finished    [] [ '989', '423' ]
finished    [] [ '990', '18' ]
finished    [] [ '991', '18' ]
finished    [] [ '992', '423' ]
finished    [] [ '995', '985' ]
finished    [] [ '996', '98' ]
finished    [] [ '997', '98' ]
finished    [] [ '998', '98' ]
finished    [] [ '1000', '375' ]
backtracked [ '1001' ] [ '29' ]
finished    [] [ '1001', '1002', '29' ]
finished    [] [ '1003', '1004', '584' ]
finished    [] [ '1005', '103' ]
backtracked [ '1006' ] [ '270' ]
finished    [] [ '1006', '274' ]
finished    [] [ '1007', '29' ]
backtracked [ '1008' ] [ '452' ]
backtracked [ '1008' ] [ '630' ]
finished    [] [ '1008', '982' ]
finished    [] [ '1009', '986' ]
finished    [] [ '1011', '365' ]
finished    [] [ '1012', '365' ]
finished    [] [ '1013', '399' ]
finished    [] [ '1014', '584' ]
finished    [] [ '1015', '106' ]
finished    [] [ '1016', '106' ]
finished    [] [ '1017', '106' ]
finished    [] [ '1018', '106' ]
finished    [] [ '1019', '585' ]
finished    [] [ '1020', '585' ]
finished    [] [ '1021', '1022' ]
finished    [] [ '1024', '29' ]
finished    [] [ '1025', '487' ]
finished    [] [ '1026', '487' ]
finished    [] [ '1027', '23' ]
finished    [] [ '1028', '23' ]
backtracked [ '1029' ] [ '437' ]
finished    [] [ '1029', '1646' ]
backtracked [ '1030' ] [ '485' ]
finished    [] [ '1030', '1033' ]
backtracked [ '1031' ] [ '1002' ]
finished    [] [ '1031', '1602' ]
finished    [] [ '1032', '1033' ]
finished    [] [ '1034', '1035' ]
finished    [] [ '1036', '29' ]
finished    [] [ '1037', '1035' ]
finished    [] [ '1038', '1039', '1035' ]
finished    [] [ '1040', '29' ]
finished    [] [ '1041', '1033' ]
finished    [] [ '1042', '29' ]
finished    [] [ '1043', '1035' ]
finished    [] [ '1044', '1035' ]
finished    [] [ '1045', '29' ]
backtracked [ '1046' ] [ '224' ]
finished    [] [ '1046', '437' ]
finished    [] [ '1047', '1033' ]
finished    [] [ '1048', '1033' ]
finished    [] [ '1050', '18' ]
finished    [] [ '1053', '1033' ]
backtracked [ '1054' ] [ '18' ]
finished    [] [ '1054', '514' ]
finished    [] [ '1055', '1033' ]
finished    [] [ '1058', '957' ]
finished    [] [ '1059', '957' ]
finished    [] [ '1060', '92' ]
backtracked [ '1062' ] [ '404' ]
finished    [] [ '1062', '437' ]
finished    [] [ '1063', '437' ]
finished    [] [ '1064', '437' ]
finished    [] [ '1065', '92' ]
finished    [] [ '1066', '514' ]
finished    [] [ '1067', '1068' ]
backtracked [ '1069' ] [ '437' ]
finished    [] [ '1069', '595' ]
finished    [] [ '1070', '437' ]
finished    [] [ '1071', '514' ]
finished    [] [ '1072', '437' ]
backtracked [ '1073' ] [ '92' ]
finished    [] [ '1073', '437' ]
finished    [] [ '1074', '484' ]
finished    [] [ '1075', '484' ]
finished    [] [ '1076', '92' ]
finished    [] [ '1077', '76' ]
finished    [] [ '1079', '437' ]
finished    [] [ '1080', '487' ]
finished    [] [ '1081', '29' ]
finished    [] [ '1084', '1085' ]
backtracked [ '1086' ] [ '437' ]
finished    [] [ '1086', '1010' ]
finished    [] [ '1087', '514' ]
finished    [] [ '1089', '274' ]
finished    [] [ '1090', '100' ]
finished    [] [ '1091', '1092' ]
finished    [] [ '1093', '514' ]
finished    [] [ '1094', '514' ]
finished    [] [ '1095', '514' ]
finished    [] [ '1096', '514' ]
finished    [] [ '1097', '514' ]
finished    [] [ '1098', '514' ]
finished    [] [ '1099', '514' ]
finished    [] [ '1100', '514' ]
finished    [] [ '1101', '514' ]
finished    [] [ '1102', '18' ]
backtracked [ '1103' ] [ '952' ]
finished    [] [ '1103', '1393' ]
finished    [] [ '1104', '1103' ]
finished    [] [ '1105', '1393' ]
finished    [] [ '1106', '1393' ]
finished    [] [ '1109', '1110' ]
finished    [] [ '1111', '452' ]
finished    [] [ '1112', '10' ]
finished    [] [ '1113', '1114', '999' ]
finished    [] [ '1115', '1116', '722' ]
finished    [] [ '1117', '999' ]
finished    [] [ '1118', '1116' ]
finished    [] [ '1119', '999' ]
finished    [] [ '1120', '633' ]
finished    [] [ '1123', '29' ]
finished    [] [ '1125', '999' ]
finished    [] [ '1127', '756' ]
finished    [] [ '1128', '756' ]
finished    [] [ '1129', '756' ]
backtracked [ '1131' ] [ '227' ]
finished    [] [ '1131', '234' ]
backtracked [ '1132' ] [ '821' ]
finished    [] [ '1132', '1133' ]
finished    [] [ '1134', '365' ]
finished    [] [ '1135', '756' ]
finished    [] [ '1136', '460' ]
finished    [] [ '1137', '756' ]
finished    [] [ '1139', '756' ]
finished    [] [ '1140', '460' ]
finished    [] [ '1141', '756' ]
finished    [] [ '1142', '437' ]
finished    [] [ '1143', '993' ]
finished    [] [ '1144', '1029' ]
finished    [] [ '1145', '459' ]
finished    [] [ '1146', '584' ]
finished    [] [ '1147', '729' ]
finished    [] [ '1148', '895' ]
finished    [] [ '1149', '19' ]
finished    [] [ '1150', '725' ]
finished    [] [ '1152', '483' ]
finished    [] [ '1155', '1471' ]
finished    [] [ '1156', '29' ]
finished    [] [ '1157', '1004' ]
backtracked [ '1158' ] [ '1004' ]
finished    [] [ '1158', '1311' ]
finished    [] [ '1159', '125' ]
finished    [] [ '1160', '1161', '459' ]
finished    [] [ '1162', '584' ]
finished    [] [ '1163', '584' ]
finished    [] [ '1164', '184' ]
finished    [] [ '1165', '220' ]
finished    [] [ '1166', '220' ]
finished    [] [ '1167', '184' ]
finished    [] [ '1168', '11' ]
finished    [] [ '1169', '723' ]
finished    [] [ '1170', '123' ]
finished    [] [ '1171', '485' ]
finished    [] [ '1172', '1173', '29' ]
backtracked [ '1174' ] [ '1172' ]
finished    [] [ '1174', '1173' ]
finished    [] [ '1176', '452' ]
finished    [] [ '1177', '357' ]
finished    [] [ '1178', '54' ]
finished    [] [ '1179', '1033' ]
finished    [] [ '1180', '65' ]
finished    [] [ '1181', '1033' ]
finished    [] [ '1182', '65' ]
backtracked [ '1183' ] [ '402' ]
backtracked [ '1183' ] [ '405' ]
finished    [] [ '1183', '1393' ]
finished    [] [ '1184', '54' ]
finished    [] [ '1185', '92' ]
finished    [] [ '1187', '92' ]
backtracked [ '1188' ] [ '402' ]
backtracked [ '1188' ] [ '452' ]
backtracked [ '1188' ] [ '640' ]
finished    [] [ '1188', '1183' ]
finished    [] [ '1192', '54' ]
backtracked [ '1193' ] [ '405' ]
backtracked [ '1193' ] [ '640' ]
backtracked [ '1193' ] [ '1183' ]
finished    [] [ '1193', '1393' ]
backtracked [ '1194' ] [ '402' ]
backtracked [ '1194' ] [ '405' ]
backtracked [ '1194' ] [ '640' ]
finished    [] [ '1194', '1393' ]
finished    [] [ '1196', '564' ]
finished    [] [ '1198', '1' ]
finished    [] [ '1199', '564' ]
finished    [] [ '1200', '399' ]
finished    [] [ '1201', '65' ]
finished    [] [ '1202', '564' ]
backtracked [ '1203' ] [ '249' ]
backtracked [ '1203' ] [ '402' ]
backtracked [ '1203' ] [ '405' ]
finished    [] [ '1203', '640' ]
finished    [] [ '1204', '10' ]
finished    [] [ '1205', '10' ]
finished    [] [ '1206', '123' ]
finished    [] [ '1207', '10' ]
finished    [] [ '1208', '953' ]
finished    [] [ '1209', '123' ]
finished    [] [ '1210', '10' ]
finished    [] [ '1211', '123' ]
finished    [] [ '1212', '123' ]
finished    [] [ '1213', '452' ]
finished    [] [ '1215', '10' ]
finished    [] [ '1216', '92' ]
finished    [] [ '1218', '10' ]
finished    [] [ '1219', '98' ]
finished    [] [ '1220', '10' ]
finished    [] [ '1221', '98' ]
finished    [] [ '1222', '54' ]
finished    [] [ '1223', '572' ]
finished    [] [ '1224', '10' ]
finished    [] [ '1225', '123' ]
finished    [] [ '1227', '123' ]
finished    [] [ '1228', '10' ]
finished    [] [ '1230', '452' ]
finished    [] [ '1233', '10' ]
finished    [] [ '1234', '1235' ]
finished    [] [ '1236', '123' ]
finished    [] [ '1237', '1' ]
finished    [] [ '1238', '1235' ]
finished    [] [ '1239', '1235' ]
finished    [] [ '1240', '10' ]
finished    [] [ '1241', '365' ]
finished    [] [ '1242', '1235' ]
finished    [] [ '1243', '1244' ]
finished    [] [ '1245', '1235' ]
finished    [] [ '1246', '993' ]
finished    [] [ '1247', '1248' ]
finished    [] [ '1249', '1235' ]
finished    [] [ '1250', '1244' ]
finished    [] [ '1255', '1235' ]
finished    [] [ '1257', '1244' ]
finished    [] [ '1258', '10' ]
finished    [] [ '1259', '1244' ]
finished    [] [ '1260', '1235' ]
finished    [] [ '1261', '10' ]
finished    [] [ '1262', '123' ]
finished    [] [ '1263', '1244' ]
finished    [] [ '1264', '1235' ]
finished    [] [ '1266', '1244' ]
finished    [] [ '1267', '1235' ]
finished    [] [ '1268', '1235' ]
finished    [] [ '1269', '1248' ]
finished    [] [ '1270', '1244' ]
finished    [] [ '1272', '1235' ]
finished    [] [ '1273', '1235' ]
finished    [] [ '1274', '1244' ]
finished    [] [ '1275', '1235' ]
finished    [] [ '1276', '584' ]
finished    [] [ '1277', '224' ]
finished    [] [ '1278', '123' ]
backtracked [ '1279' ] [ '10' ]
finished    [] [ '1279', '508' ]
finished    [] [ '1280', '1234' ]
finished    [] [ '1281', '1274' ]
finished    [] [ '1285', '287' ]
finished    [] [ '1286', '1244' ]
finished    [] [ '1287', '1283' ]
finished    [] [ '1288', '92' ]
finished    [] [ '1289', '274' ]
finished    [] [ '1290', '459' ]
backtracked [ '1291' ] [ '92' ]
finished    [] [ '1291', '224' ]
finished    [] [ '1292', '595' ]
finished    [] [ '1293', '756' ]
finished    [] [ '1294', '595' ]
finished    [] [ '1295', '756' ]
finished    [] [ '1296', '1244' ]
finished    [] [ '1297', '1298', '131' ]
backtracked [ '1299' ] [ '564' ]
finished    [] [ '1299', '1300' ]
finished    [] [ '1301', '125' ]
backtracked [ '1302', '1303' ] [ '1146' ]
finished    [] [ '1302', '1303', '1460' ]
finished    [] [ '1307', '452' ]
finished    [] [ '1308', '1309' ]
finished    [] [ '1310', '92' ]
finished    [] [ '1312', '1313', '92' ]
finished    [] [ '1314', '1311' ]
finished    [] [ '1315', '572' ]
finished    [] [ '1316', '1311' ]
finished    [] [ '1318', '29' ]
finished    [] [ '1319', '357' ]
finished    [] [ '1320', '572' ]
finished    [] [ '1321', '357' ]
backtracked [ '1322' ] [ '270' ]
finished    [] [ '1322', '274' ]
finished    [] [ '1323', '357' ]
finished    [] [ '1324', '513' ]
finished    [] [ '1325', '357' ]
finished    [] [ '1326', '572' ]
finished    [] [ '1327', '357' ]
backtracked [ '1328', '1329' ] [ '224' ]
backtracked [ '1328', '1329' ] [ '1010' ]
finished    [] [ '1328', '1329', '1313' ]
finished    [] [ '1330', '87' ]
finished    [] [ '1331', '1226' ]
finished    [] [ '1332', '513' ]
finished    [] [ '1333', '513' ]
backtracked [ '1334', '1427' ] [ '131' ]
backtracked [ '1334', '1427' ] [ '1421', '131' ]
finished    [] [ '1334', '1427', '1439' ]
finished    [] [ '1335', '1427' ]
finished    [] [ '1336', '513' ]
finished    [] [ '1338', '1' ]
finished    [] [ '1339', '452' ]
backtracked [ '1340' ] [ '18' ]
finished    [] [ '1340', '19' ]
finished    [] [ '1342', '452' ]
backtracked [ '1343' ] [ '584' ]
finished    [] [ '1343', '1226' ]
finished    [] [ '1344', '1226' ]
finished    [] [ '1345', '494' ]
finished    [] [ '1346', '513' ]
finished    [] [ '1347', '19' ]
finished    [] [ '1348', '19' ]
found loop  [] [ '1349', '1350', '1352', '1349' ]
finished    [] [ '1350', '1352', '1349' ]
finished    [] [ '1351', '494' ]
finished    [] [ '1353', '159' ]
finished    [] [ '1354', '452' ]
finished    [] [ '1355', '584' ]
finished    [] [ '1356', '452' ]
finished    [] [ '1357', '365' ]
finished    [] [ '1358', '452' ]
finished    [] [ '1359', '365' ]
finished    [] [ '1360', '452' ]
finished    [] [ '1361', '1222' ]
finished    [] [ '1362', '365' ]
finished    [] [ '1363', '452' ]
finished    [] [ '1366', '452' ]
finished    [] [ '1367', '224' ]
finished    [] [ '1370', '1' ]
finished    [] [ '1372', '1373' ]
finished    [] [ '1374', '365' ]
finished    [] [ '1376', '1373' ]
backtracked [ '1378' ] [ '1298' ]
finished    [] [ '1378', '1376' ]
backtracked [ '1379' ] [ '1376' ]
finished    [] [ '1379', '1381' ]
backtracked [ '1380' ] [ '1378' ]
finished    [] [ '1380', '1381' ]
finished    [] [ '1382', '404' ]
finished    [] [ '1383', '404' ]
backtracked [ '1384' ] [ '1376' ]
finished    [] [ '1384', '1385', '131' ]
backtracked [ '1386' ] [ '1378' ]
finished    [] [ '1386', '1385' ]
finished    [] [ '1387', '270' ]
finished    [] [ '1388', '1389' ]
finished    [] [ '1390', '274' ]
finished    [] [ '1394', '584' ]
finished    [] [ '1395', '584' ]
finished    [] [ '1396', '10' ]
finished    [] [ '1397', '10' ]
finished    [] [ '1398', '151' ]
finished    [] [ '1400', '32' ]
backtracked [ '1401' ] [ '21' ]
finished    [] [ '1401', '608' ]
finished    [] [ '1402', '1403', '224' ]
backtracked [ '1406' ] [ '402' ]
finished    [] [ '1406', '405' ]
finished    [] [ '1408', '184' ]
backtracked [ '1409' ] [ '595' ]
finished    [] [ '1409', '1609' ]
finished    [] [ '1410', '572' ]
backtracked [ '1411' ] [ '405' ]
finished    [] [ '1411', '1412' ]
finished    [] [ '1414', '96' ]
finished    [] [ '1415', '572' ]
finished    [] [ '1416', '96' ]
finished    [] [ '1417', '667' ]
backtracked [ '1418' ] [ '402' ]
finished    [] [ '1418', '1412' ]
backtracked [ '1419' ] [ '402' ]
finished    [] [ '1419', '1412' ]
finished    [] [ '1422', '1149' ]
backtracked [ '1430', '1436', '1432' ] [ '621' ]
found loop  [] [ '1430', '1436', '1432', '1430' ]
finished    [] [ '1431', '459' ]
finished    [] [ '1435', '1434' ]
finished    [] [ '1447', '1' ]
finished    [] [ '1449', '667' ]
finished    [] [ '1450', '667' ]
finished    [] [ '1451', '671' ]
finished    [] [ '1452', '1341' ]
finished    [] [ '1454', '10' ]
finished    [] [ '1455', '1149' ]
finished    [] [ '1456', '1' ]
finished    [] [ '1457', '10' ]
finished    [] [ '1458', '1455' ]
finished    [] [ '1459', '365' ]
finished    [] [ '1461', '365' ]
finished    [] [ '1462', '365' ]
finished    [] [ '1463', '10' ]
finished    [] [ '1464', '1494', '1496', '668' ]
finished    [] [ '1465', '1306' ]
finished    [] [ '1466', '1010' ]
finished    [] [ '1467', '595' ]
finished    [] [ '1468', '595' ]
finished    [] [ '1469', '595' ]
finished    [] [ '1470', '1471' ]
finished    [] [ '1472', '1471' ]
backtracked [ '1473' ] [ '1471' ]
finished    [] [ '1473', '1474', '1471' ]
finished    [] [ '1477', '1478' ]
finished    [] [ '1479', '504' ]
finished    [] [ '1480', '504' ]
finished    [] [ '1481', '595' ]
finished    [] [ '1482', '1010' ]
finished    [] [ '1483', '723' ]
backtracked [ '1485' ] [ '1298' ]
finished    [] [ '1485', '1373' ]
finished    [] [ '1486', '667' ]
finished    [] [ '1487', '710' ]
finished    [] [ '1488', '668' ]
finished    [] [ '1489', '668' ]
finished    [] [ '1490', '668' ]
finished    [] [ '1491', '668' ]
finished    [] [ '1492', '668' ]
finished    [] [ '1493', '668' ]
backtracked [ '1495' ] [ '608' ]
backtracked [ '1495' ] [ '681' ]
finished    [] [ '1495', '1585', '21' ]
finished    [] [ '1498', '125' ]
finished    [] [ '1499', '264' ]
finished    [] [ '1500', '183' ]
finished    [] [ '1501', '33' ]
finished    [] [ '1503', '1504', '183' ]
finished    [] [ '1506', '707' ]
finished    [] [ '1507', '707' ]
finished    [] [ '1508', '1010' ]
finished    [] [ '1509', '21' ]
backtracked [ '1510' ] [ '10' ]
finished    [] [ '1510', '1591' ]
backtracked [ '1511' ] [ '33' ]
finished    [] [ '1511', '460' ]
finished    [] [ '1512', '595' ]
finished    [] [ '1514', '224' ]
finished    [] [ '1515', '224' ]
finished    [] [ '1518', '1517' ]
backtracked [ '1519' ] [ '978' ]
finished    [] [ '1519', '1391' ]
finished    [] [ '1520', '1517' ]
finished    [] [ '1522', '1311' ]
finished    [] [ '1523', '1303' ]
finished    [] [ '1524', '1517' ]
finished    [] [ '1531', '365' ]
finished    [] [ '1532', '365' ]
finished    [] [ '1533', '595' ]
finished    [] [ '1534', '1526' ]
finished    [] [ '1535', '1303' ]
finished    [] [ '1536', '365' ]
finished    [] [ '1537', '195' ]
backtracked [ '1538' ] [ '195' ]
finished    [] [ '1538', '460' ]
finished    [] [ '1539', '10' ]
finished    [] [ '1540', '47' ]
backtracked [ '1541' ] [ '167' ]
finished    [] [ '1541', '233' ]
finished    [] [ '1542', '10' ]
backtracked [ '1543' ] [ '167' ]
finished    [] [ '1543', '218' ]
backtracked [ '1544' ] [ '167' ]
finished    [] [ '1544', '181' ]
finished    [] [ '1545', '10' ]
finished    [] [ '1546', '10' ]
finished    [] [ '1547', '10' ]
finished    [] [ '1548', '10' ]
finished    [] [ '1549', '10' ]
finished    [] [ '1550', '10' ]
finished    [] [ '1551', '10' ]
backtracked [ '1552' ] [ '184' ]
finished    [] [ '1552', '1553' ]
backtracked [ '1554' ] [ '10' ]
finished    [] [ '1554', '722' ]
finished    [] [ '1555', '725' ]
finished    [] [ '1556', '10' ]
finished    [] [ '1557', '10' ]
finished    [] [ '1558', '1412' ]
finished    [] [ '1559', '10' ]
backtracked [ '1560' ] [ '405' ]
finished    [] [ '1560', '1412' ]
finished    [] [ '1561', '10' ]
finished    [] [ '1562', '10' ]
backtracked [ '1563' ] [ '402' ]
finished    [] [ '1563', '405' ]
finished    [] [ '1564', '717' ]
backtracked [ '1565' ] [ '405' ]
finished    [] [ '1565', '1412' ]
backtracked [ '1566' ] [ '139' ]
finished    [] [ '1566', '494' ]
finished    [] [ '1567', '10' ]
finished    [] [ '1568', '10' ]
finished    [] [ '1569', '10' ]
backtracked [ '1570' ] [ '1412' ]
finished    [] [ '1570', '1571' ]
backtracked [ '1572' ] [ '402' ]
finished    [] [ '1572', '405' ]
backtracked [ '1573' ] [ '10' ]
finished    [] [ '1573', '1591' ]
finished    [] [ '1574', '10' ]
backtracked [ '1575' ] [ '405' ]
finished    [] [ '1575', '1571' ]
backtracked [ '1576' ] [ '1412' ]
finished    [] [ '1576', '1571' ]
finished    [] [ '1577', '10' ]
finished    [] [ '1578', '10' ]
finished    [] [ '1579', '1566' ]
finished    [] [ '1580', '10' ]
backtracked [ '1581' ] [ '402' ]
backtracked [ '1581' ] [ '1412' ]
finished    [] [ '1581', '1571' ]
backtracked [ '1582' ] [ '402' ]
backtracked [ '1582' ] [ '405' ]
finished    [] [ '1582', '1571' ]
finished    [] [ '1583', '10' ]
backtracked [ '1584' ] [ '10' ]
backtracked [ '1584' ] [ '514' ]
finished    [] [ '1584', '1591' ]
backtracked [ '1586' ] [ '402' ]
finished    [] [ '1586', '1571' ]
backtracked [ '1587' ] [ '405' ]
finished    [] [ '1587', '1412' ]
finished    [] [ '1588', '1373' ]
backtracked [ '1589' ] [ '1298' ]
finished    [] [ '1589', '1373' ]
backtracked [ '1590' ] [ '1298' ]
finished    [] [ '1590', '1373' ]
finished    [] [ '1592', '92' ]
finished    [] [ '1593', '1591' ]
finished    [] [ '1594', '1591' ]
finished    [] [ '1595', '722' ]
finished    [] [ '1596', '1591' ]
finished    [] [ '1597', '1591' ]
finished    [] [ '1598', '514' ]
finished    [] [ '1600', '274' ]
finished    [] [ '1601', '58' ]
backtracked [ '1603' ] [ '10' ]
finished    [] [ '1603', '508' ]
finished    [] [ '1604', '1605' ]
finished    [] [ '1606', '610' ]
finished    [] [ '1607', '1533' ]
backtracked [ '1608' ] [ '270' ]
finished    [] [ '1608', '274' ]
finished    [] [ '1610', '1609' ]
backtracked [ '1612' ] [ '1029' ]
finished    [] [ '1612', '1431' ]
finished    [] [ '1613', '10' ]
backtracked [ '1614' ] [ '893' ]
finished    [] [ '1614', '1615', '893' ]
finished    [] [ '1616', '10' ]
finished    [] [ '1617', '10' ]
backtracked [ '1618' ] [ '653' ]
backtracked [ '1618' ] [ '907' ]
backtracked [ '1618' ] [ '916' ]
finished    [] [ '1618', '1631', '907' ]
finished    [] [ '1619', '96' ]
backtracked [ '1620' ] [ '907' ]
finished    [] [ '1620', '922' ]
finished    [] [ '1621', '927' ]
finished    [] [ '1622', '10' ]
backtracked [ '1624' ] [ '610' ]
finished    [] [ '1624', '1412' ]
finished    [] [ '1625', '10' ]
finished    [] [ '1626', '907' ]
backtracked [ '1628' ] [ '402' ]
finished    [] [ '1628', '1412' ]
backtracked [ '1629' ] [ '405' ]
finished    [] [ '1629', '1571' ]
finished    [] [ '1630', '927' ]
finished    [] [ '1632', '988' ]
finished    [] [ '1633', '915' ]
finished    [] [ '1634', '10' ]
backtracked [ '1636' ] [ '1628' ]
finished    [] [ '1636', '1629' ]
finished    [] [ '1637', '927' ]
finished    [] [ '1638', '10' ]
finished    [] [ '1640', '10' ]
finished    [] [ '1641', '10' ]
finished    [] [ '1642', '927' ]
backtracked [ '1644' ] [ '1628' ]
finished    [] [ '1644', '1629' ]
backtracked [ '1645' ] [ '1628' ]
finished    [] [ '1645', '1636' ]
finished    [] [ '1648', '10' ]
backtracked [ '1649' ] [ '1373' ]
finished    [] [ '1649', '1381' ]
backtracked [ '1650' ] [ '1628' ]
finished    [] [ '1650', '1636' ]
backtracked [ '1651' ] [ '1629' ]
finished    [] [ '1651', '1636' ]
finished    [] [ '1652', '572' ]
finished    [] [ '1653', '856' ]
finished    [] [ '1654', '633' ]
finished    [] [ '1655', '633' ]
finished    [] [ '1656', '633' ]
finished    [] [ '1657', '572' ]
finished    [] [ '1659', '633' ]
finished    [] [ '1660', '633' ]
finished    [] [ '1661', '10' ]
finished    [] [ '1663', '633' ]
finished    [] [ '1664', '572' ]
backtracked [ '1665' ] [ '1629' ]
finished    [] [ '1665', '1636' ]
backtracked [ '1666' ] [ '1628' ]
finished    [] [ '1666', '1636' ]
finished    [] [ '1667', '572' ]
finished    [] [ '1668', '1653' ]
finished    [] [ '1669', '1512' ]
finished    [] [ '1670', '10' ]
finished    [] [ '1671', '10' ]
backtracked [ '1672' ] [ '1628' ]
finished    [] [ '1672', '1636' ]
finished    [] [ '1673', '159' ]
finished    [] [ '1674', '10' ]
finished    [] [ '1675', '159' ]
backtracked [ '1676' ] [ '399' ]
finished    [] [ '1676', '400' ]
backtracked [ '1677' ] [ '1628' ]
finished    [] [ '1677', '1636' ]
backtracked [ '1678' ] [ '1628' ]
finished    [] [ '1678', '1629' ]
finished    [] [ '1679', '19' ]
finished    [] [ '1680', '19' ]
finished    [] [ '1682', '10' ]
finished    [] [ '1683', '10' ]
backtracked [ '1684' ] [ '1628' ]
finished    [] [ '1684', '1636' ]
finished    [] [ '1685', '10' ]
finished    [] [ '1686', '1687' ]
finished    [] [ '1689', '19' ]
finished    [] [ '1690', '423' ]
finished    [] [ '1691', '18' ]
finished    [] [ '1692', '10' ]
finished    [] [ '1693', '19' ]
finished    [] [ '1694', '18' ]
finished    [] [ '1695', '10' ]
finished    [] [ '1696', '10' ]
finished    [] [ '1697', '18' ]
finished    [] [ '1698', '1' ]
finished    [] [ '1699', '47' ]
finished    [] [ '1700', '19' ]
finished    [] [ '1701', '18' ]
Done after 3269 steps
{
  '2': { numFound: 315, totalAmount: 29773.5 },
  '3': { numFound: 11, totalAmount: 474 },
  '4': { numFound: 4, totalAmount: 170 }
}
Graph has 0 nodes and 0 links left
After 3000 transactions with a total amount of 1 million
0 million (8%) was immediately netted bilaterally
And a further 0 million (0%) was netted in 15 loops
Leaving 1 million (92%) to be settled out of band
