Opening __tests__/fixture-30k.csv
30000 primary transfers with value of 11277183.904999997 done, now inviting bilateral netting
bilateral netting done, now inviting probes
backtrack21 (1:0) [ '2' ] [ '0', '5663' ]
backtracked (1:1) [ '2', '1' ] [ '0' ]
backtracked (1:2) [ '2', '1', '3' ] [ '0' ]
found loop (1:3) [] [ '2', '1', '3', '2' ]
found loop (2:0) [] [
  '2',  '1',  '5',
  '26', '11', '4',
  '2'
]
found loop (3:0) [] [
  '2',  '1',
  '5',  '1168',
  '11', '4',
  '2'
]
found loop (4:0) [] [
  '2',  '1',
  '5',  '1168',
  '26', '11',
  '4',  '2'
]
found loop (5:0) [
  '2',   '1',
  '5',   '1168',
  '26',  '984',
  '423', '1699'
] [ '227', '228', '3907', '227' ]
backtracked (5:1) [
  '2',    '1',    '5',
  '1168', '26',   '984',
  '423',  '1699', '227',
  '234'
] [ '228' ]
found loop (5:2) [
  '2',   '1',
  '5',   '1168',
  '26',  '984',
  '423', '1699'
] [ '227', '234', '243', '227' ]
backtracked (5:3) [
  '2',   '1',
  '5',   '1168',
  '26',  '984',
  '423', '1699'
] [ '227', '1131' ]
backtracked (5:4) [
  '2',    '1',    '5',
  '1168', '26',   '984',
  '423',  '1699', '249',
  '400'
] [ '452', '723' ]
backtracked (5:5) [
  '2',    '1',    '5',
  '1168', '26',   '984',
  '423',  '1699', '249',
  '400'
] [ '595' ]
backtracked (5:6) [
  '2',    '1',    '5',
  '1168', '26',   '984',
  '423',  '1699', '249',
  '400'
] [ '1341', '452' ]
backtracked (5:7) [
  '2',    '1',    '5',
  '1168', '26',   '984',
  '423',  '1699', '249',
  '400'
] [ '5514' ]
found loop (5:8) [
  '2',   '1',
  '5',   '1168',
  '26',  '984',
  '423', '1699'
] [ '249', '400', '5877', '249' ]
backtracked (5:9) [
  '2',   '1',
  '5',   '1168',
  '26',  '984',
  '423', '1699',
  '249'
] [ '452' ]
backtracked (5:10) [
  '2',   '1',
  '5',   '1168',
  '26',  '984',
  '423', '1699',
  '249'
] [ '595' ]
backtracked (5:11) [
  '2',    '1',    '5',
  '1168', '26',   '984',
  '423',  '1699', '249',
  '1226', '931',  '13',
  '19'
] [ '131' ]
found loop (5:12) [
  '2',    '1',    '5',
  '1168', '26',   '984',
  '423',  '1699', '249',
  '1226', '931',  '13'
] [ '19', '273', '18', '19' ]
backtracked (5:13) [
  '2',    '1',    '5',
  '1168', '26',   '984',
  '423',  '1699', '249',
  '1226', '931',  '13',
  '19',   '577'
] [ '131' ]
found loop (5:14) [
  '2',    '1',    '5',
  '1168', '26',   '984',
  '423',  '1699', '249',
  '1226', '931'
] [ '13', '19', '577', '479', '13' ]
found loop (5:15) [
  '2',    '1',    '5',
  '1168', '26',   '984',
  '423',  '1699', '249',
  '1226', '931'
] [ '13', '247', '514', '330', '10', '13' ]
found loop (5:16) [
  '2',    '1',    '5',
  '1168', '26',   '984',
  '423',  '1699', '249',
  '1226', '931',  '13'
] [ '287', '512', '479', '287' ]
backtracked (5:17) [
  '2',    '1',    '5',
  '1168', '26',   '984',
  '423',  '1699', '249',
  '1226', '931',  '13',
  '287',  '584'
] [ '131' ]
found loop (5:18) [
  '2',    '1',    '5',
  '1168', '26',   '984',
  '423',  '1699', '249',
  '1226', '931',  '13',
  '287',  '584'
] [ '270', '4449', '274', '270' ]
backtracked (5:19) [
  '2',    '1',    '5',
  '1168', '26',   '984',
  '423',  '1699', '249',
  '1226', '931',  '13',
  '287',  '584'
] [ '270' ]
found loop (5:20) [
  '2',   '1',
  '5',   '1168',
  '26',  '984',
  '423', '1699',
  '249'
] [
  '1226', '931',
  '13',   '287',
  '584',  '479',
  '1226'
]
backtracked (5:21) [
  '2',    '1',    '5',
  '1168', '26',   '984',
  '423',  '1699', '249',
  '1226', '1737', '479',
  '1298'
] [ '131' ]
found loop (5:22) [
  '2',   '1',
  '5',   '1168',
  '26',  '984',
  '423', '1699',
  '249'
] [ '1226', '1737', '479', '1298', '1226' ]
backtracked (5:23) [
  '2',    '1',    '5',
  '1168', '26',   '984',
  '423',  '1699', '249',
  '1226', '1740'
] [ '131' ]
backtracked (5:24) [
  '2',    '1',    '5',
  '1168', '26',   '984',
  '423',  '1699', '249',
  '1226', '1740'
] [ '595' ]
backtracked (5:25) [
  '2',    '1',    '5',
  '1168', '26',   '984',
  '423',  '1699', '249',
  '1226', '1740', '3257',
  '18'
] [ '131' ]
backtracked (5:26) [
  '2',    '1',    '5',
  '1168', '26',   '984',
  '423',  '1699', '249',
  '1226', '1740', '3257',
  '18',   '479',  '1311',
  '287'
] [ '595' ]
found loop (5:27) [
  '2',   '1',
  '5',   '1168',
  '26',  '984',
  '423', '1699',
  '249'
] [
  '1226', '1740',
  '3257', '18',
  '479',  '1311',
  '287',  '1226'
]
found loop (5:28) [
  '2',    '1',    '5',
  '1168', '26',   '984',
  '423',  '1699', '249',
  '1226', '2612', '33',
  '224',  '92'
] [ '188', '184', '38', '188' ]
found loop (5:29) [
  '2',    '1',    '5',
  '1168', '26',   '984',
  '423',  '1699', '249',
  '1226', '2612'
] [
  '33',  '224',
  '92',  '188',
  '986', '34',
  '33'
]
backtracked (5:30) [
  '2',    '1',    '5',
  '1168', '26',   '984',
  '423',  '1699', '249',
  '1226', '2612', '33',
  '445'
] [ '92' ]
found loop (5:31) [
  '2',    '1',    '5',
  '1168', '26',   '984',
  '423',  '1699', '249',
  '1226', '2612', '33',
  '445',  '188',  '1010',
  '184',  '183',  '375'
] [ '21', '2290', '608', '21' ]
backtracked (5:32) [
  '2',    '1',    '5',
  '1168', '26',   '984',
  '423',  '1699', '249',
  '1226', '2612', '33',
  '445',  '188',  '1010',
  '184',  '183',  '375',
  '21'
] [ '6242' ]
backtracked (5:33) [
  '2',    '1',    '5',
  '1168', '26',   '984',
  '423',  '1699', '249',
  '1226', '2612', '33',
  '445',  '188',  '1010',
  '184',  '183',  '375',
  '21'
] [ '6243' ]
backtracked (5:34) [
  '2',    '1',    '5',
  '1168', '26',   '984',
  '423',  '1699', '249',
  '1226', '2612', '33',
  '445',  '188',  '1010',
  '184',  '183',  '375'
] [ '21', '6380' ]
found loop (5:35) [
  '2',    '1',    '5',
  '1168', '26',   '984',
  '423',  '1699', '249',
  '1226', '2612', '33',
  '445'
] [ '188', '1010', '184', '183', '375', '188' ]
found loop (5:36) [
  '2',    '1',    '5',
  '1168', '26',   '984',
  '423',  '1699', '249',
  '1226', '2612', '33',
  '445'
] [ '188', '2586', '184', '224', '188' ]
backtracked (5:37) [
  '2',    '1',    '5',
  '1168', '26',   '984',
  '423',  '1699', '249',
  '1226', '2612', '33',
  '445'
] [ '188' ]
backtracked (5:38) [
  '2',    '1',    '5',
  '1168', '26',   '984',
  '423',  '1699', '249',
  '1226', '2612', '33',
  '445',  '224',  '365'
] [ '420' ]
found loop (5:39) [
  '2',    '1',    '5',
  '1168', '26',   '984',
  '423',  '1699', '249',
  '1226', '2612', '33',
  '445'
] [ '224', '365', '1362', '224' ]
backtracked (5:40) [
  '2',    '1',    '5',
  '1168', '26',   '984',
  '423',  '1699', '249',
  '1226', '2612', '33',
  '445',  '224',  '370',
  '23'
] [ '29', '1022' ]
backtracked (5:41) [
  '2',    '1',    '5',
  '1168', '26',   '984',
  '423',  '1699', '249',
  '1226', '2612', '33',
  '445',  '224',  '370',
  '23',   '437'
] [ '92' ]
backtracked (5:42) [
  '2',    '1',    '5',
  '1168', '26',   '984',
  '423',  '1699', '249',
  '1226', '2612', '33',
  '445',  '224',  '370',
  '23',   '437'
] [ '188' ]
found loop (5:43) [
  '2',    '1',    '5',
  '1168', '26',   '984',
  '423',  '1699', '249',
  '1226', '2612', '33',
  '445'
] [ '224', '370', '23', '437', '375', '224' ]
backtracked (5:44) [
  '2',    '1',    '5',
  '1168', '26',   '984',
  '423',  '1699', '249',
  '1226', '2612', '33',
  '445',  '224',  '388'
] [ '365' ]
backtracked (5:45) [
  '2',    '1',    '5',
  '1168', '26',   '984',
  '423',  '1699', '249',
  '1226', '2612', '33',
  '445',  '224',  '388'
] [ '379', '365' ]
backtracked (5:46) [
  '2',    '1',    '5',
  '1168', '26',   '984',
  '423',  '1699', '249',
  '1226', '2612', '33',
  '445',  '224'
] [ '388', '3891' ]
found loop (5:47) [
  '2',    '1',    '5',
  '1168', '26',   '984',
  '423',  '1699', '249',
  '1226', '2612', '33',
  '445'
] [ '224', '437', '380', '224' ]
backtracked (5:48) [
  '2',    '1',    '5',
  '1168', '26',   '984',
  '423',  '1699', '249',
  '1226', '2612', '33',
  '445',  '224',  '986',
  '437',  '398'
] [ '188' ]
backtracked (5:49) [
  '2',   '1',    '5',    '1168',
  '26',  '984',  '423',  '1699',
  '249', '1226', '2612', '33',
  '445', '224',  '986',  '437',
  '398', '375',  '382',  '385'
] [ '483' ]
backtracked (5:50) [
  '2',    '1',    '5',
  '1168', '26',   '984',
  '423',  '1699', '249',
  '1226', '2612', '33',
  '445',  '224',  '986',
  '437',  '398',  '375',
  '382'
] [ '385', '3484', '483' ]
backtracked (5:51) [
  '2',    '1',    '5',
  '1168', '26',   '984',
  '423',  '1699', '249',
  '1226', '2612', '33',
  '445',  '224',  '986',
  '437',  '398',  '375',
  '382'
] [ '482', '483' ]
backtracked (5:52) [
  '2',    '1',    '5',
  '1168', '26',   '984',
  '423',  '1699', '249',
  '1226', '2612', '33',
  '445',  '224',  '986',
  '437',  '398',  '375',
  '382'
] [ '483' ]
backtracked (5:53) [
  '2',    '1',    '5',
  '1168', '26',   '984',
  '423',  '1699', '249',
  '1226', '2612', '33',
  '445',  '224',  '986',
  '437',  '398',  '375'
] [ '382', '3484' ]
backtracked (5:54) [
  '2',    '1',    '5',
  '1168', '26',   '984',
  '423',  '1699', '249',
  '1226', '2612', '33',
  '445',  '224',  '986',
  '437',  '398',  '375',
  '505'
] [ '188' ]
backtracked (5:55) [
  '2',   '1',    '5',    '1168',
  '26',  '984',  '423',  '1699',
  '249', '1226', '2612', '33',
  '445', '224',  '986',  '437',
  '398', '375',  '505',  '504',
  '183', '487'
] [ '92' ]
found loop (5:56) [
  '2',    '1',    '5',
  '1168', '26',   '984',
  '423',  '1699', '249',
  '1226', '2612', '33',
  '445'
] [
  '224', '986', '437',
  '398', '375', '505',
  '504', '183', '487',
  '224'
]
backtracked (5:57) [
  '2',   '1',    '5',    '1168',
  '26',  '984',  '423',  '1699',
  '249', '1226', '2612', '33',
  '445', '224',  '993',  '10',
  '247', '625',  '118'
] [ '164' ]
backtracked (5:58) [
  '2',   '1',    '5',    '1168',
  '26',  '984',  '423',  '1699',
  '249', '1226', '2612', '33',
  '445', '224',  '993',  '10',
  '247', '625',  '118',  '3886',
  '644'
] [ '133', '164' ]
backtracked (5:59) [
  '2',   '1',    '5',    '1168',
  '26',  '984',  '423',  '1699',
  '249', '1226', '2612', '33',
  '445', '224',  '993',  '10',
  '247', '625',  '118',  '3886',
  '644', '155'
] [ '164' ]
found loop (5:60) [
  '2',   '1',    '5',    '1168',
  '26',  '984',  '423',  '1699',
  '249', '1226', '2612', '33',
  '445', '224',  '993',  '10',
  '247', '625',  '118',  '3886',
  '644', '155',  '5096'
] [ '484', '348', '308', '484' ]
backtracked (5:61) [
  '2',   '1',    '5',    '1168',
  '26',  '984',  '423',  '1699',
  '249', '1226', '2612', '33',
  '445', '224',  '993',  '10',
  '247', '625',  '118',  '3886',
  '644', '155',  '5096', '484'
] [ '485', '1033', '723' ]
backtracked (5:62) [
  '2',   '1',    '5',    '1168',
  '26',  '984',  '423',  '1699',
  '249', '1226', '2612', '33',
  '445', '224',  '993',  '10',
  '247', '625',  '118',  '3886',
  '644', '155',  '5096'
] [ '484', '1033' ]
backtracked (5:63) [
  '2',   '1',    '5',    '1168',
  '26',  '984',  '423',  '1699',
  '249', '1226', '2612', '33',
  '445', '224',  '993',  '10',
  '247', '625',  '118',  '3886',
  '644', '155',  '5096', '2444',
  '106'
] [ '164' ]
found loop (5:64) [
  '2',    '1',    '5',
  '1168', '26',   '984',
  '423',  '1699', '249',
  '1226', '2612', '33',
  '445',  '224',  '993'
] [
  '10',  '247',  '625',
  '118', '3886', '644',
  '155', '5096', '2444',
  '106', '363',  '10'
]
backtracked (5:65) [
  '2',    '1',    '5',
  '1168', '26',   '984',
  '423',  '1699', '249',
  '1226', '2612', '33',
  '445',  '224',  '993',
  '10',   '508'
] [ '155' ]
found loop (5:66) [
  '2',    '1',    '5',
  '1168', '26',   '984',
  '423',  '1699', '249',
  '1226', '2612', '33',
  '445',  '224',  '993'
] [ '10', '508', '514', '534', '10' ]
found loop (5:67) [
  '2',    '1',    '5',
  '1168', '26',   '984',
  '423',  '1699', '249',
  '1226', '2612', '33',
  '445',  '224',  '993'
] [ '10', '514', '585', '10' ]
backtracked (5:68) [
  '2',   '1',    '5',    '1168',
  '26',  '984',  '423',  '1699',
  '249', '1226', '2612', '33',
  '445', '224',  '993',  '10',
  '573', '18',   '564'
] [ '131' ]
backtracked (5:69) [
  '2',   '1',    '5',    '1168',
  '26',  '984',  '423',  '1699',
  '249', '1226', '2612', '33',
  '445', '224',  '993',  '10',
  '573', '18',   '564'
] [ '584' ]
found loop (5:70) [
  '2',   '1',
  '5',   '1168',
  '26',  '984',
  '423', '1699',
  '249'
] [
  '1226', '2612', '33',
  '445',  '224',  '993',
  '10',   '573',  '18',
  '564',  '1226'
]
backtracked (5:71) [
  '2',   '1',
  '5',   '1168',
  '26',  '984',
  '423', '1699',
  '249'
] [ '1226', '4494' ]
backtracked (5:72) [
  '2',    '1',    '5',
  '1168', '26',   '984',
  '423',  '1699', '249',
  '1298', '5755', '76',
  '33'
] [ '723' ]
backtracked (5:73) [
  '2',    '1',    '5',
  '1168', '26',   '984',
  '423',  '1699', '249',
  '1298', '5755', '76',
  '33',   '3901', '224',
  '999'
] [ '491' ]
found loop (5:74) [
  '2',    '1',    '5',
  '1168', '26',   '984',
  '423',  '1699', '249',
  '1298', '5755', '76',
  '33',   '3901'
] [ '224', '999', '1086', '224' ]
backtracked (5:75) [
  '2',    '1',    '5',
  '1168', '26',   '984',
  '423',  '1699', '249',
  '1298', '5755', '76',
  '33',   '3901', '224'
] [ '1051', '92' ]
backtracked (5:76) [
  '2',    '1',    '5',
  '1168', '26',   '984',
  '423',  '1699', '249',
  '1298', '5755', '76',
  '33',   '3901', '224',
  '1646'
] [ '92' ]
backtracked (5:77) [
  '2',   '1',    '5',    '1168',
  '26',  '984',  '423',  '1699',
  '249', '1298', '5755', '76',
  '33',  '3901', '224',  '1646',
  '437', '456',  '183',  '2586'
] [ '188' ]
backtracked (5:78) [
  '2',   '1',    '5',    '1168',
  '26',  '984',  '423',  '1699',
  '249', '1298', '5755', '76',
  '33',  '3901', '224',  '1646',
  '437', '456',  '183',  '2586',
  '375', '681'
] [ '21' ]
backtracked (5:79) [
  '2',   '1',    '5',    '1168',
  '26',  '984',  '423',  '1699',
  '249', '1298', '5755', '76',
  '33',  '3901', '224',  '1646',
  '437', '456',  '183',  '2586',
  '375', '681'
] [ '188' ]
backtracked (5:80) [
  '2',   '1',    '5',    '1168',
  '26',  '984',  '423',  '1699',
  '249', '1298', '5755', '76',
  '33',  '3901', '224',  '1646',
  '437', '456',  '183',  '2586',
  '375', '681'
] [ '382' ]
backtracked (5:81) [
  '2',   '1',    '5',    '1168',
  '26',  '984',  '423',  '1699',
  '249', '1298', '5755', '76',
  '33',  '3901', '224',  '1646',
  '437', '456',  '183',  '2586',
  '375', '681'
] [ '608' ]
backtracked (5:82) [
  '2',   '1',    '5',    '1168',
  '26',  '984',  '423',  '1699',
  '249', '1298', '5755', '76',
  '33',  '3901', '224',  '1646',
  '437', '456',  '183',  '2586',
  '375', '681',  '696'
] [ '21' ]
backtracked (5:83) [
  '2',   '1',    '5',    '1168',
  '26',  '984',  '423',  '1699',
  '249', '1298', '5755', '76',
  '33',  '3901', '224',  '1646',
  '437', '456',  '183',  '2586',
  '375', '681'
] [ '696', '608' ]
backtracked (5:84) [
  '2',   '1',    '5',    '1168',
  '26',  '984',  '423',  '1699',
  '249', '1298', '5755', '76',
  '33',  '3901', '224',  '1646',
  '437', '456',  '183',  '2586',
  '375'
] [ '681', '1585', '21' ]
backtracked (5:85) [
  '2',   '1',    '5',    '1168',
  '26',  '984',  '423',  '1699',
  '249', '1298', '5755', '76',
  '33',  '3901', '224',  '1646',
  '437', '456',  '183',  '2586',
  '375', '885'
] [ '877' ]
backtracked (5:86) [
  '2',   '1',    '5',    '1168',
  '26',  '984',  '423',  '1699',
  '249', '1298', '5755', '76',
  '33',  '3901', '224',  '1646',
  '437', '456',  '183',  '2586',
  '375'
] [ '885', '879', '877' ]
found loop (5:87) [
  '2',    '1',    '5',
  '1168', '26',   '984',
  '423',  '1699', '249',
  '1298', '5755', '76',
  '33',   '3901'
] [
  '224', '1646', '437',
  '456', '183',  '2586',
  '375', '993',  '380',
  '667', '224'
]
backtracked (5:88) [
  '2',    '1',    '5',    '1168',
  '26',   '984',  '423',  '1699',
  '249',  '1298', '5755', '76',
  '33',   '3901', '224',  '2188',
  '2189', '1064', '437',  '457'
] [ '183' ]
found loop (5:89) [
  '2',    '1',    '5',
  '1168', '26',   '984',
  '423',  '1699', '249',
  '1298', '5755', '76',
  '33',   '3901', '224',
  '2188', '2189', '1064'
] [ '437', '457', '184', '437' ]
backtracked (5:90) [
  '2',    '1',    '5',    '1168',
  '26',   '984',  '423',  '1699',
  '249',  '1298', '5755', '76',
  '33',   '3901', '224',  '2188',
  '2189', '1064', '437',  '458'
] [ '183' ]
backtracked (5:91) [
  '2',    '1',    '5',    '1168',
  '26',   '984',  '423',  '1699',
  '249',  '1298', '5755', '76',
  '33',   '3901', '224',  '2188',
  '2189', '1064', '437',  '458'
] [ '184', '6276', '188' ]
backtracked (5:92) [
  '2',    '1',    '5',    '1168',
  '26',   '984',  '423',  '1699',
  '249',  '1298', '5755', '76',
  '33',   '3901', '224',  '2188',
  '2189', '1064', '437',  '458'
] [ '188' ]
backtracked (5:93) [
  '2',    '1',    '5',    '1168',
  '26',   '984',  '423',  '1699',
  '249',  '1298', '5755', '76',
  '33',   '3901', '224',  '2188',
  '2189', '1064', '437',  '458',
  '375'
] [ '5703' ]
backtracked (5:94) [
  '2',    '1',    '5',    '1168',
  '26',   '984',  '423',  '1699',
  '249',  '1298', '5755', '76',
  '33',   '3901', '224',  '2188',
  '2189', '1064', '437',  '458'
] [ '375', '6242' ]
backtracked (5:95) [
  '2',    '1',    '5',    '1168',
  '26',   '984',  '423',  '1699',
  '249',  '1298', '5755', '76',
  '33',   '3901', '224',  '2188',
  '2189', '1064', '437',  '458',
  '459'
] [ '92' ]
found loop (5:96) [
  '2',    '1',    '5',
  '1168', '26',   '984',
  '423',  '1699', '249',
  '1298', '5755', '76',
  '33',   '3901'
] [
  '224',  '2188',
  '2189', '1064',
  '437',  '458',
  '459',  '224'
]
found loop (5:97) [
  '2',    '1',    '5',
  '1168', '26',   '984',
  '423',  '1699', '249',
  '1298', '5755'
] [
  '76',   '33',
  '3901', '224',
  '2501', '84',
  '76'
]
backtracked (5:98) [
  '2',    '1',    '5',
  '1168', '26',   '984',
  '423',  '1699', '249',
  '1298', '5755', '76'
] [ '189' ]
found loop (5:99) [
  '2',    '1',    '5',
  '1168', '26',   '984',
  '423',  '1699', '249',
  '1298', '5755', '76',
  '205'
] [ '10', '660', '508', '1591', '159', '10' ]
backtracked (5:100) [
  '2',    '1',    '5',
  '1168', '26',   '984',
  '423',  '1699', '249',
  '1298', '5755', '76',
  '205',  '10',   '685',
  '514'
] [ '723' ]
found loop (5:101) [
  '2',    '1',    '5',
  '1168', '26',   '984',
  '423',  '1699', '249',
  '1298', '5755', '76',
  '205'
] [ '10', '685', '514', '896', '10' ]
backtracked (5:102) [
  '2',    '1',    '5',
  '1168', '26',   '984',
  '423',  '1699', '249',
  '1298', '5755', '76',
  '205',  '10',   '692',
  '13',   '577'
] [ '1226' ]
backtracked (5:103) [
  '2',    '1',    '5',
  '1168', '26',   '984',
  '423',  '1699', '249',
  '1298', '5755', '76',
  '205',  '10',   '692',
  '13'
] [ '577', '1385', '131' ]
backtracked (5:104) [
  '2',    '1',    '5',
  '1168', '26',   '984',
  '423',  '1699', '249',
  '1298', '5755', '76',
  '205',  '10',   '692',
  '13'
] [ '595' ]
backtracked (5:105) [
  '2',    '1',    '5',
  '1168', '26',   '984',
  '423',  '1699', '249',
  '1298', '5755', '76',
  '205',  '10',   '692',
  '13',   '598'
] [ '595' ]
backtracked (5:106) [
  '2',    '1',    '5',
  '1168', '26',   '984',
  '423',  '1699', '249',
  '1298', '5755', '76',
  '205',  '10',   '692',
  '13',   '598'
] [ '604', '595' ]
backtracked (5:107) [
  '2',    '1',    '5',
  '1168', '26',   '984',
  '423',  '1699', '249',
  '1298', '5755', '76',
  '205',  '10',   '692',
  '13',   '598',  '1448'
] [ '595' ]
backtracked (5:108) [
  '2',    '1',    '5',
  '1168', '26',   '984',
  '423',  '1699', '249',
  '1298', '5755', '76',
  '205',  '10',   '692',
  '13',   '598',  '1448'
] [ '723' ]
backtracked (5:109) [
  '2',    '1',    '5',
  '1168', '26',   '984',
  '423',  '1699', '249',
  '1298', '5755', '76',
  '205',  '10',   '692',
  '13',   '598',  '1448',
  '5606'
] [ '597', '595' ]
backtracked (5:110) [
  '2',   '1',    '5',    '1168',
  '26',  '984',  '423',  '1699',
  '249', '1298', '5755', '76',
  '205', '10',   '692',  '13',
  '598', '1448', '5606', '3796'
] [ '595' ]
found loop (5:111) [
  '2',    '1',    '5',
  '1168', '26',   '984',
  '423',  '1699', '249',
  '1298', '5755', '76',
  '205',  '10',   '692',
  '13',   '598'
] [ '1448', '5606', '3796', '1448' ]
backtracked (5:112) [
  '2',    '1',    '5',
  '1168', '26',   '984',
  '423',  '1699', '249',
  '1298', '5755', '76',
  '205',  '10',   '692',
  '13',   '598'
] [ '1448' ]
backtracked (5:113) [
  '2',    '1',    '5',
  '1168', '26',   '984',
  '423',  '1699', '249',
  '1298', '5755', '76',
  '205',  '10',   '692',
  '13'
] [ '598', '1453', '595' ]
backtracked (5:114) [
  '2',    '1',    '5',
  '1168', '26',   '984',
  '423',  '1699', '249',
  '1298', '5755', '76',
  '205',  '10',   '692',
  '13',   '838',  '19'
] [ '1226' ]
backtracked (5:115) [
  '2',   '1',    '5',    '1168',
  '26',  '984',  '423',  '1699',
  '249', '1298', '5755', '76',
  '205', '10',   '692',  '13',
  '838', '19',   '1311'
] [ '595' ]
backtracked (5:116) [
  '2',   '1',    '5',    '1168',
  '26',  '984',  '423',  '1699',
  '249', '1298', '5755', '76',
  '205', '10',   '692',  '13',
  '838', '19',   '1311', '1157'
] [ '1004', '584' ]
backtracked (5:117) [
  '2',   '1',    '5',    '1168',
  '26',  '984',  '423',  '1699',
  '249', '1298', '5755', '76',
  '205', '10',   '692',  '13',
  '838', '19',   '1311'
] [ '1157', '1226' ]
backtracked (5:118) [
  '2',   '1',    '5',    '1168',
  '26',  '984',  '423',  '1699',
  '249', '1298', '5755', '76',
  '205', '10',   '692',  '13',
  '838', '19',   '1311'
] [ '1226' ]
backtracked (5:119) [
  '2',   '1',    '5',    '1168',
  '26',  '984',  '423',  '1699',
  '249', '1298', '5755', '76',
  '205', '10',   '692',  '13',
  '838', '19',   '1311', '2655',
  '479'
] [ '4494' ]
backtracked (5:120) [
  '2',   '1',    '5',    '1168',
  '26',  '984',  '423',  '1699',
  '249', '1298', '5755', '76',
  '205', '10',   '692',  '13',
  '838', '19',   '1311', '2655'
] [ '479', '5509' ]
backtracked (5:121) [
  '2',   '1',    '5',    '1168',
  '26',  '984',  '423',  '1699',
  '249', '1298', '5755', '76',
  '205', '10',   '692',  '13',
  '838', '19',   '1311', '2655'
] [ '1226' ]
backtracked (5:122) [
  '2',    '1',    '5',    '1168',
  '26',   '984',  '423',  '1699',
  '249',  '1298', '5755', '76',
  '205',  '10',   '692',  '13',
  '838',  '19',   '1311', '2655',
  '1373'
] [ '131' ]
backtracked (5:123) [
  '2',   '1',    '5',    '1168',
  '26',  '984',  '423',  '1699',
  '249', '1298', '5755', '76',
  '205', '10',   '692',  '13',
  '838', '19',   '1311'
] [ '2655', '1373', '1226' ]
backtracked (5:124) [
  '2',   '1',    '5',    '1168',
  '26',  '984',  '423',  '1699',
  '249', '1298', '5755', '76',
  '205', '10',   '692',  '13',
  '838', '19',   '1311', '3839'
] [ '33', '5104' ]
backtracked (5:125) [
  '2',   '1',    '5',    '1168',
  '26',  '984',  '423',  '1699',
  '249', '1298', '5755', '76',
  '205', '10',   '692',  '13',
  '838', '19',   '1311', '3839'
] [ '479' ]
backtracked (5:126) [
  '2',   '1',    '5',    '1168',
  '26',  '984',  '423',  '1699',
  '249', '1298', '5755', '76',
  '205', '10',   '692',  '13',
  '838', '19',   '1311', '3839',
  '707'
] [ '712' ]
backtracked (5:127) [
  '2',    '1',    '5',
  '1168', '26',   '984',
  '423',  '1699', '249',
  '1298', '5755', '76',
  '205',  '10',   '692',
  '13',   '838',  '19'
] [ '1311', '3839', '707', '4558' ]
backtracked (5:128) [
  '2',    '1',    '5',
  '1168', '26',   '984',
  '423',  '1699', '249',
  '1298', '5755', '76',
  '205',  '10',   '692',
  '13',   '838',  '19'
] [ '1385' ]
backtracked (5:129) [
  '2',   '1',    '5',    '1168',
  '26',  '984',  '423',  '1699',
  '249', '1298', '5755', '76',
  '205', '10',   '692',  '13',
  '838', '19',   '1458', '18'
] [ '577' ]
backtracked (5:130) [
  '2',   '1',    '5',    '1168',
  '26',  '984',  '423',  '1699',
  '249', '1298', '5755', '76',
  '205', '10',   '692',  '13',
  '838', '19',   '1458', '18'
] [ '1226' ]
backtracked (5:131) [
  '2',   '1',    '5',    '1168',
  '26',  '984',  '423',  '1699',
  '249', '1298', '5755', '76',
  '205', '10',   '692',  '13',
  '838', '19',   '1458', '18'
] [ '1311' ]
backtracked (5:132) [
  '2',   '1',    '5',    '1168',
  '26',  '984',  '423',  '1699',
  '249', '1298', '5755', '76',
  '205', '10',   '692',  '13',
  '838', '19',   '1458', '18'
] [ '1421', '131' ]
backtracked (5:133) [
  '2',    '1',    '5',    '1168',
  '26',   '984',  '423',  '1699',
  '249',  '1298', '5755', '76',
  '205',  '10',   '692',  '13',
  '838',  '19',   '1458', '18',
  '1427'
] [ '131' ]
backtracked (5:134) [
  '2',    '1',    '5',    '1168',
  '26',   '984',  '423',  '1699',
  '249',  '1298', '5755', '76',
  '205',  '10',   '692',  '13',
  '838',  '19',   '1458', '18',
  '1427'
] [ '1421' ]
backtracked (5:135) [
  '2',   '1',    '5',    '1168',
  '26',  '984',  '423',  '1699',
  '249', '1298', '5755', '76',
  '205', '10',   '692',  '13',
  '838', '19',   '1458', '18'
] [ '1427', '1439', '131' ]
backtracked (5:136) [
  '2',   '1',    '5',    '1168',
  '26',  '984',  '423',  '1699',
  '249', '1298', '5755', '76',
  '205', '10',   '692',  '13',
  '838', '19',   '1458', '18'
] [ '1439' ]
backtracked (5:137) [
  '2',   '1',    '5',    '1168',
  '26',  '984',  '423',  '1699',
  '249', '1298', '5755', '76',
  '205', '10',   '692',  '13',
  '838', '19',   '1458', '18'
] [ '1441', '131' ]
backtracked (5:138) [
  '2',   '1',    '5',    '1168',
  '26',  '984',  '423',  '1699',
  '249', '1298', '5755', '76',
  '205', '10',   '692',  '13',
  '838', '19',   '1458', '18'
] [ '2294', '595' ]
backtracked (5:139) [
  '2',    '1',    '5',    '1168',
  '26',   '984',  '423',  '1699',
  '249',  '1298', '5755', '76',
  '205',  '10',   '692',  '13',
  '838',  '19',   '1458', '18',
  '2466'
] [ '131' ]
found loop (5:140) [
  '2',    '1',    '5',
  '1168', '26',   '984',
  '423',  '1699', '249',
  '1298', '5755', '76',
  '205',  '10',   '692',
  '13',   '838'
] [ '19', '1458', '18', '2466', '2799', '19' ]
backtracked (5:141) [
  '2',    '1',    '5',
  '1168', '26',   '984',
  '423',  '1699', '249',
  '1298', '5755', '76',
  '205',  '10',   '692',
  '13',   '838'
] [ '19' ]
backtracked (5:142) [
  '2',    '1',    '5',
  '1168', '26',   '984',
  '423',  '1699', '249',
  '1298', '5755', '76',
  '205',  '10',   '692',
  '13'
] [ '838', '131' ]
backtracked (5:143) [
  '2',    '1',    '5',
  '1168', '26',   '984',
  '423',  '1699', '249',
  '1298', '5755', '76',
  '205',  '10',   '692',
  '13'
] [ '1226' ]
backtracked (5:144) [
  '2',    '1',    '5',
  '1168', '26',   '984',
  '423',  '1699', '249',
  '1298', '5755', '76',
  '205',  '10',   '692',
  '13'
] [ '1311' ]
backtracked (5:145) [
  '2',    '1',    '5',
  '1168', '26',   '984',
  '423',  '1699', '249',
  '1298', '5755', '76',
  '205',  '10',   '692',
  '13'
] [ '1373' ]
backtracked (5:146) [
  '2',    '1',    '5',
  '1168', '26',   '984',
  '423',  '1699', '249',
  '1298', '5755', '76',
  '205',  '10',   '692',
  '13'
] [ '1427' ]
found loop (5:147) [
  '2',    '1',    '5',
  '1168', '26',   '984',
  '423',  '1699', '249',
  '1298', '5755', '76'
] [ '205', '10', '692', '13', '1591', '205' ]
backtracked (5:148) [
  '2',    '1',    '5',
  '1168', '26',   '984',
  '423',  '1699', '249',
  '1298', '5755', '76',
  '205'
] [ '155' ]
backtracked (5:149) [
  '2',    '1',    '5',
  '1168', '26',   '984',
  '423',  '1699', '249',
  '1298', '5755', '76',
  '205',  '215',  '10',
  '722',  '159'
] [ '155' ]
found loop (5:150) [
  '2',    '1',    '5',
  '1168', '26',   '984',
  '423',  '1699', '249',
  '1298', '5755', '76'
] [ '205', '215', '10', '722', '159', '205' ]
found loop (5:151) [
  '2',    '1',    '5',
  '1168', '26',   '984',
  '423',  '1699', '249',
  '1298', '5755', '76',
  '205'
] [
  '247', '685',
  '678', '10',
  '817', '215',
  '247'
]
found loop (5:152) [
  '2',    '1',    '5',
  '1168', '26',   '984',
  '423',  '1699', '249',
  '1298', '5755', '76',
  '205',  '247',  '722',
  '290',  '514',  '1057'
] [ '10', '844', '96', '80', '88', '10' ]
found loop (5:153) [
  '2',    '1',    '5',
  '1168', '26',   '984',
  '423',  '1699', '249',
  '1298', '5755', '76',
  '205',  '247',  '722',
  '290'
] [ '514', '1057', '10', '1097', '514' ]
found loop (5:154) [
  '2',    '1',    '5',
  '1168', '26',   '984',
  '423',  '1699', '249',
  '1298', '5755', '76',
  '205'
] [
  '247',  '722',
  '290',  '514',
  '1116', '363',
  '158',  '159',
  '247'
]
found loop (5:155) [
  '2',    '1',    '5',
  '1168', '26',   '984',
  '423',  '1699', '249',
  '1298', '5755', '76',
  '205'
] [
  '247', '817',
  '514', '1364',
  '10',  '1116',
  '585', '215',
  '363', '247'
]
found loop (5:156) [
  '2',    '1',    '5',
  '1168', '26',   '984',
  '423',  '1699', '249',
  '1298', '5755', '76',
  '205',  '247',  '1591',
  '290',  '3485'
] [ '514', '1603', '10', '1569', '363', '514' ]
found loop (5:157) [
  '2',    '1',    '5',
  '1168', '26',   '984',
  '423',  '1699', '249',
  '1298', '5755', '76',
  '205',  '247'
] [
  '1591', '290',
  '3485', '514',
  '1641', '10',
  '1591'
]
backtracked (5:158) [
  '2',    '1',    '5',
  '1168', '26',   '984',
  '423',  '1699', '249',
  '1298', '5755', '76',
  '205',  '247',  '1591',
  '513',  '10',   '1687',
  '127'
] [ '164' ]
backtracked (5:159) [
  '2',    '1',    '5',
  '1168', '26',   '984',
  '423',  '1699', '249',
  '1298', '5755', '76',
  '205',  '247',  '1591',
  '513',  '10',   '1687'
] [ '127', '2742', '164' ]
found loop (5:160) [
  '2',    '1',    '5',
  '1168', '26',   '984',
  '423',  '1699', '249',
  '1298', '5755', '76',
  '205',  '247',  '1591',
  '513'
] [
  '10',   '1687',
  '363',  '660',
  '514',  '1776',
  '1777', '107',
  '10'
]
found loop (5:161) [
  '2',    '1',    '5',
  '1168', '26',   '984',
  '423',  '1699', '249',
  '1298', '5755', '76',
  '205',  '247',  '1591',
  '513',  '10'
] [ '1777', '215', '508', '1777' ]
found loop (5:162) [
  '2',    '1',    '5',
  '1168', '26',   '984',
  '423',  '1699', '249',
  '1298', '5755', '76',
  '205',  '247',  '1591',
  '513'
] [ '10', '1777', '330', '722', '350', '10' ]
found loop (5:163) [
  '2',    '1',    '5',
  '1168', '26',   '984',
  '423',  '1699', '249',
  '1298', '5755', '76',
  '205'
] [ '247', '1591', '513', '10', '2010', '247' ]
found loop (5:164) [
  '2',    '1',    '5',
  '1168', '26',   '984',
  '423',  '1699', '249',
  '1298', '5755', '76',
  '205'
] [ '247', '3240', '10', '2070', '247' ]
found loop (5:165) [
  '2',    '1',    '5',
  '1168', '26',   '984',
  '423',  '1699', '249',
  '1298', '5755', '76',
  '205',  '247'
] [ '3485', '1777', '363', '722', '508', '3485' ]
found loop (5:166) [
  '2',    '1',    '5',
  '1168', '26',   '984',
  '423',  '1699', '249',
  '1298', '5755', '76',
  '205'
] [
  '247',  '3485', '5491',
  '4797', '215',  '514',
  '1879', '10',   '3200',
  '722',  '513',  '247'
]
backtracked (5:167) [
  '2',    '1',    '5',
  '1168', '26',   '984',
  '423',  '1699', '249',
  '1298', '5755', '76',
  '205',  '247',  '4404',
  '10'
] [ '3485' ]
found loop (5:168) [
  '2',    '1',    '5',
  '1168', '26',   '984',
  '423',  '1699', '249',
  '1298', '5755', '76',
  '205',  '247'
] [
  '4404', '10',
  '3618', '722',
  '514',  '2010',
  '508',  '4404'
]
found loop (5:169) [
  '2',    '1',    '5',
  '1168', '26',   '984',
  '423',  '1699', '249',
  '1298', '5755', '76',
  '205'
] [ '247', '4404', '660', '722', '534', '247' ]
found loop (5:170) [
  '2',    '1',    '5',
  '1168', '26',   '984',
  '423',  '1699', '249',
  '1298', '5755', '76',
  '205',  '247',  '4797',
  '722',  '572'
] [ '10', '3896', '3112', '10' ]
found loop (5:171) [
  '2',    '1',    '5',
  '1168', '26',   '984',
  '423',  '1699', '249',
  '1298', '5755', '76',
  '205',  '247'
] [
  '4797', '722',
  '572',  '10',
  '3899', '508',
  '4797'
]
found loop (5:172) [
  '2',    '1',    '5',
  '1168', '26',   '984',
  '423',  '1699', '249',
  '1298', '5755', '76',
  '205',  '247',  '4797'
] [
  '1591', '534',
  '643',  '10',
  '4404', '1777',
  '513',  '363',
  '1591'
]
backtracked (5:173) [
  '2',    '1',    '5',    '1168',
  '26',   '984',  '423',  '1699',
  '249',  '1298', '5755', '76',
  '205',  '247',  '4797', '1591',
  '643',  '514',  '2230', '10',
  '4788'
] [ '508' ]
backtracked (5:174) [
  '2',    '1',    '5',    '1168',
  '26',   '984',  '423',  '1699',
  '249',  '1298', '5755', '76',
  '205',  '247',  '4797', '1591',
  '643',  '514',  '2230', '10',
  '4788'
] [ '3485' ]
found loop (5:175) [
  '2',    '1',    '5',
  '1168', '26',   '984',
  '423',  '1699', '249',
  '1298', '5755', '76',
  '205',  '247',  '4797',
  '1591', '643',  '514',
  '2230'
] [ '10', '4788', '4142', '10' ]
found loop (5:176) [
  '2',    '1',    '5',
  '1168', '26',   '984',
  '423',  '1699', '249',
  '1298', '5755', '76',
  '205',  '247'
] [
  '4797', '1591',
  '643',  '514',
  '2230', '10',
  '4797'
]
backtracked (5:177) [
  '2',   '1',    '5',    '1168',
  '26',  '984',  '423',  '1699',
  '249', '1298', '5755', '76',
  '205', '247',  '4797', '1777',
  '660', '1591', '722',  '678',
  '514', '2280'
] [ '10', '5321' ]
backtracked (5:178) [
  '2',   '1',    '5',    '1168',
  '26',  '984',  '423',  '1699',
  '249', '1298', '5755', '76',
  '205', '247',  '4797', '1777',
  '660', '1591', '722',  '678',
  '514', '2280', '643',  '702',
  '87',  '88',   '96'
] [ '127' ]
backtracked (5:179) [
  '2',   '1',    '5',    '1168',
  '26',  '984',  '423',  '1699',
  '249', '1298', '5755', '76',
  '205', '247',  '4797', '1777',
  '660', '1591', '722',  '678',
  '514', '2280', '643',  '702',
  '87',  '88',   '96'
] [ '155' ]
backtracked (5:180) [
  '2',   '1',    '5',    '1168',
  '26',  '984',  '423',  '1699',
  '249', '1298', '5755', '76',
  '205', '247',  '4797', '1777',
  '660', '1591', '722',  '678',
  '514', '2280', '643',  '702',
  '87',  '88',   '96'
] [ '164' ]
backtracked (5:181) [
  '2',   '1',    '5',    '1168',
  '26',  '984',  '423',  '1699',
  '249', '1298', '5755', '76',
  '205', '247',  '4797', '1777',
  '660', '1591', '722',  '678',
  '514', '2280', '643',  '702',
  '87',  '88',   '96',   '192'
] [ '133' ]
backtracked (5:182) [
  '2',   '1',    '5',    '1168',
  '26',  '984',  '423',  '1699',
  '249', '1298', '5755', '76',
  '205', '247',  '4797', '1777',
  '660', '1591', '722',  '678',
  '514', '2280', '643',  '702',
  '87',  '88',   '96',   '192'
] [ '164' ]
found loop (5:183) [
  '2',    '1',    '5',
  '1168', '26',   '984',
  '423',  '1699', '249',
  '1298', '5755', '76',
  '205',  '247',  '4797',
  '1777', '660'
] [
  '1591', '722',  '678',
  '514',  '2280', '643',
  '702',  '87',   '88',
  '96',   '192',  '215',
  '685',  '1591'
]
backtracked (5:184) [
  '2',    '1',    '5',
  '1168', '26',   '984',
  '423',  '1699', '249',
  '1298', '5755', '76',
  '205',  '247',  '4797',
  '1777', '660',  '1591'
] [ '723' ]
backtracked (5:185) [
  '2',    '1',    '5',
  '1168', '26',   '984',
  '423',  '1699', '249',
  '1298', '5755', '76',
  '205',  '247',  '4797',
  '1777', '660',  '1591',
  '896'
] [ '155' ]
backtracked (5:186) [
  '2',    '1',    '5',    '1168',
  '26',   '984',  '423',  '1699',
  '249',  '1298', '5755', '76',
  '205',  '247',  '4797', '1777',
  '660',  '1591', '896',  '192',
  '1923'
] [ '127' ]
backtracked (5:187) [
  '2',    '1',    '5',    '1168',
  '26',   '984',  '423',  '1699',
  '249',  '1298', '5755', '76',
  '205',  '247',  '4797', '1777',
  '660',  '1591', '896',  '192',
  '1923', '736'
] [ '164' ]
backtracked (5:188) [
  '2',    '1',    '5',    '1168',
  '26',   '984',  '423',  '1699',
  '249',  '1298', '5755', '76',
  '205',  '247',  '4797', '1777',
  '660',  '1591', '896',  '192',
  '1923', '736',  '737'
] [ '10' ]
found loop (5:189) [
  '2',    '1',    '5',
  '1168', '26',   '984',
  '423',  '1699', '249',
  '1298', '5755', '76',
  '205',  '247',  '4797',
  '1777', '660'
] [
  '1591', '896',
  '192',  '1923',
  '736',  '737',
  '363',  '2010',
  '1591'
]
backtracked (5:190) [
  '2',   '1',    '5',    '1168',
  '26',  '984',  '423',  '1699',
  '249', '1298', '5755', '76',
  '205', '247',  '4797', '1777',
  '660', '1591', '1019', '585',
  '363'
] [ '3478' ]
found loop (5:191) [
  '2',    '1',    '5',
  '1168', '26',   '984',
  '423',  '1699', '249',
  '1298', '5755', '76',
  '205',  '247'
] [
  '4797', '1777',
  '660',  '1591',
  '1019', '585',
  '363',  '4797'
]
backtracked (5:192) [
  '2',    '1',    '5',
  '1168', '26',   '984',
  '423',  '1699', '249',
  '1298', '5755', '76',
  '205',  '247',  '4797',
  '3433', '660',  '1595',
  '722'
] [ '685', '3485' ]
backtracked (5:193) [
  '2',   '1',    '5',    '1168',
  '26',  '984',  '423',  '1699',
  '249', '1298', '5755', '76',
  '205', '247',  '4797', '3433',
  '660', '1595', '722',  '692',
  '88'
] [ '164' ]
backtracked (5:194) [
  '2',   '1',    '5',    '1168',
  '26',  '984',  '423',  '1699',
  '249', '1298', '5755', '76',
  '205', '247',  '4797', '3433',
  '660', '1595', '722',  '692',
  '88',  '514',  '2698'
] [ '10' ]
backtracked (5:195) [
  '2',   '1',    '5',    '1168',
  '26',  '984',  '423',  '1699',
  '249', '1298', '5755', '76',
  '205', '247',  '4797', '3433',
  '660', '1595', '722',  '692',
  '88',  '514',  '2698'
] [ '363', '5036' ]
found loop (5:196) [
  '2',    '1',    '5',
  '1168', '26',   '984',
  '423',  '1699', '249',
  '1298', '5755', '76',
  '205',  '247',  '4797',
  '3433', '660',  '1595'
] [ '722', '692', '88', '514', '2698', '722' ]
backtracked (5:197) [
  '2',    '1',    '5',
  '1168', '26',   '984',
  '423',  '1699', '249',
  '1298', '5755', '76',
  '205',  '247',  '4797',
  '3433', '660',  '1595',
  '722'
] [ '723' ]
backtracked (5:198) [
  '2',    '1',    '5',
  '1168', '26',   '984',
  '423',  '1699', '249',
  '1298', '5755', '76',
  '205',  '247',  '4797',
  '3433', '660',  '1595',
  '722'
] [ '817', '6674', '10' ]
backtracked (5:199) [
  '2',   '1',    '5',    '1168',
  '26',  '984',  '423',  '1699',
  '249', '1298', '5755', '76',
  '205', '247',  '4797', '3433',
  '660', '1595', '722',  '896',
  '350'
] [ '155' ]
backtracked (5:200) [
  '2',   '1',    '5',    '1168',
  '26',  '984',  '423',  '1699',
  '249', '1298', '5755', '76',
  '205', '247',  '4797', '3433',
  '660', '1595', '722',  '896',
  '350'
] [ '192' ]
backtracked (5:201) [
  '2',   '1',    '5',    '1168',
  '26',  '984',  '423',  '1699',
  '249', '1298', '5755', '76',
  '205', '247',  '4797', '3433',
  '660', '1595', '722',  '896',
  '350', '215',  '702'
] [ '155' ]
backtracked (5:202) [
  '2',   '1',    '5',    '1168',
  '26',  '984',  '423',  '1699',
  '249', '1298', '5755', '76',
  '205', '247',  '4797', '3433',
  '660', '1595', '722',  '896',
  '350', '215',  '702'
] [ '164' ]
backtracked (5:203) [
  '2',   '1',    '5',    '1168',
  '26',  '984',  '423',  '1699',
  '249', '1298', '5755', '76',
  '205', '247',  '4797', '3433',
  '660', '1595', '722',  '896',
  '350', '215',  '702',  '644'
] [ '164' ]
backtracked (5:204) [
  '2',    '1',    '5',    '1168',
  '26',   '984',  '423',  '1699',
  '249',  '1298', '5755', '76',
  '205',  '247',  '4797', '3433',
  '660',  '1595', '722',  '896',
  '350',  '215',  '702',  '644',
  '2000'
] [ '155' ]
backtracked (5:205) [
  '2',    '1',    '5',    '1168',
  '26',   '984',  '423',  '1699',
  '249',  '1298', '5755', '76',
  '205',  '247',  '4797', '3433',
  '660',  '1595', '722',  '896',
  '350',  '215',  '702',  '644',
  '2000'
] [ '164' ]
backtracked (5:206) [
  '2',   '1',    '5',    '1168',
  '26',  '984',  '423',  '1699',
  '249', '1298', '5755', '76',
  '205', '247',  '4797', '3433',
  '660', '1595', '722',  '896',
  '350', '215',  '702'
] [ '644', '2000', '1923' ]
backtracked (5:207) [
  '2',   '1',    '5',    '1168',
  '26',  '984',  '423',  '1699',
  '249', '1298', '5755', '76',
  '205', '247',  '4797', '3433',
  '660', '1595', '722',  '896',
  '350', '215',  '702'
] [ '3485' ]
found loop (5:208) [
  '2',    '1',    '5',
  '1168', '26',   '984',
  '423',  '1699', '249',
  '1298', '5755', '76',
  '205',  '247'
] [
  '4797', '3433',
  '660',  '1595',
  '722',  '896',
  '350',  '215',
  '702',  '4797'
]
backtracked (5:209) [
  '2',    '1',    '5',
  '1168', '26',   '984',
  '423',  '1699', '249',
  '1298', '5755', '76',
  '205',  '247',  '4797'
] [ '3485' ]
backtracked (5:210) [
  '2',    '1',    '5',
  '1168', '26',   '984',
  '423',  '1699', '249',
  '1298', '5755', '76',
  '205'
] [ '247', '4797', '6674' ]
backtracked (5:211) [
  '2',    '1',    '5',
  '1168', '26',   '984',
  '423',  '1699', '249',
  '1298', '5755', '76',
  '205',  '350'
] [ '247' ]
backtracked (5:212) [
  '2',    '1',    '5',
  '1168', '26',   '984',
  '423',  '1699', '249',
  '1298', '5755', '76',
  '205',  '350',  '514',
  '3147'
] [ '10' ]
backtracked (5:213) [
  '2',    '1',    '5',
  '1168', '26',   '984',
  '423',  '1699', '249',
  '1298', '5755', '76',
  '205',  '350',  '514',
  '3147'
] [ '702' ]
backtracked (5:214) [
  '2',    '1',    '5',
  '1168', '26',   '984',
  '423',  '1699', '249',
  '1298', '5755', '76',
  '205',  '350',  '514',
  '3147', '729'
] [ '10' ]
found loop (5:215) [
  '2',    '1',    '5',
  '1168', '26',   '984',
  '423',  '1699', '249',
  '1298', '5755', '76'
] [ '205', '350', '514', '3147', '729', '205' ]
backtracked (5:216) [
  '2',    '1',    '5',
  '1168', '26',   '984',
  '423',  '1699', '249',
  '1298', '5755', '76',
  '205'
] [ '508' ]
backtracked (5:217) [
  '2',    '1',    '5',
  '1168', '26',   '984',
  '423',  '1699', '249',
  '1298', '5755', '76',
  '205',  '514',  '3156'
] [ '10' ]
backtracked (5:218) [
  '2',    '1',    '5',
  '1168', '26',   '984',
  '423',  '1699', '249',
  '1298', '5755', '76',
  '205',  '514',  '3156',
  '660'
] [ '2698' ]
backtracked (5:219) [
  '2',    '1',    '5',
  '1168', '26',   '984',
  '423',  '1699', '249',
  '1298', '5755', '76',
  '205',  '514',  '3156',
  '660',  '4142'
] [ '247' ]
backtracked (5:220) [
  '2',    '1',    '5',
  '1168', '26',   '984',
  '423',  '1699', '249',
  '1298', '5755', '76',
  '205',  '514',  '3156',
  '660',  '4142'
] [ '508' ]
backtracked (5:221) [
  '2',    '1',    '5',    '1168',
  '26',   '984',  '423',  '1699',
  '249',  '1298', '5755', '76',
  '205',  '514',  '3156', '660',
  '4142', '722',  '1097', '1591',
  '1569', '5044'
] [ '363' ]
backtracked (5:222) [
  '2',    '1',    '5',    '1168',
  '26',   '984',  '423',  '1699',
  '249',  '1298', '5755', '76',
  '205',  '514',  '3156', '660',
  '4142', '722',  '1097', '1591'
] [ '1569', '5044', '5036' ]
backtracked (5:223) [
  '2',    '1',    '5',    '1168',
  '26',   '984',  '423',  '1699',
  '249',  '1298', '5755', '76',
  '205',  '514',  '3156', '660',
  '4142', '722',  '1097', '1591',
  '1641'
] [ '363' ]
found loop (5:224) [
  '2',    '1',    '5',
  '1168', '26',   '984',
  '423',  '1699', '249',
  '1298', '5755', '76',
  '205',  '514',  '3156',
  '660',  '4142', '722',
  '1097'
] [ '1591', '1641', '643', '1777', '678', '1591' ]
found loop (5:225) [
  '2',    '1',    '5',
  '1168', '26',   '984',
  '423',  '1699', '249',
  '1298', '5755', '76',
  '205',  '514',  '3156',
  '660',  '4142'
] [ '722', '1097', '1591', '2230', '215', '722' ]
backtracked (5:226) [
  '2',    '1',    '5',    '1168',
  '26',   '984',  '423',  '1699',
  '249',  '1298', '5755', '76',
  '205',  '514',  '3156', '660',
  '4142', '722',  '1364', '2280'
] [ '685' ]
found loop (5:227) [
  '2',    '1',    '5',
  '1168', '26',   '984',
  '423',  '1699', '249',
  '1298', '5755', '76',
  '205',  '514',  '3156',
  '660',  '4142'
] [ '722', '1364', '2280', '722' ]
backtracked (5:228) [
  '2',    '1',    '5',
  '1168', '26',   '984',
  '423',  '1699', '249',
  '1298', '5755', '76',
  '205',  '514',  '3156',
  '660',  '4142', '722',
  '1643'
] [ '155' ]
backtracked (5:229) [
  '2',    '1',    '5',    '1168',
  '26',   '984',  '423',  '1699',
  '249',  '1298', '5755', '76',
  '205',  '514',  '3156', '660',
  '4142', '722',  '1643', '280'
] [ '164' ]
backtracked (5:230) [
  '2',    '1',    '5',    '1168',
  '26',   '984',  '423',  '1699',
  '249',  '1298', '5755', '76',
  '205',  '514',  '3156', '660',
  '4142', '722',  '1643', '280'
] [ '192' ]
backtracked (5:231) [
  '2',    '1',    '5',    '1168',
  '26',   '984',  '423',  '1699',
  '249',  '1298', '5755', '76',
  '205',  '514',  '3156', '660',
  '4142', '722',  '1643', '280',
  '539',  '96'
] [ '1923' ]
backtracked (5:232) [
  '2',    '1',    '5',    '1168',
  '26',   '984',  '423',  '1699',
  '249',  '1298', '5755', '76',
  '205',  '514',  '3156', '660',
  '4142', '722',  '1643', '280',
  '539'
] [ '96', '3485' ]
backtracked (5:233) [
  '2',    '1',    '5',    '1168',
  '26',   '984',  '423',  '1699',
  '249',  '1298', '5755', '76',
  '205',  '514',  '3156', '660',
  '4142', '722',  '1643', '280',
  '539'
] [ '164' ]
backtracked (5:234) [
  '2',    '1',    '5',    '1168',
  '26',   '984',  '423',  '1699',
  '249',  '1298', '5755', '76',
  '205',  '514',  '3156', '660',
  '4142', '722',  '1643', '280',
  '539',  '532'
] [ '96' ]
backtracked (5:235) [
  '2',    '1',    '5',    '1168',
  '26',   '984',  '423',  '1699',
  '249',  '1298', '5755', '76',
  '205',  '514',  '3156', '660',
  '4142', '722',  '1643', '280',
  '539',  '532'
] [ '164' ]
found loop (5:236) [
  '2',    '1',    '5',
  '1168', '26',   '984',
  '423',  '1699', '249',
  '1298', '5755', '76',
  '205',  '514',  '3156',
  '660',  '4142', '722',
  '1643'
] [ '280', '539', '532', '280' ]
backtracked (5:237) [
  '2',    '1',    '5',
  '1168', '26',   '984',
  '423',  '1699', '249',
  '1298', '5755', '76',
  '205',  '514',  '3156',
  '660',  '4142', '722',
  '1643'
] [ '280', '3485' ]
backtracked (5:238) [
  '2',    '1',    '5',
  '1168', '26',   '984',
  '423',  '1699', '249',
  '1298', '5755', '76',
  '205',  '514',  '3156',
  '660',  '4142', '722',
  '1643'
] [ '702' ]
backtracked (5:239) [
  '2',    '1',    '5',
  '1168', '26',   '984',
  '423',  '1699', '249',
  '1298', '5755', '76',
  '205',  '514',  '3156',
  '660',  '4142', '722'
] [ '1643', '3485' ]
backtracked (5:240) [
  '2',    '1',    '5',
  '1168', '26',   '984',
  '423',  '1699', '249',
  '1298', '5755', '76',
  '205',  '514',  '3156',
  '660',  '4142', '722'
] [ '1776', '6674' ]
backtracked (5:241) [
  '2',    '1',    '5',    '1168',
  '26',   '984',  '423',  '1699',
  '249',  '1298', '5755', '76',
  '205',  '514',  '3156', '660',
  '4142', '722',  '2010', '4789'
] [ '10' ]
backtracked (5:242) [
  '2',    '1',    '5',    '1168',
  '26',   '984',  '423',  '1699',
  '249',  '1298', '5755', '76',
  '205',  '514',  '3156', '660',
  '4142', '722',  '2010', '4789'
] [ '3485' ]
backtracked (5:243) [
  '2',    '1',    '5',
  '1168', '26',   '984',
  '423',  '1699', '249',
  '1298', '5755', '76',
  '205',  '514',  '3156',
  '660',  '4142', '722',
  '2010'
] [ '4789', '4797' ]
backtracked (5:244) [
  '2',    '1',    '5',
  '1168', '26',   '984',
  '423',  '1699', '249',
  '1298', '5755', '76',
  '205',  '514',  '3156',
  '660',  '4142', '722'
] [ '2010', '6674' ]
backtracked (5:245) [
  '2',    '1',    '5',
  '1168', '26',   '984',
  '423',  '1699', '249',
  '1298', '5755', '76',
  '205',  '514',  '3156',
  '660',  '4142', '722',
  '3141'
] [ '10' ]
backtracked (5:246) [
  '2',    '1',    '5',    '1168',
  '26',   '984',  '423',  '1699',
  '249',  '1298', '5755', '76',
  '205',  '514',  '3156', '660',
  '4142', '722',  '3141', '1591',
  '2280', '1777'
] [ '685' ]
backtracked (5:247) [
  '2',    '1',    '5',    '1168',
  '26',   '984',  '423',  '1699',
  '249',  '1298', '5755', '76',
  '205',  '514',  '3156', '660',
  '4142', '722',  '3141', '1591',
  '2280', '1777'
] [ '817' ]
backtracked (5:248) [
  '2',    '1',    '5',    '1168',
  '26',   '984',  '423',  '1699',
  '249',  '1298', '5755', '76',
  '205',  '514',  '3156', '660',
  '4142', '722',  '3141', '1591',
  '2280', '1777', '896'
] [ '702' ]
backtracked (5:249) [
  '2',    '1',    '5',    '1168',
  '26',   '984',  '423',  '1699',
  '249',  '1298', '5755', '76',
  '205',  '514',  '3156', '660',
  '4142', '722',  '3141', '1591',
  '2280', '1777', '896',  '1788'
] [ '10' ]
backtracked (5:250) [
  '2',    '1',    '5',    '1168',
  '26',   '984',  '423',  '1699',
  '249',  '1298', '5755', '76',
  '205',  '514',  '3156', '660',
  '4142', '722',  '3141', '1591',
  '2280', '1777', '896',  '1788'
] [ '702' ]
found loop (5:251) [
  '2',    '1',    '5',
  '1168', '26',   '984',
  '423',  '1699', '249',
  '1298', '5755', '76',
  '205',  '514',  '3156',
  '660',  '4142', '722',
  '3141'
] [ '1591', '2280', '1777', '896', '1788', '1591' ]
backtracked (5:252) [
  '2',    '1',    '5',    '1168',
  '26',   '984',  '423',  '1699',
  '249',  '1298', '5755', '76',
  '205',  '514',  '3156', '660',
  '4142', '722',  '3141', '1591',
  '3290'
] [ '10' ]
backtracked (5:253) [
  '2',    '1',    '5',    '1168',
  '26',   '984',  '423',  '1699',
  '249',  '1298', '5755', '76',
  '205',  '514',  '3156', '660',
  '4142', '722',  '3141', '1591',
  '3290'
] [ '363' ]
backtracked (5:254) [
  '2',    '1',    '5',    '1168',
  '26',   '984',  '423',  '1699',
  '249',  '1298', '5755', '76',
  '205',  '514',  '3156', '660',
  '4142', '722',  '3141', '1591',
  '3290'
] [ '508' ]
found loop (5:255) [
  '2',    '1',    '5',
  '1168', '26',   '984',
  '423',  '1699', '249',
  '1298', '5755', '76',
  '205',  '514',  '3156'
] [
  '660',  '4142',
  '722',  '3141',
  '1591', '3290',
  '660'
]
backtracked (5:256) [
  '2',    '1',    '5',
  '1168', '26',   '984',
  '423',  '1699', '249',
  '1298', '5755', '76',
  '205',  '514',  '3156'
] [ '660' ]
backtracked (5:257) [
  '2',    '1',    '5',
  '1168', '26',   '984',
  '423',  '1699', '249',
  '1298', '5755', '76',
  '205',  '514',  '3156'
] [ '702' ]
backtracked (5:258) [
  '2',    '1',    '5',
  '1168', '26',   '984',
  '423',  '1699', '249',
  '1298', '5755', '76',
  '205',  '514',  '3156',
  '1777', '1057'
] [ '363' ]
found loop (5:259) [
  '2',    '1',    '5',
  '1168', '26',   '984',
  '423',  '1699', '249',
  '1298', '5755', '76'
] [
  '205',  '514',
  '3156', '1777',
  '1057', '692',
  '205'
]
backtracked (5:260) [
  '2',    '1',    '5',
  '1168', '26',   '984',
  '423',  '1699', '249',
  '1298', '5755', '76',
  '205'
] [ '685' ]
backtracked (5:261) [
  '2',    '1',    '5',
  '1168', '26',   '984',
  '423',  '1699', '249',
  '1298', '5755', '76',
  '205'
] [ '702' ]
backtracked (5:262) [
  '2',    '1',    '5',
  '1168', '26',   '984',
  '423',  '1699', '249',
  '1298', '5755', '76',
  '205',  '896',  '3287'
] [ '10' ]
backtracked (5:263) [
  '2',    '1',    '5',
  '1168', '26',   '984',
  '423',  '1699', '249',
  '1298', '5755', '76',
  '205',  '896',  '3287'
] [ '1776' ]
backtracked (5:264) [
  '2',    '1',    '5',
  '1168', '26',   '984',
  '423',  '1699', '249',
  '1298', '5755', '76',
  '205',  '896'
] [ '3287', '5321' ]
backtracked (5:265) [
  '2',    '1',    '5',
  '1168', '26',   '984',
  '423',  '1699', '249',
  '1298', '5755', '76',
  '205',  '896'
] [ '3485' ]
backtracked (5:266) [
  '2',    '1',    '5',
  '1168', '26',   '984',
  '423',  '1699', '249',
  '1298', '5755', '76',
  '205',  '896',  '4588',
  '350'
] [ '595' ]
backtracked (5:267) [
  '2',    '1',    '5',
  '1168', '26',   '984',
  '423',  '1699', '249',
  '1298', '5755', '76',
  '205',  '896',  '4588',
  '350'
] [ '685' ]
backtracked (5:268) [
  '2',    '1',    '5',
  '1168', '26',   '984',
  '423',  '1699', '249',
  '1298', '5755', '76',
  '205',  '896',  '4588',
  '350'
] [ '702' ]
backtracked (5:269) [
  '2',    '1',    '5',
  '1168', '26',   '984',
  '423',  '1699', '249',
  '1298', '5755', '76',
  '205',  '896',  '4588',
  '350',  '1591'
] [ '3485' ]
backtracked (5:270) [
  '2',    '1',    '5',
  '1168', '26',   '984',
  '423',  '1699', '249',
  '1298', '5755', '76',
  '205',  '896',  '4588',
  '350',  '1591', '3899'
] [ '660' ]
found loop (5:271) [
  '2',    '1',    '5',
  '1168', '26',   '984',
  '423',  '1699', '249',
  '1298', '5755', '76',
  '205',  '896',  '4588',
  '350'
] [ '1591', '3899', '722', '3147', '1591' ]
backtracked (5:272) [
  '2',    '1',    '5',
  '1168', '26',   '984',
  '423',  '1699', '249',
  '1298', '5755', '76',
  '205',  '896',  '4588',
  '350',  '1591', '3953',
  '722'
] [ '3485' ]
found loop (5:273) [
  '2',    '1',    '5',
  '1168', '26',   '984',
  '423',  '1699', '249',
  '1298', '5755', '76',
  '205',  '896',  '4588',
  '350'
] [ '1591', '3953', '722', '3657', '1591' ]
backtracked (5:274) [
  '2',    '1',    '5',
  '1168', '26',   '984',
  '423',  '1699', '249',
  '1298', '5755', '76',
  '205',  '896',  '4588',
  '350'
] [ '1591', '4788', '4797' ]
backtracked (5:275) [
  '2',    '1',    '5',
  '1168', '26',   '984',
  '423',  '1699', '249',
  '1298', '5755', '76',
  '205',  '896',  '4588',
  '350'
] [ '1776' ]
backtracked (5:276) [
  '2',    '1',    '5',
  '1168', '26',   '984',
  '423',  '1699', '249',
  '1298', '5755', '76',
  '205',  '896',  '4588',
  '350',  '1777', '1097',
  '3165'
] [ '10' ]
backtracked (5:277) [
  '2',    '1',    '5',
  '1168', '26',   '984',
  '423',  '1699', '249',
  '1298', '5755', '76',
  '205',  '896',  '4588',
  '350',  '1777', '1097',
  '3165'
] [ '644' ]
backtracked (5:278) [
  '2',    '1',    '5',
  '1168', '26',   '984',
  '423',  '1699', '249',
  '1298', '5755', '76',
  '205',  '896',  '4588',
  '350',  '1777', '1097',
  '3165'
] [ '660' ]
backtracked (5:279) [
  '2',    '1',    '5',    '1168',
  '26',   '984',  '423',  '1699',
  '249',  '1298', '5755', '76',
  '205',  '896',  '4588', '350',
  '1777', '1097', '3165', '844'
] [ '118' ]
backtracked (5:280) [
  '2',    '1',    '5',    '1168',
  '26',   '984',  '423',  '1699',
  '249',  '1298', '5755', '76',
  '205',  '896',  '4588', '350',
  '1777', '1097', '3165', '844'
] [ '164' ]
backtracked (5:281) [
  '2',    '1',    '5',    '1168',
  '26',   '984',  '423',  '1699',
  '249',  '1298', '5755', '76',
  '205',  '896',  '4588', '350',
  '1777', '1097', '3165', '844',
  '856'
] [ '164' ]
backtracked (5:282) [
  '2',    '1',    '5',    '1168',
  '26',   '984',  '423',  '1699',
  '249',  '1298', '5755', '76',
  '205',  '896',  '4588', '350',
  '1777', '1097', '3165', '844',
  '856'
] [ '484' ]
backtracked (5:283) [
  '2',    '1',    '5',    '1168',
  '26',   '984',  '423',  '1699',
  '249',  '1298', '5755', '76',
  '205',  '896',  '4588', '350',
  '1777', '1097', '3165', '844',
  '856'
] [ '508' ]
backtracked (5:284) [
  '2',    '1',    '5',    '1168',
  '26',   '984',  '423',  '1699',
  '249',  '1298', '5755', '76',
  '205',  '896',  '4588', '350',
  '1777', '1097', '3165', '844',
  '856',  '514',  '3290', '722',
  '4744'
] [ '1591' ]
backtracked (5:285) [
  '2',    '1',    '5',    '1168',
  '26',   '984',  '423',  '1699',
  '249',  '1298', '5755', '76',
  '205',  '896',  '4588', '350',
  '1777', '1097', '3165', '844',
  '856',  '514',  '3290', '722'
] [ '4744', '3485' ]
backtracked (5:286) [
  '2',    '1',    '5',    '1168',
  '26',   '984',  '423',  '1699',
  '249',  '1298', '5755', '76',
  '205',  '896',  '4588', '350',
  '1777', '1097', '3165', '844',
  '856',  '514',  '3290', '722'
] [ '4788' ]
backtracked (5:287) [
  '2',    '1',    '5',    '1168',
  '26',   '984',  '423',  '1699',
  '249',  '1298', '5755', '76',
  '205',  '896',  '4588', '350',
  '1777', '1097', '3165', '844',
  '856',  '514',  '3290', '722'
] [ '4789' ]
backtracked (5:288) [
  '2',    '1',    '5',    '1168',
  '26',   '984',  '423',  '1699',
  '249',  '1298', '5755', '76',
  '205',  '896',  '4588', '350',
  '1777', '1097', '3165', '844',
  '856',  '514',  '3290', '722',
  '4796'
] [ '1591' ]
backtracked (5:289) [
  '2',    '1',    '5',    '1168',
  '26',   '984',  '423',  '1699',
  '249',  '1298', '5755', '76',
  '205',  '896',  '4588', '350',
  '1777', '1097', '3165', '844',
  '856',  '514',  '3290', '722'
] [ '4796', '6674' ]
backtracked (5:290) [
  '2',    '1',    '5',    '1168',
  '26',   '984',  '423',  '1699',
  '249',  '1298', '5755', '76',
  '205',  '896',  '4588', '350',
  '1777', '1097', '3165', '844',
  '856',  '514',  '3290', '722',
  '4816'
] [ '10' ]
backtracked (5:291) [
  '2',    '1',    '5',    '1168',
  '26',   '984',  '423',  '1699',
  '249',  '1298', '5755', '76',
  '205',  '896',  '4588', '350',
  '1777', '1097', '3165', '844',
  '856',  '514',  '3290', '722',
  '4816'
] [ '96' ]
backtracked (5:292) [
  '2',    '1',    '5',    '1168',
  '26',   '984',  '423',  '1699',
  '249',  '1298', '5755', '76',
  '205',  '896',  '4588', '350',
  '1777', '1097', '3165', '844',
  '856',  '514',  '3290', '722',
  '4816'
] [ '702' ]
backtracked (5:293) [
  '2',    '1',    '5',    '1168',
  '26',   '984',  '423',  '1699',
  '249',  '1298', '5755', '76',
  '205',  '896',  '4588', '350',
  '1777', '1097', '3165', '844',
  '856',  '514',  '3290', '722',
  '4816'
] [ '1591' ]
found loop (5:294) [
  '2',    '1',    '5',
  '1168', '26',   '984',
  '423',  '1699', '249',
  '1298', '5755', '76',
  '205',  '896',  '4588',
  '350'
] [
  '1777', '1097',
  '3165', '844',
  '856',  '514',
  '3290', '722',
  '4816', '1777'
]
backtracked (5:295) [
  '2',    '1',    '5',
  '1168', '26',   '984',
  '423',  '1699', '249',
  '1298', '5755', '76',
  '205',  '896',  '4588',
  '350',  '1777', '1116'
] [ '722', '5491', '6674' ]
backtracked (5:296) [
  '2',    '1',    '5',
  '1168', '26',   '984',
  '423',  '1699', '249',
  '1298', '5755', '76',
  '205',  '896',  '4588',
  '350',  '1777', '1116'
] [ '1569' ]
backtracked (5:297) [
  '2',    '1',    '5',
  '1168', '26',   '984',
  '423',  '1699', '249',
  '1298', '5755', '76',
  '205',  '896',  '4588',
  '350',  '1777', '1116'
] [ '1591' ]
backtracked (5:298) [
  '2',    '1',    '5',
  '1168', '26',   '984',
  '423',  '1699', '249',
  '1298', '5755', '76',
  '205',  '896',  '4588',
  '350',  '1777'
] [ '1116', '3485' ]
backtracked (5:299) [
  '2',    '1',    '5',
  '1168', '26',   '984',
  '423',  '1699', '249',
  '1298', '5755', '76',
  '205',  '896',  '4588',
  '350',  '1777', '1364'
] [ '722' ]
backtracked (5:300) [
  '2',    '1',    '5',
  '1168', '26',   '984',
  '423',  '1699', '249',
  '1298', '5755', '76',
  '205',  '896',  '4588',
  '350',  '1777'
] [ '1364', '4797' ]
backtracked (5:301) [
  '2',    '1',    '5',
  '1168', '26',   '984',
  '423',  '1699', '249',
  '1298', '5755', '76',
  '205',  '896',  '4588',
  '350',  '1777'
] [ '2010' ]
backtracked (5:302) [
  '2',    '1',    '5',
  '1168', '26',   '984',
  '423',  '1699', '249',
  '1298', '5755', '76',
  '205',  '896',  '4588',
  '350',  '1777', '2230'
] [ '363' ]
backtracked (5:303) [
  '2',    '1',    '5',
  '1168', '26',   '984',
  '423',  '1699', '249',
  '1298', '5755', '76',
  '205',  '896',  '4588',
  '350',  '1777', '2230'
] [ '644' ]
backtracked (5:304) [
  '2',    '1',    '5',
  '1168', '26',   '984',
  '423',  '1699', '249',
  '1298', '5755', '76',
  '205',  '896',  '4588',
  '350',  '1777', '2230'
] [ '660' ]
backtracked (5:305) [
  '2',    '1',    '5',    '1168',
  '26',   '984',  '423',  '1699',
  '249',  '1298', '5755', '76',
  '205',  '896',  '4588', '350',
  '1777', '2230', '3112', '625'
] [ '508' ]
backtracked (5:306) [
  '2',    '1',    '5',    '1168',
  '26',   '984',  '423',  '1699',
  '249',  '1298', '5755', '76',
  '205',  '896',  '4588', '350',
  '1777', '2230', '3112', '625'
] [ '598' ]
backtracked (5:307) [
  '2',    '1',    '5',    '1168',
  '26',   '984',  '423',  '1699',
  '249',  '1298', '5755', '76',
  '205',  '896',  '4588', '350',
  '1777', '2230', '3112', '625'
] [ '644' ]
backtracked (5:308) [
  '2',    '1',    '5',    '1168',
  '26',   '984',  '423',  '1699',
  '249',  '1298', '5755', '76',
  '205',  '896',  '4588', '350',
  '1777', '2230', '3112', '625'
] [ '660' ]
backtracked (5:309) [
  '2',    '1',    '5',    '1168',
  '26',   '984',  '423',  '1699',
  '249',  '1298', '5755', '76',
  '205',  '896',  '4588', '350',
  '1777', '2230', '3112', '625'
] [ '2000' ]
found loop (5:310) [
  '2',    '1',    '5',
  '1168', '26',   '984',
  '423',  '1699', '249',
  '1298', '5755', '76',
  '205',  '896',  '4588',
  '350',  '1777', '2230'
] [ '3112', '625', '3165', '3112' ]
backtracked (5:311) [
  '2',    '1',    '5',
  '1168', '26',   '984',
  '423',  '1699', '249',
  '1298', '5755', '76',
  '205',  '896',  '4588',
  '350',  '1777', '2230',
  '3112'
] [ '644' ]
backtracked (5:312) [
  '2',    '1',    '5',
  '1168', '26',   '984',
  '423',  '1699', '249',
  '1298', '5755', '76',
  '205',  '896',  '4588',
  '350',  '1777', '2230'
] [ '3112', '844' ]
backtracked (5:313) [
  '2',    '1',    '5',
  '1168', '26',   '984',
  '423',  '1699', '249',
  '1298', '5755', '76',
  '205',  '896',  '4588',
  '350',  '1777', '2230'
] [ '3485' ]
backtracked (5:314) [
  '2',    '1',    '5',
  '1168', '26',   '984',
  '423',  '1699', '249',
  '1298', '5755', '76',
  '205',  '896',  '4588',
  '350',  '1777', '2230',
  '3899'
] [ '1591' ]
backtracked (5:315) [
  '2',    '1',    '5',
  '1168', '26',   '984',
  '423',  '1699', '249',
  '1298', '5755', '76',
  '205',  '896',  '4588',
  '350',  '1777', '2230',
  '3899'
] [ '3485' ]
backtracked (5:316) [
  '2',    '1',    '5',
  '1168', '26',   '984',
  '423',  '1699', '249',
  '1298', '5755', '76',
  '205',  '896',  '4588',
  '350',  '1777', '2230',
  '3899'
] [ '4404', '4797' ]
backtracked (5:317) [
  '2',    '1',    '5',
  '1168', '26',   '984',
  '423',  '1699', '249',
  '1298', '5755', '76',
  '205',  '896',  '4588',
  '350',  '1777', '2230',
  '3899'
] [ '4797' ]
backtracked (5:318) [
  '2',    '1',    '5',
  '1168', '26',   '984',
  '423',  '1699', '249',
  '1298', '5755', '76',
  '205',  '896',  '4588',
  '350',  '1777', '2230'
] [ '3899', '6674' ]
backtracked (5:319) [
  '2',    '1',    '5',
  '1168', '26',   '984',
  '423',  '1699', '249',
  '1298', '5755', '76',
  '205',  '896',  '4588',
  '350',  '1777', '2230'
] [ '4797' ]
backtracked (5:320) [
  '2',    '1',    '5',
  '1168', '26',   '984',
  '423',  '1699', '249',
  '1298', '5755', '76',
  '205',  '896',  '4588',
  '350',  '1777'
] [ '2230', '6674' ]
backtracked (5:321) [
  '2',    '1',    '5',
  '1168', '26',   '984',
  '423',  '1699', '249',
  '1298', '5755', '76',
  '205',  '896',  '4588',
  '350',  '1777'
] [ '2698' ]
backtracked (5:322) [
  '2',    '1',    '5',
  '1168', '26',   '984',
  '423',  '1699', '249',
  '1298', '5755', '76',
  '205',  '896',  '4588',
  '350',  '1777', '3290'
] [ '3485' ]
backtracked (5:323) [
  '2',    '1',    '5',
  '1168', '26',   '984',
  '423',  '1699', '249',
  '1298', '5755', '76',
  '205',  '896',  '4588',
  '350',  '1777', '3290',
  '4142'
] [ '660' ]
backtracked (5:324) [
  '2',    '1',    '5',
  '1168', '26',   '984',
  '423',  '1699', '249',
  '1298', '5755', '76',
  '205',  '896',  '4588',
  '350',  '1777', '3290',
  '4142'
] [ '1591' ]
backtracked (5:325) [
  '2',    '1',    '5',
  '1168', '26',   '984',
  '423',  '1699', '249',
  '1298', '5755', '76',
  '205',  '896',  '4588',
  '350',  '1777', '3290',
  '4142'
] [ '3485' ]
backtracked (5:326) [
  '2',    '1',    '5',
  '1168', '26',   '984',
  '423',  '1699', '249',
  '1298', '5755', '76',
  '205',  '896',  '4588',
  '350',  '1777', '3290',
  '4142'
] [ '4404' ]
backtracked (5:327) [
  '2',    '1',    '5',
  '1168', '26',   '984',
  '423',  '1699', '249',
  '1298', '5755', '76',
  '205',  '896',  '4588',
  '350',  '1777', '3290'
] [ '4142', '4797' ]
backtracked (5:328) [
  '2',    '1',    '5',
  '1168', '26',   '984',
  '423',  '1699', '249',
  '1298', '5755', '76',
  '205',  '896',  '4588',
  '350',  '1777', '3290'
] [ '4797' ]
backtracked (5:329) [
  '2',    '1',    '5',
  '1168', '26',   '984',
  '423',  '1699', '249',
  '1298', '5755', '76',
  '205',  '896',  '4588',
  '350',  '1777'
] [ '3290', '6674' ]
backtracked (5:330) [
  '2',    '1',    '5',
  '1168', '26',   '984',
  '423',  '1699', '249',
  '1298', '5755', '76',
  '205',  '896',  '4588',
  '350',  '1777'
] [ '3899' ]
backtracked (5:331) [
  '2',    '1',    '5',
  '1168', '26',   '984',
  '423',  '1699', '249',
  '1298', '5755', '76',
  '205',  '896',  '4588',
  '350',  '1777'
] [ '3953' ]
backtracked (5:332) [
  '2',    '1',    '5',
  '1168', '26',   '984',
  '423',  '1699', '249',
  '1298', '5755', '76',
  '205',  '896',  '4588',
  '350',  '1777'
] [ '4142' ]
backtracked (5:333) [
  '2',    '1',    '5',
  '1168', '26',   '984',
  '423',  '1699', '249',
  '1298', '5755', '76',
  '205',  '896',  '4588',
  '350',  '1777'
] [ '4744' ]
backtracked (5:334) [
  '2',    '1',    '5',
  '1168', '26',   '984',
  '423',  '1699', '249',
  '1298', '5755', '76',
  '205',  '896',  '4588',
  '350',  '1777'
] [ '4788' ]
backtracked (5:335) [
  '2',    '1',    '5',
  '1168', '26',   '984',
  '423',  '1699', '249',
  '1298', '5755', '76',
  '205',  '896',  '4588',
  '350',  '1777'
] [ '5044' ]
backtracked (5:336) [
  '2',    '1',    '5',
  '1168', '26',   '984',
  '423',  '1699', '249',
  '1298', '5755', '76',
  '205',  '896',  '4588',
  '350',  '1777', '5539'
] [ '10' ]
backtracked (5:337) [
  '2',    '1',    '5',
  '1168', '26',   '984',
  '423',  '1699', '249',
  '1298', '5755', '76',
  '205',  '896',  '4588',
  '350'
] [ '1777', '5539', '722' ]
backtracked (5:338) [
  '2',    '1',    '5',
  '1168', '26',   '984',
  '423',  '1699', '249',
  '1298', '5755', '76',
  '205',  '896',  '4588',
  '350',  '3200', '2775'
] [ '10' ]
backtracked (5:339) [
  '2',    '1',    '5',
  '1168', '26',   '984',
  '423',  '1699', '249',
  '1298', '5755', '76',
  '205',  '896',  '4588',
  '350',  '3200', '2775'
] [ '363' ]
backtracked (5:340) [
  '2',    '1',    '5',
  '1168', '26',   '984',
  '423',  '1699', '249',
  '1298', '5755', '76',
  '205',  '896',  '4588',
  '350',  '3200', '2775',
  '402'
] [ '33' ]
found loop (5:341) [
  '2',    '1',    '5',
  '1168', '26',   '984',
  '423',  '1699', '249',
  '1298', '5755'
] [
  '76',   '205',
  '896',  '4588',
  '350',  '3200',
  '2775', '402',
  '76'
]
backtracked (5:342) [
  '2',    '1',    '5',
  '1168', '26',   '984',
  '423',  '1699', '249',
  '1298', '5755', '76',
  '224',  '2502'
] [ '84' ]
backtracked (5:343) [
  '2',    '1',    '5',
  '1168', '26',   '984',
  '423',  '1699', '249',
  '1298', '5755', '76',
  '224',  '2502', '915',
  '653'
] [ '907' ]
backtracked (5:344) [
  '2',    '1',    '5',
  '1168', '26',   '984',
  '423',  '1699', '249',
  '1298', '5755', '76',
  '224',  '2502', '915',
  '653'
] [ '916', '907' ]
backtracked (5:345) [
  '2',    '1',    '5',
  '1168', '26',   '984',
  '423',  '1699', '249',
  '1298', '5755', '76',
  '224',  '2502', '915',
  '653'
] [ '1631', '907' ]
backtracked (5:346) [
  '2',    '1',    '5',
  '1168', '26',   '984',
  '423',  '1699', '249',
  '1298', '5755', '76',
  '224',  '2502', '915',
  '653'
] [ '1635', '907' ]
backtracked (5:347) [
  '2',    '1',    '5',
  '1168', '26',   '984',
  '423',  '1699', '249',
  '1298', '5755', '76',
  '224',  '2502', '915'
] [ '653', '2413', '907' ]
backtracked (5:348) [
  '2',    '1',    '5',
  '1168', '26',   '984',
  '423',  '1699', '249',
  '1298', '5755', '76',
  '224',  '2502', '915'
] [ '723' ]
backtracked (5:349) [
  '2',    '1',    '5',
  '1168', '26',   '984',
  '423',  '1699', '249',
  '1298', '5755', '76',
  '224',  '2502', '915'
] [ '907' ]
backtracked (5:350) [
  '2',    '1',    '5',
  '1168', '26',   '984',
  '423',  '1699', '249',
  '1298', '5755', '76',
  '224',  '2502', '915',
  '912'
] [ '907' ]
backtracked (5:351) [
  '2',    '1',    '5',
  '1168', '26',   '984',
  '423',  '1699', '249',
  '1298', '5755', '76',
  '224',  '2502', '915',
  '912'
] [ '916' ]
backtracked (5:352) [
  '2',    '1',    '5',
  '1168', '26',   '984',
  '423',  '1699', '249',
  '1298', '5755', '76',
  '224',  '2502', '915'
] [ '912', '1631' ]
backtracked (5:353) [
  '2',    '1',    '5',
  '1168', '26',   '984',
  '423',  '1699', '249',
  '1298', '5755', '76',
  '224',  '2502', '915'
] [ '916' ]
backtracked (5:354) [
  '2',    '1',    '5',
  '1168', '26',   '984',
  '423',  '1699', '249',
  '1298', '5755', '76',
  '224',  '2502', '915'
] [ '922', '907' ]
backtracked (5:355) [
  '2',    '1',    '5',
  '1168', '26',   '984',
  '423',  '1699', '249',
  '1298', '5755', '76',
  '224',  '2502', '915'
] [ '1631' ]
backtracked (5:356) [
  '2',    '1',    '5',
  '1168', '26',   '984',
  '423',  '1699', '249',
  '1298', '5755', '76',
  '224',  '2502', '915',
  '1713', '336'
] [ '448' ]
backtracked (5:357) [
  '2',    '1',    '5',
  '1168', '26',   '984',
  '423',  '1699', '249',
  '1298', '5755', '76',
  '224',  '2502', '915',
  '1713', '336'
] [ '906', '907' ]
backtracked (5:358) [
  '2',    '1',    '5',
  '1168', '26',   '984',
  '423',  '1699', '249',
  '1298', '5755', '76',
  '224',  '2502', '915',
  '1713', '336'
] [ '907' ]
found loop (5:359) [
  '2',    '1',    '5',
  '1168', '26',   '984',
  '423',  '1699', '249',
  '1298', '5755', '76',
  '224',  '2502'
] [ '915', '1713', '336', '915' ]
backtracked (5:360) [
  '2',    '1',    '5',
  '1168', '26',   '984',
  '423',  '1699', '249',
  '1298', '5755', '76',
  '224',  '2502', '915',
  '2469'
] [ '907' ]
backtracked (5:361) [
  '2',    '1',    '5',
  '1168', '26',   '984',
  '423',  '1699', '249',
  '1298', '5755', '76',
  '224'
] [ '2502', '915', '2469', '916' ]
