Running single thread with 1 workers
calling deregister
calling deregister
calling deregister
calling deregister
calling deregister
calling deregister
calling deregister
calling deregister
calling deregister
calling deregister
calling deregister
calling deregister
calling deregister
calling deregister
calling deregister
calling deregister
calling deregister
calling deregister
calling deregister
calling deregister
calling deregister
calling deregister
calling deregister
calling deregister
calling deregister
calling deregister
Node 5 is ready to go { '14': false } { '6': false, '8': false }
calling deregister
Node 5 is ready to go { '10': false, '14': false } { '6': false, '8': false }
Node 6 is ready to go { '5': false } { '8': false, '9': false }
calling deregister
Node 6 is ready to go { '5': false } { '8': false, '9': false }
Node 5 is ready to go { '10': false, '14': false } { '6': false, '8': false }
Node 8 is ready to go { '6': false } { '5': false }
Node 8 is ready to go { '6': false, '9': false } { '5': false }
Node 9 is ready to go { '6': false } { '5': false, '8': false }
Node 5 is ready to go { '9': false, '10': false, '14': false } { '6': false, '8': false }
calling deregister
calling deregister
Node 5 is ready to go { '9': false, '10': false, '14': false } { '6': false, '8': false }
calling deregister
calling deregister
calling deregister
Node 6 is ready to go { '5': false } { '8': false, '9': false }
starting probe 0
no nodes found, returning true
Finished 1 probes using 1 workers in a single thread
