Opening __tests__/fixture-3k.csv
3000 primary transfers with value of 723908 done, now inviting bilateral netting
bilateral netting done, now inviting probes
backtrack21 (1:0) [ '2' ] [ '0' ]
backtracked (1:1) [ '2', '1' ] [ '0' ]
backtracked (1:2) [ '2', '1', '3' ] [ '0' ]
found loop (1:3) [] [ '2', '1', '3', '2' ]
backtracked (2:0) [ '2', '1', '11' ] [ '5', '26' ]
backtracked (2:1) [ '2', '1' ] [ '11', '723' ]
backtracked (2:2) [ '2', '1' ] [ '54' ]
backtracked (2:3) [ '2', '1' ] [ '74' ]
backtracked (2:4) [ '2', '1' ] [ '77' ]
backtracked (2:5) [ '2', '1' ] [ '201', '54' ]
found loop (2:6) [ '2' ] [ '1', '561', '531', '1' ]
backtracked (2:7) [ '2', '1' ] [ '587' ]
backtracked (2:8) [ '2', '1' ] [ '720' ]
backtrack21 (2:9) [ '2' ] [ '1', '804' ]
finished   (2:10) [] [ '2', '11' ]
finished   (3:0) [] [ '3', '2' ]
backtrack21 (4:0) [ '4' ] [ '2' ]
finished   (4:1) [] [ '4', '5' ]
finished   (5:0) [] [ '8', '2' ]
backtracked (6:0) [ '9', '10', '205' ] [ '155', '164' ]
found loop (6:1) [ '9', '10' ] [ '205', '247', '514', '692', '205' ]
backtracked (6:2) [ '9', '10', '205' ] [ '508' ]
backtracked (6:3) [ '9', '10' ] [ '205', '514' ]
backtracked (6:4) [ '9', '10' ] [ '247', '1591' ]
backtracked (6:5) [ '9', '10' ] [ '508' ]
backtrack21 (6:6) [ '9' ] [ '10', '514' ]
backtracked (6:7) [ '9', '13' ] [ '10' ]
backtracked (6:8) [ '9', '13', '838', '19', '131' ] [ '1428' ]
backtracked (6:9) [ '9', '13', '838', '19' ] [ '131', '1441' ]
found loop (6:10) [ '9', '13', '838' ] [ '19', '1458', '18', '19' ]
backtracked (6:11) [ '9', '13', '838' ] [ '19' ]
backtracked (6:12) [ '9', '13' ] [ '838', '131' ]
backtrack21 (6:13) [ '9' ] [ '13', '1226' ]
backtrack21 (6:14) [ '9' ] [ '19' ]
finished   (6:15) [] [ '9', '838' ]
backtrack21 (7:0) [ '12' ] [ '10' ]
backtrack21 (7:1) [ '12' ] [ '13' ]
backtracked (7:2) [ '12', '19', '1458', '130' ] [ '270' ]
backtracked (7:3) [ '12', '19', '1458', '130', '584' ] [ '131' ]
backtracked (7:4) [ '12', '19', '1458' ] [ '130', '584', '270' ]
found loop (7:5) [ '12' ] [ '19', '1458', '1455', '18', '19' ]
backtrack21 (7:6) [ '12' ] [ '19' ]
finished   (7:7) [] [ '12', '838' ]
found loop (8:0) [ '14' ] [ '15', '690', '600', '15' ]
finished   (8:1) [] [ '14', '15' ]
backtrack21 (9:0) [ '16' ] [ '17', '125' ]
finished   (9:1) [] [ '16', '125' ]
backtracked (10:0) [ '18', '19', '1458', '1455' ] [ '130' ]
found loop (10:1) [ '18' ] [ '19', '1458', '1455', '1149', '19' ]
backtrack21 (10:2) [ '18' ] [ '19' ]
finished   (10:3) [] [ '18', '131' ]
finished   (11:0) [] [ '20', '21' ]
backtracked (12:0) [ '22', '23' ] [ '29' ]
finished   (12:1) [] [ '22', '23', '1022', '29' ]
backtrack21 (13:0) [ '24' ] [ '25', '927' ]
finished   (13:1) [] [ '24', '927' ]
finished   (14:0) [] [ '27', '23' ]
finished   (15:0) [] [ '28', '29' ]
finished   (16:0) [] [ '30', '4' ]
backtracked (17:0) [ '31', '32', '184' ] [ '188' ]
backtracked (17:1) [ '31', '32', '184', '224', '352' ] [ '92' ]
backtracked (17:2) [ '31', '32', '184', '224', '352' ] [ '1010' ]
backtracked (17:3) [ '31', '32', '184', '224' ] [ '352', '1476' ]
backtracked (17:4) [ '31', '32', '184', '224', '388' ] [ '365' ]
backtracked (17:5) [ '31', '32', '184', '224' ] [ '388', '379', '365' ]
backtracked (17:6) [ '31', '32', '184', '224' ] [ '1010' ]
backtracked (17:7) [ '31', '32' ] [ '184', '224', '1051', '92' ]
finished   (17:8) [] [ '31', '32', '188' ]
backtrack21 (18:0) [ '35' ] [ '18' ]
finished   (18:1) [] [ '35', '130' ]
backtrack21 (19:0) [ '36' ] [ '18' ]
finished   (19:1) [] [ '36', '130' ]
backtracked (20:0) [ '37', '38' ] [ '184' ]
backtracked (20:1) [ '37', '38', '375' ] [ '183', '184' ]
backtracked (20:2) [ '37', '38', '375' ] [ '224' ]
backtracked (20:3) [ '37', '38', '375', '437', '380' ] [ '224' ]
backtracked (20:4) [ '37', '38', '375', '437', '380' ] [ '668' ]
backtracked (20:5) [ '37', '38', '375', '437', '380' ] [ '670', '668' ]
backtracked (20:6) [ '37', '38', '375', '437' ] [ '380', '1010' ]
backtracked (20:7) [ '37', '38', '375', '437', '398' ] [ '188' ]
found loop (20:8) [ '37', '38' ] [ '375', '437', '398', '375' ]
backtracked (20:9) [ '37', '38', '375' ] [ '504', '188' ]
backtracked (20:10) [ '37', '38' ] [ '375', '1010' ]
finished   (20:11) [] [ '37', '38', '1399' ]
backtracked (21:0) [ '39', '40', '206', '794' ] [ '54' ]
backtracked (21:1) [ '39', '40' ] [ '206', '794', '1130', '54' ]
backtracked (21:2) [ '39', '40' ] [ '207', '794' ]
backtrack21 (21:3) [ '39' ] [ '40', '208', '794' ]
backtracked (21:4) [ '39', '167', '181', '63' ] [ '40' ]
backtracked (21:5) [ '39', '167', '181' ] [ '63', '208' ]
backtracked (21:6) [ '39', '167', '181', '218', '233', '266' ] [ '208' ]
backtracked (21:7) [ '39', '167', '181', '218' ] [ '233', '266', '245' ]
backtracked (21:8) [ '39', '167' ] [ '181', '218', '253', '40' ]
backtracked (21:9) [ '39', '167' ] [ '218' ]
backtrack21 (21:10) [ '39' ] [ '167', '265', '40' ]
finished   (21:11) [] [ '39', '181' ]
backtrack21 (22:0) [ '41' ] [ '40' ]
backtrack21 (22:1) [ '41' ] [ '226', '794' ]
finished   (22:2) [] [ '41', '231', '794' ]
backtrack21 (23:0) [ '42' ] [ '40' ]
backtrack21 (23:1) [ '42' ] [ '181' ]
finished   (23:2) [] [ '42', '231' ]
backtrack21 (24:0) [ '43' ] [ '40' ]
backtrack21 (24:1) [ '43' ] [ '181' ]
finished   (24:2) [] [ '43', '296' ]
found loop (25:0) [ '46' ] [ '47', '1190', '1189', '47' ]
finished   (25:1) [] [ '46', '47' ]
backtrack21 (26:0) [ '48' ] [ '49', '56' ]
finished   (26:1) [] [ '48', '56' ]
backtrack21 (27:0) [ '51' ] [ '40' ]
backtrack21 (27:1) [ '51' ] [ '167' ]
finished   (27:2) [] [ '51', '218' ]
backtrack21 (28:0) [ '52' ] [ '40' ]
backtrack21 (28:1) [ '52' ] [ '226' ]
finished   (28:2) [] [ '52', '245' ]
backtrack21 (29:0) [ '53' ] [ '40' ]
backtracked (29:1) [ '53', '168' ] [ '167' ]
backtrack21 (29:2) [ '53' ] [ '168', '296' ]
finished   (29:3) [] [ '53', '181' ]
finished   (30:0) [] [ '57', '56' ]
backtrack21 (31:0) [ '58' ] [ '56' ]
backtrack21 (31:1) [ '58' ] [ '64', '56' ]
finished   (31:2) [] [ '58', '92' ]
finished   (32:0) [] [ '59', '56' ]
backtrack21 (33:0) [ '60' ] [ '40' ]
finished   (33:1) [] [ '60', '167' ]
backtrack21 (34:0) [ '61' ] [ '40' ]
backtrack21 (34:1) [ '61' ] [ '181' ]
finished   (34:2) [] [ '61', '218' ]
backtrack21 (35:0) [ '62' ] [ '56' ]
finished   (35:1) [] [ '62', '58' ]
finished   (36:0) [] [ '65', '56' ]
backtrack21 (37:0) [ '67' ] [ '40' ]
finished   (37:1) [] [ '67', '230', '794' ]
backtrack21 (38:0) [ '68' ] [ '56' ]
finished   (38:1) [] [ '68', '313' ]
backtrack21 (39:0) [ '69' ] [ '40' ]
finished   (39:1) [] [ '69', '206' ]
backtrack21 (40:0) [ '70' ] [ '40' ]
finished   (40:1) [] [ '70', '207' ]
backtrack21 (41:0) [ '71' ] [ '40' ]
backtrack21 (41:1) [ '71' ] [ '167' ]
finished   (41:2) [] [ '71', '296' ]
backtrack21 (42:0) [ '73' ] [ '40' ]
backtrack21 (42:1) [ '73' ] [ '168' ]
finished   (42:2) [] [ '73', '233' ]
backtrack21 (43:0) [ '78' ] [ '40' ]
finished   (43:1) [] [ '78', '231' ]
backtrack21 (44:0) [ '79' ] [ '80', '164' ]
finished   (44:1) [] [ '79', '164' ]
backtrack21 (45:0) [ '81' ] [ '40' ]
backtracked (45:1) [ '81', '83' ] [ '40' ]
backtrack21 (45:2) [ '81' ] [ '83', '233' ]
finished   (45:3) [] [ '81', '167' ]
backtracked (46:0) [ '84', '76', '33', '445' ] [ '92' ]
backtracked (46:1) [ '84', '76', '33', '445', '437' ] [ '375' ]
backtracked (46:2) [ '84', '76', '33', '445', '437', '455' ] [ '188' ]
backtracked (46:3) [
  '84',  '76',
  '33',  '445',
  '437', '455',
  '993'
] [ '10' ]
backtracked (46:4) [
  '84',  '76',
  '33',  '445',
  '437', '455',
  '993'
] [ '456', '188' ]
backtracked (46:5) [
  '84',  '76',
  '33',  '445',
  '437', '455',
  '993', '633'
] [ '514' ]
backtracked (46:6) [
  '84',  '76',  '33',
  '445', '437', '455',
  '993', '633', '585',
  '572'
] [ '10' ]
backtracked (46:7) [
  '84',  '76',  '33',
  '445', '437', '455',
  '993', '633', '585',
  '572', '363'
] [ '514' ]
backtracked (46:8) [
  '84',  '76',  '33',
  '445', '437', '455',
  '993', '633', '585',
  '572'
] [ '363', '1591' ]
backtracked (46:9) [
  '84',  '76',  '33',
  '445', '437', '455',
  '993', '633', '585',
  '572'
] [ '514' ]
backtracked (46:10) [
  '84',  '76',  '33',
  '445', '437', '455',
  '993', '633', '585'
] [ '572', '1591' ]
backtracked (46:11) [
  '84',  '76',  '33',
  '445', '437', '455',
  '993', '633', '585',
  '722'
] [ '10' ]
backtracked (46:12) [
  '84',  '76',  '33',
  '445', '437', '455',
  '993', '633', '585'
] [ '722', '723' ]
backtracked (46:13) [
  '84',  '76',
  '33',  '445',
  '437', '455',
  '993', '633'
] [ '585', '1591' ]
backtracked (46:14) [
  '84',  '76',
  '33',  '445',
  '437', '455',
  '993', '633'
] [ '632', '514' ]
backtracked (46:15) [
  '84',  '76',
  '33',  '445',
  '437', '455',
  '993', '633'
] [ '722' ]
backtracked (46:16) [
  '84',  '76',
  '33',  '445',
  '437', '455',
  '993'
] [ '633', '1591' ]
backtracked (46:17) [
  '84',  '76',
  '33',  '445',
  '437', '455',
  '993', '871'
] [ '125' ]
found loop (46:18) [ '84', '76', '33', '445' ] [ '437', '455', '993', '871', '437' ]
backtracked (46:19) [ '84', '76', '33', '445', '437' ] [ '456' ]
backtracked (46:20) [ '84', '76', '33', '445', '437', '457' ] [ '183' ]
backtracked (46:21) [ '84', '76', '33', '445', '437', '457' ] [ '188' ]
backtracked (46:22) [ '84', '76', '33', '445', '437', '457' ] [ '375' ]
backtracked (46:23) [ '84', '76', '33', '445', '437', '457' ] [ '1010' ]
backtracked (46:24) [ '84', '76', '33', '445', '437' ] [ '457', '1497', '183' ]
backtracked (46:25) [ '84', '76', '33', '445', '437', '458' ] [ '188' ]
backtracked (46:26) [ '84', '76', '33', '445', '437' ] [ '458', '1010' ]
backtracked (46:27) [ '84', '76', '33', '445', '437', '459' ] [ '92' ]
backtracked (46:28) [ '84', '76', '33', '445', '437' ] [ '459', '1010' ]
backtracked (46:29) [ '84', '76', '33', '445', '437', '667' ] [ '668' ]
backtracked (46:30) [ '84', '76', '33', '445', '437' ] [ '667', '1010' ]
backtracked (46:31) [ '84', '76', '33', '445' ] [ '437', '1010' ]
backtracked (46:32) [ '84', '76', '33', '445', '999' ] [ '1121' ]
backtracked (46:33) [ '84', '76', '33', '445' ] [ '999', '1122' ]
backtracked (46:34) [ '84', '76', '33', '445' ] [ '1010' ]
backtracked (46:35) [ '84', '76', '33', '445' ] [ '1475' ]
backtracked (46:36) [ '84', '76', '33', '445' ] [ '1643' ]
backtracked (46:37) [ '84', '76' ] [ '33', '445', '1662' ]
backtracked (46:38) [ '84', '76' ] [ '189' ]
backtracked (46:39) [ '84', '76' ] [ '445' ]
backtracked (46:40) [ '84', '76' ] [ '627' ]
backtracked (46:41) [ '84', '76' ] [ '700', '33' ]
backtracked (46:42) [ '84', '76', '703' ] [ '33' ]
backtracked (46:43) [ '84', '76' ] [ '703', '705', '33' ]
backtracked (46:44) [ '84', '76' ] [ '705' ]
backtracked (46:45) [ '84', '76' ] [ '715', '33' ]
finished   (46:46) [] [ '84', '76', '759', '33' ]
backtrack21 (47:0) [ '85' ] [ '40' ]
backtrack21 (47:1) [ '85' ] [ '167' ]
finished   (47:2) [] [ '85', '206' ]
finished   (48:0) [] [ '86', '21' ]
backtracked (49:0) [ '87', '88' ] [ '164' ]
finished   (49:1) [] [ '87', '88', '514' ]
finished   (50:0) [] [ '90', '19' ]
finished   (51:0) [] [ '91', '92' ]
backtrack21 (52:0) [ '93' ] [ '94', '496', '131' ]
finished   (52:1) [] [ '93', '496' ]
backtracked (53:0) [ '95', '96' ] [ '127' ]
backtrack21 (53:1) [ '95' ] [ '96', '164' ]
finished   (53:2) [] [ '95', '164' ]
backtracked (54:0) [ '97', '98' ] [ '249', '452' ]
backtrack21 (54:1) [ '97' ] [ '98', '452' ]
finished   (54:2) [] [ '97', '249' ]
backtrack21 (55:0) [ '99' ] [ '100' ]
finished   (55:1) [] [ '99', '164' ]
backtrack21 (56:0) [ '101' ] [ '40' ]
finished   (56:1) [] [ '101', '245' ]
finished   (57:0) [] [ '102', '103' ]
backtrack21 (58:0) [ '105' ] [ '106' ]
finished   (58:1) [] [ '105', '164' ]
backtrack21 (59:0) [ '107' ] [ '10' ]
backtracked (59:1) [ '107', '215' ] [ '514' ]
finished   (59:2) [] [ '107', '215', '1591' ]
backtrack21 (60:0) [ '108' ] [ '40' ]
backtrack21 (60:1) [ '108' ] [ '167' ]
finished   (60:2) [] [ '108', '208' ]
backtrack21 (61:0) [ '109' ] [ '97' ]
finished   (61:1) [] [ '109', '98' ]
backtrack21 (62:0) [ '110' ] [ '10' ]
finished   (62:1) [] [ '110', '215' ]
finished   (63:0) [] [ '112', '102' ]
backtrack21 (64:0) [ '113' ] [ '10' ]
finished   (64:1) [] [ '113', '215' ]
finished   (65:0) [] [ '114', '115', '459' ]
finished   (66:0) [] [ '116', '10' ]
backtrack21 (67:0) [ '117' ] [ '118', '164' ]
finished   (67:1) [] [ '117', '164' ]
finished   (68:0) [] [ '119', '19' ]
backtrack21 (69:0) [ '122' ] [ '10' ]
finished   (69:1) [] [ '122', '13' ]
finished   (70:0) [] [ '124', '125' ]
backtrack21 (71:0) [ '126' ] [ '127' ]
finished   (71:1) [] [ '126', '164' ]
backtrack21 (72:0) [ '128' ] [ '10' ]
finished   (72:1) [] [ '128', '363' ]
finished   (73:0) [] [ '129', '19' ]
backtrack21 (74:0) [ '132' ] [ '133' ]
finished   (74:1) [] [ '132', '164' ]
finished   (75:0) [] [ '135', '98' ]
finished   (76:0) [] [ '137', '10' ]
backtrack21 (77:0) [ '138' ] [ '139', '220' ]
finished   (77:1) [] [ '138', '494' ]
backtrack21 (78:0) [ '140' ] [ '106' ]
finished   (78:1) [] [ '140', '164' ]
backtrack21 (79:0) [ '141' ] [ '10' ]
finished   (79:1) [] [ '141', '205', '247', '514' ]
finished   (80:0) [] [ '142', '143' ]
backtrack21 (81:0) [ '144' ] [ '10' ]
finished   (81:1) [] [ '144', '13' ]
backtrack21 (82:0) [ '145' ] [ '40' ]
finished   (82:1) [] [ '145', '226' ]
finished   (83:0) [] [ '146', '98' ]
backtrack21 (84:0) [ '147' ] [ '40' ]
backtrack21 (84:1) [ '147' ] [ '207' ]
finished   (84:2) [] [ '147', '231' ]
backtrack21 (85:0) [ '148' ] [ '10' ]
backtracked (85:1) [ '148', '516' ] [ '18' ]
backtracked (85:2) [ '148', '516' ] [ '131' ]
backtracked (85:3) [ '148', '516' ] [ '584' ]
finished   (85:4) [] [ '148', '516', '1226' ]
backtrack21 (86:0) [ '149' ] [ '150' ]
finished   (86:1) [] [ '149', '164' ]
finished   (87:0) [] [ '152', '98' ]
backtrack21 (88:0) [ '153' ] [ '10' ]
finished   (88:1) [] [ '153', '514' ]
backtrack21 (89:0) [ '154' ] [ '155' ]
finished   (89:1) [] [ '154', '164' ]
backtrack21 (90:0) [ '156' ] [ '10' ]
finished   (90:1) [] [ '156', '514' ]
backtrack21 (91:0) [ '157' ] [ '40' ]
backtrack21 (91:1) [ '157' ] [ '181' ]
backtrack21 (91:2) [ '157' ] [ '206' ]
finished   (91:3) [] [ '157', '230' ]
backtrack21 (92:0) [ '158' ] [ '159', '514' ]
finished   (92:1) [] [ '158', '242', '270' ]
finished   (93:0) [] [ '160', '98' ]
backtrack21 (94:0) [ '161' ] [ '10' ]
backtracked (94:1) [ '161', '287', '512' ] [ '584' ]
backtracked (94:2) [ '161', '287' ] [ '512', '1226' ]
backtracked (94:3) [ '161', '287' ] [ '584' ]
finished   (94:4) [] [ '161', '287', '1226' ]
backtrack21 (95:0) [ '162' ] [ '10' ]
finished   (95:1) [] [ '162', '287' ]
backtrack21 (96:0) [ '163' ] [ '10' ]
finished   (96:1) [] [ '163', '13' ]
backtrack21 (97:0) [ '165' ] [ '10' ]
finished   (97:1) [] [ '165', '247' ]
finished   (98:0) [] [ '166', '167' ]
backtrack21 (99:0) [ '169' ] [ '10' ]
finished   (99:1) [] [ '169', '13' ]
backtrack21 (100:0) [ '170' ] [ '159' ]
finished   (100:1) [] [ '170', '242' ]
finished   (101:0) [] [ '171', '167' ]
backtrack21 (102:0) [ '172' ] [ '167' ]
finished   (102:1) [] [ '172', '181' ]
backtrack21 (103:0) [ '173' ] [ '92' ]
finished   (103:1) [] [ '173', '352' ]
backtrack21 (104:0) [ '174' ] [ '167' ]
finished   (104:1) [] [ '174', '296' ]
backtrack21 (105:0) [ '175' ] [ '164' ]
finished   (105:1) [] [ '175', '192', '164' ]
backtrack21 (106:0) [ '176' ] [ '167' ]
finished   (106:1) [] [ '176', '181' ]
backtrack21 (107:0) [ '177' ] [ '10' ]
finished   (107:1) [] [ '177', '287' ]
backtrack21 (108:0) [ '178' ] [ '10' ]
finished   (108:1) [] [ '178', '13' ]
backtrack21 (109:0) [ '179' ] [ '10' ]
finished   (109:1) [] [ '179', '13' ]
backtrack21 (110:0) [ '180' ] [ '167' ]
finished   (110:1) [] [ '180', '181' ]
backtrack21 (111:0) [ '182' ] [ '181' ]
finished   (111:1) [] [ '182', '218' ]
backtrack21 (112:0) [ '185' ] [ '181' ]
finished   (112:1) [] [ '185', '218' ]
backtrack21 (113:0) [ '186' ] [ '10' ]
finished   (113:1) [] [ '186', '508' ]
backtrack21 (114:0) [ '187' ] [ '10' ]
finished   (114:1) [] [ '187', '205' ]
finished   (115:0) [] [ '190', '191' ]
backtrack21 (116:0) [ '193' ] [ '10' ]
backtrack21 (116:1) [ '193' ] [ '155' ]
finished   (116:2) [] [ '193', '514' ]
finished   (117:0) [] [ '194', '195', '33' ]
backtrack21 (118:0) [ '196' ] [ '10' ]
finished   (118:1) [] [ '196', '508' ]
finished   (119:0) [] [ '197', '54' ]
finished   (120:0) [] [ '198', '199', '54' ]
backtrack21 (121:0) [ '200' ] [ '98' ]
finished   (121:1) [] [ '200', '249' ]
backtrack21 (122:0) [ '202' ] [ '10' ]
finished   (122:1) [] [ '202', '1591' ]
backtrack21 (123:0) [ '203' ] [ '10' ]
finished   (123:1) [] [ '203', '514' ]
finished   (124:0) [] [ '204', '29' ]
finished   (125:0) [] [ '209', '210', '477', '29' ]
finished   (126:0) [] [ '211', '205' ]
finished   (127:0) [] [ '212', '29' ]
backtrack21 (128:0) [ '213' ] [ '206' ]
finished   (128:1) [] [ '213', '245' ]
backtrack21 (129:0) [ '214' ] [ '193' ]
backtrack21 (129:1) [ '214' ] [ '215' ]
backtrack21 (129:2) [ '214' ] [ '247' ]
backtracked (129:3) [ '214', '350' ] [ '10' ]
backtracked (129:4) [ '214', '350' ] [ '215' ]
backtracked (129:5) [ '214', '350' ] [ '247' ]
finished   (129:6) [] [ '214', '350', '595' ]
backtrack21 (130:0) [ '216' ] [ '206' ]
backtrack21 (130:1) [ '216' ] [ '207' ]
finished   (130:2) [] [ '216', '233' ]
finished   (131:0) [] [ '217', '218' ]
finished   (132:0) [] [ '219', '220' ]
finished   (133:0) [] [ '221', '218' ]
finished   (134:0) [] [ '222', '218' ]
finished   (135:0) [] [ '223', '224' ]
backtrack21 (136:0) [ '225' ] [ '207' ]
finished   (136:1) [] [ '225', '226' ]
backtrack21 (137:0) [ '227' ] [ '234' ]
finished   (137:1) [] [ '227', '243', '234' ]
backtrack21 (138:0) [ '229' ] [ '230' ]
finished   (138:1) [] [ '229', '231' ]
finished   (139:0) [] [ '232', '233' ]
backtrack21 (140:0) [ '235' ] [ '208' ]
finished   (140:1) [] [ '235', '231' ]
finished   (141:0) [] [ '236', '218' ]
finished   (142:0) [] [ '237', '206' ]
finished   (143:0) [] [ '238', '208' ]
finished   (144:0) [] [ '239', '230' ]
finished   (145:0) [] [ '240', '226' ]
finished   (146:0) [] [ '241', '207' ]
backtrack21 (147:0) [ '244' ] [ '208' ]
finished   (147:1) [] [ '244', '245' ]
finished   (148:0) [] [ '246', '247' ]
finished   (149:0) [] [ '248', '249' ]
finished   (150:0) [] [ '250', '206' ]
finished   (151:0) [] [ '251', '247' ]
finished   (152:0) [] [ '252', '54' ]
finished   (153:0) [] [ '254', '226' ]
finished   (154:0) [] [ '255', '247' ]
finished   (155:0) [] [ '256', '29' ]
backtrack21 (156:0) [ '257' ] [ '40' ]
finished   (156:1) [] [ '257', '208' ]
finished   (157:0) [] [ '258', '245' ]
finished   (158:0) [] [ '259', '230' ]
finished   (159:0) [] [ '260', '40' ]
finished   (160:0) [] [ '261', '226' ]
finished   (161:0) [] [ '262', '207' ]
backtrack21 (162:0) [ '263' ] [ '208' ]
finished   (162:1) [] [ '263', '226' ]
finished   (163:0) [] [ '264', '21' ]
finished   (164:0) [] [ '267', '268' ]
finished   (165:0) [] [ '269', '175' ]
backtrack21 (166:0) [ '271' ] [ '125' ]
finished   (166:1) [] [ '271', '365' ]
finished   (167:0) [] [ '272', '273', '131' ]
finished   (168:0) [] [ '274', '270' ]
finished   (169:0) [] [ '275', '125' ]
finished   (170:0) [] [ '276', '277' ]
finished   (171:0) [] [ '278', '273' ]
backtracked (172:0) [ '279', '280' ] [ '164' ]
finished   (172:1) [] [ '279', '280', '192' ]
finished   (173:0) [] [ '281', '280' ]
finished   (174:0) [] [ '282', '280' ]
finished   (175:0) [] [ '283', '76' ]
finished   (176:0) [] [ '284', '76' ]
backtrack21 (177:0) [ '285' ] [ '139' ]
finished   (177:1) [] [ '285', '494' ]
finished   (178:0) [] [ '286', '76' ]
backtrack21 (179:0) [ '288' ] [ '139' ]
finished   (179:1) [] [ '288', '220' ]
finished   (180:0) [] [ '289', '290', '514' ]
finished   (181:0) [] [ '291', '290' ]
backtrack21 (182:0) [ '292' ] [ '16' ]
backtrack21 (182:1) [ '292' ] [ '125' ]
backtrack21 (182:2) [ '292' ] [ '365' ]
finished   (182:3) [] [ '292', '870', '125' ]
backtrack21 (183:0) [ '293' ] [ '167' ]
finished   (183:1) [] [ '293', '218' ]
finished   (184:0) [] [ '294', '76' ]
backtrack21 (185:0) [ '295' ] [ '167' ]
finished   (185:1) [] [ '295', '296' ]
finished   (186:0) [] [ '297', '76' ]
finished   (187:0) [] [ '298', '167' ]
backtrack21 (188:0) [ '299' ] [ '10' ]
finished   (188:1) [] [ '299', '516' ]
finished   (189:0) [] [ '300', '40' ]
backtrack21 (190:0) [ '301' ] [ '10' ]
backtracked (190:1) [ '301', '513' ] [ '247' ]
backtracked (190:2) [ '301', '513' ] [ '363' ]
finished   (190:3) [] [ '301', '513', '514' ]
backtrack21 (191:0) [ '302' ] [ '10' ]
backtrack21 (191:1) [ '302' ] [ '514' ]
finished   (191:2) [] [ '302', '585' ]
backtrack21 (192:0) [ '303' ] [ '10' ]
finished   (192:1) [] [ '303', '193' ]
backtrack21 (193:0) [ '305' ] [ '10' ]
finished   (193:1) [] [ '305', '791' ]
backtrack21 (194:0) [ '306' ] [ '159' ]
finished   (194:1) [] [ '306', '242' ]
finished   (195:0) [] [ '309', '10' ]
backtrack21 (196:0) [ '310' ] [ '10' ]
finished   (196:1) [] [ '310', '660', '514' ]
backtrack21 (197:0) [ '311' ] [ '10' ]
finished   (197:1) [] [ '311', '791' ]
finished   (198:0) [] [ '312', '96' ]
backtrack21 (199:0) [ '314' ] [ '164' ]
finished   (199:1) [] [ '314', '315' ]
finished   (200:0) [] [ '316', '26' ]
backtrack21 (201:0) [ '317' ] [ '10' ]
backtracked (201:1) [ '317', '662' ] [ '514' ]
finished   (201:2) [] [ '317', '662', '660' ]
backtrack21 (202:0) [ '318' ] [ '175' ]
finished   (202:1) [] [ '318', '319' ]
backtrack21 (203:0) [ '320' ] [ '10' ]
finished   (203:1) [] [ '320', '513' ]
finished   (204:0) [] [ '321', '96' ]
backtrack21 (205:0) [ '323' ] [ '10' ]
backtrack21 (205:1) [ '323' ] [ '514' ]
backtrack21 (205:2) [ '323' ] [ '572' ]
finished   (205:3) [] [ '323', '585' ]
backtrack21 (206:0) [ '326' ] [ '164' ]
finished   (206:1) [] [ '326', '327' ]
backtrack21 (207:0) [ '328' ] [ '10' ]
finished   (207:1) [] [ '328', '513' ]
finished   (208:0) [] [ '329', '96' ]
backtrack21 (209:0) [ '330' ] [ '10' ]
backtrack21 (209:1) [ '330' ] [ '722' ]
finished   (209:2) [] [ '330', '1591' ]
backtrack21 (210:0) [ '331' ] [ '164' ]
finished   (210:1) [] [ '331', '332' ]
backtrack21 (211:0) [ '333' ] [ '10' ]
finished   (211:1) [] [ '333', '215' ]
backtrack21 (212:0) [ '334' ] [ '10' ]
finished   (212:1) [] [ '334', '662' ]
finished   (213:0) [] [ '337', '338' ]
backtrack21 (214:0) [ '339' ] [ '164' ]
finished   (214:1) [] [ '339', '340' ]
backtrack21 (215:0) [ '341' ] [ '10' ]
finished   (215:1) [] [ '341', '363' ]
finished   (216:0) [] [ '342', '10' ]
finished   (217:0) [] [ '343', '10' ]
backtrack21 (218:0) [ '344' ] [ '10' ]
finished   (218:1) [] [ '344', '791' ]
backtrack21 (219:0) [ '345' ] [ '164' ]
finished   (219:1) [] [ '345', '346' ]
backtrack21 (220:0) [ '347' ] [ '164' ]
found loop (220:1) [ '347' ] [ '348', '308', '484', '348' ]
backtracked (220:2) [ '347', '348', '394' ] [ '485', '1033' ]
backtracked (220:3) [ '347', '348' ] [ '394', '1033' ]
finished   (220:4) [] [ '347', '348', '485' ]
backtrack21 (221:0) [ '349' ] [ '10' ]
finished   (221:1) [] [ '349', '363' ]
finished   (222:0) [] [ '351', '352' ]
backtrack21 (223:0) [ '353' ] [ '164' ]
finished   (223:1) [] [ '353', '354' ]
backtrack21 (224:0) [ '355' ] [ '10' ]
finished   (224:1) [] [ '355', '514' ]
backtrack21 (225:0) [ '356' ] [ '357' ]
backtracked (225:1) [ '356', '600' ] [ '15' ]
backtracked (225:2) [ '356', '600' ] [ '809' ]
backtracked (225:3) [ '356', '600' ] [ '978' ]
finished   (225:4) [] [ '356', '600', '1088' ]
finished   (226:0) [] [ '358', '357' ]
backtrack21 (227:0) [ '359' ] [ '10' ]
backtracked (227:1) [ '359', '729' ] [ '10' ]
backtracked (227:2) [ '359', '729' ] [ '205' ]
backtracked (227:3) [ '359', '729' ] [ '247' ]
backtracked (227:4) [ '359', '729' ] [ '508' ]
backtracked (227:5) [ '359', '729' ] [ '513' ]
finished   (227:6) [] [ '359', '729', '514' ]
backtrack21 (228:0) [ '360' ] [ '10' ]
finished   (228:1) [] [ '360', '729' ]
backtrack21 (229:0) [ '361' ] [ '10' ]
finished   (229:1) [] [ '361', '729' ]
finished   (230:0) [] [ '362', '363' ]
backtrack21 (231:0) [ '364' ] [ '10' ]
finished   (231:1) [] [ '364', '729' ]
backtrack21 (232:0) [ '371' ] [ '10' ]
finished   (232:1) [] [ '371', '205' ]
backtrack21 (233:0) [ '372' ] [ '373' ]
finished   (233:1) [] [ '372', '452' ]
finished   (234:0) [] [ '374', '375' ]
finished   (235:0) [] [ '376', '54' ]
finished   (236:0) [] [ '377', '378' ]
finished   (237:0) [] [ '381', '40' ]
finished   (238:0) [] [ '384', '378' ]
finished   (239:0) [] [ '386', '378' ]
finished   (240:0) [] [ '387', '378' ]
finished   (241:0) [] [ '389', '348', '308', '485' ]
finished   (242:0) [] [ '392', '375' ]
finished   (243:0) [] [ '393', '378' ]
finished   (244:0) [] [ '395', '378' ]
finished   (245:0) [] [ '396', '378' ]
backtrack21 (246:0) [ '398' ] [ '1010' ]
backtracked (246:1) [ '398', '1082' ] [ '375' ]
finished   (246:2) [] [ '398', '1082', '1010' ]
finished   (247:0) [] [ '399', '400', '452' ]
backtracked (248:0) [ '401', '402' ] [ '707' ]
backtrack21 (248:1) [ '401' ] [ '402', '712', '707' ]
finished   (248:2) [] [ '401', '405' ]
finished   (249:0) [] [ '403', '404' ]
finished   (250:0) [] [ '406', '400' ]
finished   (251:0) [] [ '407', '404' ]
finished   (252:0) [] [ '411', '404' ]
backtrack21 (253:0) [ '412' ] [ '21' ]
backtrack21 (253:1) [ '412' ] [ '224' ]
backtracked (253:2) [ '412', '413' ] [ '365' ]
backtrack21 (253:3) [ '412' ] [ '413', '388' ]
backtrack21 (253:4) [ '412' ] [ '437', '455', '1010' ]
backtrack21 (253:5) [ '412' ] [ '980' ]
backtracked (253:6) [ '412', '993' ] [ '871', '437' ]
backtracked (253:7) [ '412', '993' ] [ '897', '893' ]
backtracked (253:8) [ '412', '993' ] [ '908', '893' ]
backtracked (253:9) [ '412', '993', '1049' ] [ '92' ]
backtracked (253:10) [ '412', '993' ] [ '1049', '437' ]
backtracked (253:11) [ '412', '993' ] [ '1051' ]
backtracked (253:12) [ '412', '993', '1052' ] [ '92' ]
backtracked (253:13) [ '412', '993' ] [ '1052', '437' ]
backtracked (253:14) [ '412', '993' ] [ '1056', '92' ]
backtracked (253:15) [ '412', '993', '1057' ] [ '514' ]
backtrack21 (253:16) [ '412' ] [ '993', '1057', '633' ]
backtrack21 (253:17) [ '412' ] [ '1010' ]
finished   (253:18) [] [ '412', '1502', '483' ]
finished   (254:0) [] [ '414', '404' ]
finished   (255:0) [] [ '415', '365' ]
finished   (256:0) [] [ '417', '404' ]
finished   (257:0) [] [ '418', '167' ]
finished   (258:0) [] [ '419', '400' ]
finished   (259:0) [] [ '420', '365' ]
finished   (260:0) [] [ '422', '423' ]
finished   (261:0) [] [ '424', '365' ]
finished   (262:0) [] [ '425', '365' ]
finished   (263:0) [] [ '426', '375' ]
finished   (264:0) [] [ '427', '365' ]
finished   (265:0) [] [ '428', '365' ]
finished   (266:0) [] [ '430', '365' ]
backtrack21 (267:0) [ '431' ] [ '167' ]
finished   (267:1) [] [ '431', '218' ]
backtrack21 (268:0) [ '432' ] [ '402' ]
backtrack21 (268:1) [ '432' ] [ '405' ]
finished   (268:2) [] [ '432', '446', '452' ]
finished   (269:0) [] [ '433', '121', '1033' ]
backtrack21 (270:0) [ '436' ] [ '167' ]
finished   (270:1) [] [ '436', '218' ]
finished   (271:0) [] [ '438', '167' ]
finished   (272:0) [] [ '440', '58' ]
finished   (273:0) [] [ '442', '443' ]
finished   (274:0) [] [ '444', '445' ]
finished   (275:0) [] [ '449', '445' ]
finished   (276:0) [] [ '451', '445' ]
finished   (277:0) [] [ '453', '452' ]
finished   (278:0) [] [ '454', '121' ]
backtrack21 (279:0) [ '460' ] [ '33' ]
backtrack21 (279:1) [ '460' ] [ '76' ]
backtrack21 (279:2) [ '460' ] [ '195' ]
backtrack21 (279:3) [ '460' ] [ '626', '76' ]
backtrack21 (279:4) [ '460' ] [ '636', '76' ]
backtracked (279:5) [ '460', '725' ] [ '33' ]
backtrack21 (279:6) [ '460' ] [ '725', '92' ]
backtrack21 (279:7) [ '460' ] [ '759' ]
backtracked (279:8) [ '460', '1423' ] [ '76' ]
backtrack21 (279:9) [ '460' ] [ '1423', '1424' ]
backtrack21 (279:10) [ '460' ] [ '1425', '76' ]
backtrack21 (279:11) [ '460' ] [ '1440' ]
backtrack21 (279:12) [ '460' ] [ '1443', '76' ]
backtrack21 (279:13) [ '460' ] [ '1446', '76' ]
finished   (279:14) [] [ '460', '1505', '33' ]
backtrack21 (280:0) [ '461' ] [ '208' ]
finished   (280:1) [] [ '461', '218' ]
backtrack21 (281:0) [ '462' ] [ '40' ]
backtrack21 (281:1) [ '462' ] [ '206' ]
finished   (281:2) [] [ '462', '208' ]
backtrack21 (282:0) [ '463' ] [ '226' ]
finished   (282:1) [] [ '463', '230' ]
finished   (283:0) [] [ '464', '465', '224' ]
finished   (284:0) [] [ '466', '273' ]
finished   (285:0) [] [ '467', '468', '188' ]
finished   (286:0) [] [ '469', '92' ]
backtrack21 (287:0) [ '470' ] [ '471', '803' ]
finished   (287:1) [] [ '470', '803' ]
finished   (288:0) [] [ '472', '125' ]
finished   (289:0) [] [ '473', '468' ]
backtracked (290:0) [ '474', '475' ] [ '92' ]
finished   (290:1) [] [ '474', '475', '224' ]
finished   (291:0) [] [ '476', '475' ]
backtracked (292:0) [ '478', '479' ] [ '512' ]
finished   (292:1) [] [ '478', '479', '1226' ]
finished   (293:0) [] [ '480', '481', '483' ]
finished   (294:0) [] [ '482', '483' ]
backtrack21 (295:0) [ '484' ] [ '348' ]
backtrack21 (295:1) [ '484' ] [ '485' ]
finished   (295:2) [] [ '484', '1033' ]
backtracked (296:0) [ '486', '487' ] [ '1023', '92' ]
backtracked (296:1) [ '486', '487' ] [ '1253' ]
backtracked (296:2) [ '486', '487' ] [ '1254' ]
finished   (296:3) [] [ '486', '487', '1256' ]
backtracked (297:0) [ '488', '489' ] [ '270' ]
backtracked (297:1) [ '488', '489' ] [ '274' ]
finished   (297:2) [] [ '488', '489', '1484' ]
finished   (298:0) [] [ '490', '491' ]
finished   (299:0) [] [ '492', '491' ]
finished   (300:0) [] [ '493', '491' ]
finished   (301:0) [] [ '495', '58' ]
finished   (302:0) [] [ '497', '19' ]
backtrack21 (303:0) [ '498' ] [ '499', '663' ]
finished   (303:1) [] [ '498', '663' ]
finished   (304:0) [] [ '500', '274' ]
finished   (305:0) [] [ '501', '125' ]
finished   (306:0) [] [ '502', '501' ]
backtrack21 (307:0) [ '503' ] [ '402' ]
backtrack21 (307:1) [ '503' ] [ '405' ]
finished   (307:2) [] [ '503', '452' ]
finished   (308:0) [] [ '505', '188' ]
finished   (309:0) [] [ '517', '452' ]
finished   (310:0) [] [ '520', '378' ]
backtrack21 (311:0) [ '521' ] [ '96' ]
finished   (311:1) [] [ '521', '532', '96' ]
backtrack21 (312:0) [ '523' ] [ '357' ]
finished   (312:1) [] [ '523', '358' ]
finished   (313:0) [] [ '526', '247' ]
finished   (314:0) [] [ '527', '247' ]
backtrack21 (315:0) [ '529' ] [ '10' ]
finished   (315:1) [] [ '529', '514' ]
backtrack21 (316:0) [ '530' ] [ '10' ]
finished   (316:1) [] [ '530', '514' ]
finished   (317:0) [] [ '534', '10' ]
finished   (318:0) [] [ '535', '76' ]
finished   (319:0) [] [ '538', '10' ]
backtrack21 (320:0) [ '539' ] [ '96' ]
finished   (320:1) [] [ '539', '532' ]
backtrack21 (321:0) [ '544' ] [ '96' ]
finished   (321:1) [] [ '544', '532' ]
finished   (322:0) [] [ '545', '130' ]
finished   (323:0) [] [ '546', '459' ]
backtrack21 (324:0) [ '547' ] [ '402' ]
finished   (324:1) [] [ '547', '405' ]
backtrack21 (325:0) [ '548' ] [ '10' ]
finished   (325:1) [] [ '548', '363' ]
backtrack21 (326:0) [ '549' ] [ '10' ]
finished   (326:1) [] [ '549', '643', '514' ]
finished   (327:0) [] [ '550', '130' ]
finished   (328:0) [] [ '554', '552', '459' ]
backtrack21 (329:0) [ '556' ] [ '10' ]
backtracked (329:1) [ '556', '896' ] [ '350' ]
finished   (329:2) [] [ '556', '896', '514' ]
backtrack21 (330:0) [ '558' ] [ '10' ]
backtrack21 (330:1) [ '558' ] [ '514' ]
finished   (330:2) [] [ '558', '896' ]
finished   (331:0) [] [ '560', '38' ]
finished   (332:0) [] [ '562', '561', '531' ]
finished   (333:0) [] [ '563', '365' ]
backtrack21 (334:0) [ '564' ] [ '131' ]
backtrack21 (334:1) [ '564' ] [ '584' ]
finished   (334:2) [] [ '564', '1439', '131' ]
finished   (335:0) [] [ '566', '224' ]
finished   (336:0) [] [ '567', '32' ]
finished   (337:0) [] [ '568', '131' ]
backtrack21 (338:0) [ '570' ] [ '224' ]
backtrack21 (338:1) [ '570' ] [ '459' ]
finished   (338:2) [] [ '570', '552' ]
finished   (339:0) [] [ '571', '572' ]
finished   (340:0) [] [ '573', '131' ]
finished   (341:0) [] [ '574', '572' ]
backtrack21 (342:0) [ '575' ] [ '10' ]
finished   (342:1) [] [ '575', '514' ]
backtrack21 (343:0) [ '576' ] [ '10' ]
backtrack21 (343:1) [ '576' ] [ '247' ]
finished   (343:2) [] [ '576', '514' ]
finished   (344:0) [] [ '577', '131' ]
finished   (345:0) [] [ '578', '270' ]
backtrack21 (346:0) [ '579' ] [ '10' ]
finished   (346:1) [] [ '579', '514' ]
backtrack21 (347:0) [ '580' ] [ '10' ]
finished   (347:1) [] [ '580', '514' ]
backtrack21 (348:0) [ '581' ] [ '572' ]
finished   (348:1) [] [ '581', '585' ]
backtrack21 (349:0) [ '586' ] [ '10' ]
finished   (349:1) [] [ '586', '514' ]
finished   (350:0) [] [ '590', '400' ]
backtrack21 (351:0) [ '592' ] [ '10' ]
finished   (351:1) [] [ '592', '514' ]
finished   (352:0) [] [ '593', '210' ]
finished   (353:0) [] [ '594', '595' ]
backtrack21 (354:0) [ '596' ] [ '184' ]
backtrack21 (354:1) [ '596' ] [ '380' ]
finished   (354:2) [] [ '596', '668' ]
finished   (355:0) [] [ '597', '595' ]
backtrack21 (356:0) [ '598' ] [ '595' ]
finished   (356:1) [] [ '598', '1453', '595' ]
backtrack21 (357:0) [ '599' ] [ '10' ]
finished   (357:1) [] [ '599', '363' ]
backtrack21 (358:0) [ '601' ] [ '10' ]
finished   (358:1) [] [ '601', '514' ]
finished   (359:0) [] [ '602', '595' ]
backtrack21 (360:0) [ '603' ] [ '121' ]
backtrack21 (360:1) [ '603' ] [ '410', '121' ]
finished   (360:2) [] [ '603', '416', '121' ]
finished   (361:0) [] [ '604', '595' ]
finished   (362:0) [] [ '605', '121' ]
backtrack21 (363:0) [ '606' ] [ '10' ]
finished   (363:1) [] [ '606', '514' ]
backtrack21 (364:0) [ '607' ] [ '21' ]
finished   (364:1) [] [ '607', '608', '21' ]
finished   (365:0) [] [ '609', '452' ]
finished   (366:0) [] [ '610', '452' ]
finished   (367:0) [] [ '611', '452' ]
backtrack21 (368:0) [ '612' ] [ '10' ]
finished   (368:1) [] [ '612', '643' ]
finished   (369:0) [] [ '613', '400' ]
backtrack21 (370:0) [ '614' ] [ '10' ]
finished   (370:1) [] [ '614', '363' ]
backtrack21 (371:0) [ '616' ] [ '10' ]
backtrack21 (371:1) [ '616' ] [ '595' ]
finished   (371:2) [] [ '616', '729' ]
backtracked (372:0) [ '619', '45' ] [ '33' ]
backtracked (372:1) [ '619', '45' ] [ '76' ]
found loop (372:2) [ '619', '45' ] [ '621', '618', '1432', '621' ]
backtracked (372:3) [ '619', '45' ] [ '621' ]
finished   (372:4) [] [ '619', '45', '703' ]
backtrack21 (373:0) [ '620' ] [ '402' ]
finished   (373:1) [] [ '620', '405' ]
backtrack21 (374:0) [ '622' ] [ '402' ]
backtrack21 (374:1) [ '622' ] [ '405' ]
finished   (374:2) [] [ '622', '452' ]
backtrack21 (375:0) [ '624' ] [ '625' ]
finished   (375:1) [] [ '624', '644', '164' ]
backtrack21 (376:0) [ '628' ] [ '249' ]
backtrack21 (376:1) [ '628' ] [ '402' ]
finished   (376:2) [] [ '628', '630', '452' ]
backtrack21 (377:0) [ '640' ] [ '452' ]
backtrack21 (377:1) [ '640' ] [ '595' ]
finished   (377:2) [] [ '640', '598' ]
finished   (378:0) [] [ '641', '595' ]
finished   (379:0) [] [ '646', '452' ]
finished   (380:0) [] [ '647', '76' ]
finished   (381:0) [] [ '649', '452' ]
finished   (382:0) [] [ '650', '651' ]
finished   (383:0) [] [ '655', '76' ]
finished   (384:0) [] [ '656', '118' ]
finished   (385:0) [] [ '659', '365' ]
finished   (386:0) [] [ '661', '274' ]
finished   (387:0) [] [ '664', '452' ]
finished   (388:0) [] [ '665', '452' ]
finished   (389:0) [] [ '666', '452' ]
finished   (390:0) [] [ '669', '668' ]
finished   (391:0) [] [ '671', '668' ]
finished   (392:0) [] [ '672', '668' ]
finished   (393:0) [] [ '673', '668' ]
finished   (394:0) [] [ '674', '668' ]
finished   (395:0) [] [ '675', '668' ]
finished   (396:0) [] [ '676', '668' ]
finished   (397:0) [] [ '677', '365' ]
backtrack21 (398:0) [ '678' ] [ '514' ]
finished   (398:1) [] [ '678', '1591' ]
finished   (399:0) [] [ '679', '270' ]
backtrack21 (400:0) [ '680' ] [ '23' ]
finished   (400:1) [] [ '680', '29' ]
backtrack21 (401:0) [ '681' ] [ '21' ]
finished   (401:1) [] [ '681', '696', '21' ]
finished   (402:0) [] [ '682', '21' ]
finished   (403:0) [] [ '683', '21' ]
backtrack21 (404:0) [ '685' ] [ '10' ]
finished   (404:1) [] [ '685', '514' ]
backtrack21 (405:0) [ '686' ] [ '29' ]
finished   (405:1) [] [ '686', '680' ]
finished   (406:0) [] [ '687', '625' ]
backtrack21 (407:0) [ '689' ] [ '690' ]
finished   (407:1) [] [ '689', '1391' ]
backtrack21 (408:0) [ '691' ] [ '23' ]
finished   (408:1) [] [ '691', '842', '29' ]
backtracked (409:0) [ '693', '694', '1153' ] [ '595' ]
finished   (409:1) [] [ '693', '694', '1153', '1304' ]
backtrack21 (410:0) [ '695' ] [ '159' ]
finished   (410:1) [] [ '695', '685' ]
finished   (411:0) [] [ '698', '33' ]
backtrack21 (412:0) [ '699' ] [ '625' ]
finished   (412:1) [] [ '699', '856', '164' ]
finished   (413:0) [] [ '701', '685' ]
finished   (414:0) [] [ '702', '164' ]
backtrack21 (415:0) [ '704' ] [ '159' ]
finished   (415:1) [] [ '704', '685' ]
backtrack21 (416:0) [ '706' ] [ '159' ]
finished   (416:1) [] [ '706', '685' ]
backtrack21 (417:0) [ '708' ] [ '33' ]
finished   (417:1) [] [ '708', '460' ]
finished   (418:0) [] [ '709', '707' ]
backtrack21 (419:0) [ '710' ] [ '33' ]
finished   (419:1) [] [ '710', '76' ]
finished   (420:0) [] [ '711', '21' ]
finished   (421:0) [] [ '713', '159' ]
backtrack21 (422:0) [ '714' ] [ '625' ]
finished   (422:1) [] [ '714', '856' ]
finished   (423:0) [] [ '716', '685' ]
backtrack21 (424:0) [ '717' ] [ '33' ]
finished   (424:1) [] [ '717', '725' ]
backtrack21 (425:0) [ '718' ] [ '159' ]
finished   (425:1) [] [ '718', '685' ]
backtrack21 (426:0) [ '719' ] [ '159' ]
finished   (426:1) [] [ '719', '685' ]
finished   (427:0) [] [ '721', '707' ]
finished   (428:0) [] [ '724', '685' ]
finished   (429:0) [] [ '726', '707' ]
finished   (430:0) [] [ '728', '729' ]
backtrack21 (431:0) [ '730' ] [ '663' ]
backtracked (431:1) [ '730', '731' ] [ '663' ]
finished   (431:2) [] [ '730', '731', '734' ]
finished   (432:0) [] [ '732', '663' ]
finished   (433:0) [] [ '733', '663' ]
backtrack21 (434:0) [ '735' ] [ '624' ]
backtracked (434:1) [ '735', '844' ] [ '118' ]
finished   (434:2) [] [ '735', '844', '164' ]
backtrack21 (435:0) [ '736' ] [ '164' ]
finished   (435:1) [] [ '736', '737' ]
backtrack21 (436:0) [ '738' ] [ '164' ]
finished   (436:1) [] [ '738', '739' ]
finished   (437:0) [] [ '740', '19' ]
backtrack21 (438:0) [ '741' ] [ '164' ]
finished   (438:1) [] [ '741', '742' ]
finished   (439:0) [] [ '743', '195' ]
backtrack21 (440:0) [ '745' ] [ '164' ]
finished   (440:1) [] [ '745', '746' ]
finished   (441:0) [] [ '747', '10' ]
finished   (442:0) [] [ '748', '10' ]
finished   (443:0) [] [ '749', '10' ]
backtrack21 (444:0) [ '750' ] [ '644' ]
finished   (444:1) [] [ '750', '844' ]
backtrack21 (445:0) [ '751' ] [ '164' ]
finished   (445:1) [] [ '751', '752' ]
finished   (446:0) [] [ '755', '756' ]
backtrack21 (447:0) [ '757' ] [ '164' ]
finished   (447:1) [] [ '757', '327' ]
finished   (448:0) [] [ '758', '159' ]
finished   (449:0) [] [ '760', '159' ]
backtrack21 (450:0) [ '761' ] [ '164' ]
finished   (450:1) [] [ '761', '762' ]
finished   (451:0) [] [ '763', '159' ]
finished   (452:0) [] [ '764', '765', '19' ]
finished   (453:0) [] [ '767', '139' ]
found loop (454:0) [] [ '770', '771', '789', '770' ]
finished   (455:0) [] [ '770', '792' ]
backtrack21 (456:0) [ '774' ] [ '18' ]
finished   (456:1) [] [ '774', '131' ]
finished   (457:0) [] [ '775', '159' ]
finished   (458:0) [] [ '776', '159' ]
finished   (459:0) [] [ '777', '159' ]
finished   (460:0) [] [ '778', '76' ]
backtrack21 (461:0) [ '779' ] [ '600' ]
finished   (461:1) [] [ '779', '1391' ]
finished   (462:0) [] [ '781', '159' ]
backtrack21 (463:0) [ '782' ] [ '19' ]
finished   (463:1) [] [ '782', '131' ]
backtrack21 (464:0) [ '783' ] [ '18' ]
finished   (464:1) [] [ '783', '131' ]
finished   (465:0) [] [ '784', '159' ]
backtrack21 (466:0) [ '785' ] [ '402' ]
backtrack21 (466:1) [ '785' ] [ '405' ]
backtrack21 (466:2) [ '785' ] [ '452' ]
finished   (466:3) [] [ '785', '1151', '452' ]
backtrack21 (467:0) [ '786' ] [ '131' ]
finished   (467:1) [] [ '786', '765' ]
backtrack21 (468:0) [ '788' ] [ '18' ]
finished   (468:1) [] [ '788', '131' ]
finished   (469:0) [] [ '790', '76' ]
finished   (470:0) [] [ '795', '663' ]
finished   (471:0) [] [ '796', '600' ]
finished   (472:0) [] [ '797', '40' ]
backtrack21 (473:0) [ '798' ] [ '402' ]
finished   (473:1) [] [ '798', '405' ]
finished   (474:0) [] [ '799', '633' ]
finished   (475:0) [] [ '800', '40' ]
finished   (476:0) [] [ '801', '792' ]
finished   (477:0) [] [ '802', '803' ]
backtrack21 (478:0) [ '806' ] [ '18' ]
finished   (478:1) [] [ '806', '273' ]
backtrack21 (479:0) [ '807' ] [ '159' ]
finished   (479:1) [] [ '807', '817', '514' ]
finished   (480:0) [] [ '808', '273' ]
finished   (481:0) [] [ '810', '803' ]
backtrack21 (482:0) [ '811' ] [ '18' ]
finished   (482:1) [] [ '811', '273' ]
finished   (483:0) [] [ '812', '633' ]
finished   (484:0) [] [ '813', '600' ]
backtrack21 (485:0) [ '814' ] [ '815' ]
finished   (485:1) [] [ '814', '816', '131' ]
backtrack21 (486:0) [ '818' ] [ '600' ]
finished   (486:1) [] [ '818', '809' ]
finished   (487:0) [] [ '819', '765' ]
backtracked (488:0) [ '820', '821', '1517' ] [ '1516' ]
backtracked (488:1) [ '820', '821', '1517' ] [ '1527' ]
finished   (488:2) [] [ '820', '821', '1517', '1599', '1516' ]
finished   (489:0) [] [ '822', '821' ]
backtrack21 (490:0) [ '823' ] [ '402' ]
backtrack21 (490:1) [ '823' ] [ '405' ]
finished   (490:2) [] [ '823', '452' ]
finished   (491:0) [] [ '824', '471' ]
backtrack21 (492:0) [ '825' ] [ '402' ]
backtrack21 (492:1) [ '825' ] [ '405' ]
finished   (492:2) [] [ '825', '452' ]
backtrack21 (493:0) [ '826' ] [ '19' ]
finished   (493:1) [] [ '826', '131' ]
backtrack21 (494:0) [ '827' ] [ '814' ]
backtrack21 (494:1) [ '827' ] [ '815' ]
finished   (494:2) [] [ '827', '816' ]
finished   (495:0) [] [ '828', '125' ]
finished   (496:0) [] [ '829', '765' ]
finished   (497:0) [] [ '832', '833', '19' ]
finished   (498:0) [] [ '834', '792' ]
finished   (499:0) [] [ '835', '831' ]
finished   (500:0) [] [ '836', '835' ]
finished   (501:0) [] [ '839', '577' ]
finished   (502:0) [] [ '840', '76' ]
finished   (503:0) [] [ '841', '483' ]
finished   (504:0) [] [ '843', '175' ]
finished   (505:0) [] [ '845', '175' ]
finished   (506:0) [] [ '846', '803' ]
finished   (507:0) [] [ '847', '803' ]
finished   (508:0) [] [ '848', '471' ]
finished   (509:0) [] [ '849', '365' ]
finished   (510:0) [] [ '850', '76' ]
finished   (511:0) [] [ '851', '125' ]
finished   (512:0) [] [ '852', '76' ]
finished   (513:0) [] [ '853', '21' ]
finished   (514:0) [] [ '854', '121' ]
backtrack21 (515:0) [ '855' ] [ '121' ]
finished   (515:1) [] [ '855', '485' ]
finished   (516:0) [] [ '857', '106' ]
finished   (517:0) [] [ '859', '860' ]
finished   (518:0) [] [ '861', '164' ]
finished   (519:0) [] [ '862', '380' ]
backtrack21 (520:0) [ '863' ] [ '584' ]
backtracked (520:1) [ '863', '1300' ] [ '18' ]
finished   (520:2) [] [ '863', '1300', '584' ]
finished   (521:0) [] [ '864', '88' ]
finished   (522:0) [] [ '865', '88' ]
finished   (523:0) [] [ '866', '88' ]
finished   (524:0) [] [ '867', '88' ]
finished   (525:0) [] [ '868', '76' ]
finished   (526:0) [] [ '869', '96' ]
finished   (527:0) [] [ '872', '96' ]
finished   (528:0) [] [ '873', '96' ]
backtrack21 (529:0) [ '874' ] [ '184' ]
finished   (529:1) [] [ '874', '412' ]
finished   (530:0) [] [ '876', '877' ]
finished   (531:0) [] [ '879', '877' ]
finished   (532:0) [] [ '880', '877' ]
finished   (533:0) [] [ '881', '365' ]
finished   (534:0) [] [ '882', '877' ]
finished   (535:0) [] [ '883', '205' ]
finished   (536:0) [] [ '884', '399' ]
finished   (537:0) [] [ '885', '877' ]
finished   (538:0) [] [ '887', '424' ]
finished   (539:0) [] [ '889', '890', '452' ]
finished   (540:0) [] [ '891', '890' ]
finished   (541:0) [] [ '892', '893' ]
finished   (542:0) [] [ '894', '895', '595' ]
backtrack21 (543:0) [ '898' ] [ '437' ]
backtrack21 (543:1) [ '898' ] [ '899' ]
backtrack21 (543:2) [ '898' ] [ '904', '1609' ]
backtrack21 (543:3) [ '898' ] [ '1609' ]
finished   (543:4) [] [ '898', '1611' ]
finished   (544:0) [] [ '900', '365' ]
backtrack21 (545:0) [ '901' ] [ '167' ]
finished   (545:1) [] [ '901', '218' ]
finished   (546:0) [] [ '902', '903' ]
backtrack21 (547:0) [ '905' ] [ '181' ]
backtrack21 (547:1) [ '905' ] [ '218' ]
finished   (547:2) [] [ '905', '233' ]
finished   (548:0) [] [ '906', '907' ]
finished   (549:0) [] [ '911', '729' ]
finished   (550:0) [] [ '912', '907' ]
finished   (551:0) [] [ '913', '907' ]
backtrack21 (552:0) [ '915' ] [ '907' ]
finished   (552:1) [] [ '915', '916', '907' ]
finished   (553:0) [] [ '917', '907' ]
finished   (554:0) [] [ '918', '907' ]
backtrack21 (555:0) [ '919' ] [ '907' ]
finished   (555:1) [] [ '919', '920', '907' ]
finished   (556:0) [] [ '922', '907' ]
backtrack21 (557:0) [ '923' ] [ '600' ]
finished   (557:1) [] [ '923', '684' ]
finished   (558:0) [] [ '924', '907' ]
finished   (559:0) [] [ '928', '76' ]
backtrack21 (560:0) [ '929' ] [ '804' ]
finished   (560:1) [] [ '929', '930', '804' ]
finished   (561:0) [] [ '933', '927' ]
backtrack21 (562:0) [ '935' ] [ '927' ]
backtrack21 (562:1) [ '935' ] [ '950', '927' ]
finished   (562:2) [] [ '935', '1647', '927' ]
finished   (563:0) [] [ '936', '918' ]
finished   (564:0) [] [ '937', '445' ]
finished   (565:0) [] [ '938', '927' ]
finished   (566:0) [] [ '940', '927' ]
finished   (567:0) [] [ '941', '942', '92' ]
finished   (568:0) [] [ '943', '58' ]
finished   (569:0) [] [ '944', '927' ]
finished   (570:0) [] [ '945', '946', '927' ]
finished   (571:0) [] [ '948', '927' ]
backtrack21 (572:0) [ '949' ] [ '935' ]
backtrack21 (572:1) [ '949' ] [ '950' ]
finished   (572:2) [] [ '949', '1639', '927' ]
finished   (573:0) [] [ '951', '804' ]
finished   (574:0) [] [ '952', '98' ]
finished   (575:0) [] [ '953', '98' ]
finished   (576:0) [] [ '954', '927' ]
finished   (577:0) [] [ '955', '40' ]
finished   (578:0) [] [ '956', '957' ]
finished   (579:0) [] [ '958', '40' ]
finished   (580:0) [] [ '959', '40' ]
finished   (581:0) [] [ '960', '206' ]
finished   (582:0) [] [ '961', '804' ]
finished   (583:0) [] [ '962', '930' ]
finished   (584:0) [] [ '963', '206' ]
finished   (585:0) [] [ '964', '804' ]
finished   (586:0) [] [ '965', '663' ]
backtrack21 (587:0) [ '966' ] [ '130' ]
backtrack21 (587:1) [ '966' ] [ '402' ]
finished   (587:2) [] [ '966', '405' ]
finished   (588:0) [] [ '967', '930' ]
backtrack21 (589:0) [ '968' ] [ '130' ]
backtrack21 (589:1) [ '968' ] [ '402' ]
finished   (589:2) [] [ '968', '405' ]
backtrack21 (590:0) [ '969' ] [ '98' ]
finished   (590:1) [] [ '969', '270' ]
finished   (591:0) [] [ '970', '804' ]
backtrack21 (592:0) [ '971' ] [ '184' ]
finished   (592:1) [] [ '971', '375' ]
finished   (593:0) [] [ '972', '930' ]
finished   (594:0) [] [ '974', '121' ]
finished   (595:0) [] [ '975', '514' ]
finished   (596:0) [] [ '976', '514' ]
finished   (597:0) [] [ '977', '40' ]
finished   (598:0) [] [ '981', '98' ]
backtrack21 (599:0) [ '982' ] [ '402' ]
backtrack21 (599:1) [ '982' ] [ '405' ]
finished   (599:2) [] [ '982', '452' ]
finished   (600:0) [] [ '983', '423' ]
finished   (601:0) [] [ '984', '423' ]
finished   (602:0) [] [ '985', '98' ]
backtracked (603:0) [ '986', '34' ] [ '33' ]
backtracked (603:1) [ '986', '34' ] [ '76' ]
backtrack21 (603:2) [ '986' ] [ '34', '460' ]
backtrack21 (603:3) [ '986' ] [ '437' ]
backtrack21 (603:4) [ '986' ] [ '708' ]
backtrack21 (603:5) [ '986' ] [ '710' ]
backtrack21 (603:6) [ '986' ] [ '1083', '1138', '668' ]
finished   (603:7) [] [ '986', '1377' ]
finished   (604:0) [] [ '987', '985' ]
finished   (605:0) [] [ '988', '423' ]
finished   (606:0) [] [ '989', '423' ]
finished   (607:0) [] [ '990', '18' ]
finished   (608:0) [] [ '991', '18' ]
finished   (609:0) [] [ '992', '423' ]
finished   (610:0) [] [ '994', '1', '561' ]
finished   (611:0) [] [ '995', '985' ]
finished   (612:0) [] [ '996', '98' ]
finished   (613:0) [] [ '997', '98' ]
finished   (614:0) [] [ '998', '98' ]
finished   (615:0) [] [ '1000', '375' ]
backtrack21 (616:0) [ '1001' ] [ '29' ]
finished   (616:1) [] [ '1001', '1002', '29' ]
finished   (617:0) [] [ '1003', '1004', '584' ]
finished   (618:0) [] [ '1005', '103' ]
backtrack21 (619:0) [ '1006' ] [ '270' ]
finished   (619:1) [] [ '1006', '274' ]
finished   (620:0) [] [ '1007', '29' ]
backtrack21 (621:0) [ '1008' ] [ '452' ]
backtrack21 (621:1) [ '1008' ] [ '630' ]
finished   (621:2) [] [ '1008', '982' ]
finished   (622:0) [] [ '1009', '986' ]
finished   (623:0) [] [ '1011', '365' ]
finished   (624:0) [] [ '1012', '365' ]
finished   (625:0) [] [ '1013', '399' ]
finished   (626:0) [] [ '1014', '584' ]
finished   (627:0) [] [ '1015', '106' ]
finished   (628:0) [] [ '1016', '106' ]
finished   (629:0) [] [ '1017', '106' ]
finished   (630:0) [] [ '1018', '106' ]
finished   (631:0) [] [ '1019', '585' ]
finished   (632:0) [] [ '1020', '585' ]
finished   (633:0) [] [ '1021', '1022' ]
finished   (634:0) [] [ '1024', '29' ]
finished   (635:0) [] [ '1025', '487' ]
finished   (636:0) [] [ '1026', '487' ]
finished   (637:0) [] [ '1027', '23' ]
finished   (638:0) [] [ '1028', '23' ]
backtrack21 (639:0) [ '1029' ] [ '437' ]
finished   (639:1) [] [ '1029', '1646' ]
backtrack21 (640:0) [ '1030' ] [ '485' ]
finished   (640:1) [] [ '1030', '1033' ]
backtrack21 (641:0) [ '1031' ] [ '1002' ]
finished   (641:1) [] [ '1031', '1602' ]
finished   (642:0) [] [ '1032', '1033' ]
finished   (643:0) [] [ '1034', '1035' ]
finished   (644:0) [] [ '1036', '29' ]
finished   (645:0) [] [ '1037', '1035' ]
finished   (646:0) [] [ '1038', '1039', '1035' ]
finished   (647:0) [] [ '1040', '29' ]
finished   (648:0) [] [ '1041', '1033' ]
finished   (649:0) [] [ '1042', '29' ]
finished   (650:0) [] [ '1043', '1035' ]
finished   (651:0) [] [ '1045', '29' ]
backtrack21 (652:0) [ '1046' ] [ '224' ]
finished   (652:1) [] [ '1046', '437' ]
finished   (653:0) [] [ '1047', '1033' ]
finished   (654:0) [] [ '1048', '1033' ]
finished   (655:0) [] [ '1050', '18' ]
finished   (656:0) [] [ '1053', '1033' ]
backtrack21 (657:0) [ '1054' ] [ '18' ]
finished   (657:1) [] [ '1054', '514' ]
finished   (658:0) [] [ '1055', '1033' ]
finished   (659:0) [] [ '1058', '957' ]
finished   (660:0) [] [ '1059', '957' ]
finished   (661:0) [] [ '1060', '92' ]
backtrack21 (662:0) [ '1062' ] [ '404' ]
finished   (662:1) [] [ '1062', '437' ]
finished   (663:0) [] [ '1063', '437' ]
finished   (664:0) [] [ '1064', '437' ]
finished   (665:0) [] [ '1065', '92' ]
finished   (666:0) [] [ '1066', '514' ]
finished   (667:0) [] [ '1067', '1068' ]
backtrack21 (668:0) [ '1069' ] [ '437' ]
finished   (668:1) [] [ '1069', '595' ]
finished   (669:0) [] [ '1070', '437' ]
finished   (670:0) [] [ '1071', '514' ]
finished   (671:0) [] [ '1072', '437' ]
backtrack21 (672:0) [ '1073' ] [ '92' ]
finished   (672:1) [] [ '1073', '437' ]
finished   (673:0) [] [ '1074', '484' ]
finished   (674:0) [] [ '1075', '484' ]
finished   (675:0) [] [ '1076', '92' ]
finished   (676:0) [] [ '1077', '76' ]
finished   (677:0) [] [ '1079', '437' ]
finished   (678:0) [] [ '1080', '487' ]
finished   (679:0) [] [ '1081', '29' ]
finished   (680:0) [] [ '1084', '1085' ]
backtrack21 (681:0) [ '1086' ] [ '437' ]
finished   (681:1) [] [ '1086', '1010' ]
finished   (682:0) [] [ '1087', '514' ]
finished   (683:0) [] [ '1089', '274' ]
finished   (684:0) [] [ '1090', '100' ]
finished   (685:0) [] [ '1091', '1092' ]
finished   (686:0) [] [ '1093', '514' ]
finished   (687:0) [] [ '1094', '514' ]
finished   (688:0) [] [ '1095', '514' ]
finished   (689:0) [] [ '1096', '514' ]
finished   (690:0) [] [ '1097', '514' ]
finished   (691:0) [] [ '1098', '514' ]
finished   (692:0) [] [ '1099', '514' ]
finished   (693:0) [] [ '1100', '514' ]
finished   (694:0) [] [ '1101', '514' ]
finished   (695:0) [] [ '1102', '18' ]
backtrack21 (696:0) [ '1103' ] [ '952' ]
finished   (696:1) [] [ '1103', '1393' ]
finished   (697:0) [] [ '1104', '1103' ]
finished   (698:0) [] [ '1109', '1110' ]
finished   (699:0) [] [ '1111', '452' ]
finished   (700:0) [] [ '1112', '10' ]
finished   (701:0) [] [ '1113', '1114', '999' ]
finished   (702:0) [] [ '1115', '1116', '722' ]
finished   (703:0) [] [ '1117', '999' ]
finished   (704:0) [] [ '1118', '1116' ]
finished   (705:0) [] [ '1119', '999' ]
finished   (706:0) [] [ '1120', '633' ]
finished   (707:0) [] [ '1123', '29' ]
finished   (708:0) [] [ '1125', '999' ]
finished   (709:0) [] [ '1127', '756' ]
finished   (710:0) [] [ '1128', '756' ]
finished   (711:0) [] [ '1129', '756' ]
backtrack21 (712:0) [ '1131' ] [ '227' ]
finished   (712:1) [] [ '1131', '234' ]
backtrack21 (713:0) [ '1132' ] [ '821' ]
finished   (713:1) [] [ '1132', '1133' ]
finished   (714:0) [] [ '1134', '365' ]
finished   (715:0) [] [ '1135', '756' ]
finished   (716:0) [] [ '1136', '460' ]
finished   (717:0) [] [ '1137', '756' ]
finished   (718:0) [] [ '1139', '756' ]
finished   (719:0) [] [ '1140', '460' ]
finished   (720:0) [] [ '1141', '756' ]
finished   (721:0) [] [ '1142', '437' ]
finished   (722:0) [] [ '1143', '993' ]
finished   (723:0) [] [ '1144', '1029' ]
finished   (724:0) [] [ '1145', '459' ]
finished   (725:0) [] [ '1146', '584' ]
finished   (726:0) [] [ '1147', '729' ]
finished   (727:0) [] [ '1148', '895' ]
finished   (728:0) [] [ '1149', '19' ]
finished   (729:0) [] [ '1152', '483' ]
finished   (730:0) [] [ '1156', '29' ]
finished   (731:0) [] [ '1157', '1004' ]
backtrack21 (732:0) [ '1158' ] [ '1004' ]
finished   (732:1) [] [ '1158', '1311' ]
finished   (733:0) [] [ '1159', '125' ]
finished   (734:0) [] [ '1160', '1161', '459' ]
finished   (735:0) [] [ '1162', '584' ]
finished   (736:0) [] [ '1163', '584' ]
finished   (737:0) [] [ '1164', '184' ]
finished   (738:0) [] [ '1165', '220' ]
finished   (739:0) [] [ '1166', '220' ]
finished   (740:0) [] [ '1167', '184' ]
finished   (741:0) [] [ '1168', '11' ]
finished   (742:0) [] [ '1169', '723' ]
finished   (743:0) [] [ '1171', '485' ]
finished   (744:0) [] [ '1172', '1173', '29' ]
backtrack21 (745:0) [ '1174' ] [ '1172' ]
finished   (745:1) [] [ '1174', '1173' ]
finished   (746:0) [] [ '1176', '452' ]
finished   (747:0) [] [ '1177', '357' ]
finished   (748:0) [] [ '1178', '54' ]
finished   (749:0) [] [ '1179', '1033' ]
finished   (750:0) [] [ '1180', '65' ]
finished   (751:0) [] [ '1181', '1033' ]
finished   (752:0) [] [ '1182', '65' ]
backtrack21 (753:0) [ '1183' ] [ '402' ]
backtrack21 (753:1) [ '1183' ] [ '405' ]
finished   (753:2) [] [ '1183', '1393' ]
finished   (754:0) [] [ '1184', '54' ]
finished   (755:0) [] [ '1185', '92' ]
finished   (756:0) [] [ '1187', '92' ]
backtrack21 (757:0) [ '1188' ] [ '402' ]
backtrack21 (757:1) [ '1188' ] [ '452' ]
backtrack21 (757:2) [ '1188' ] [ '640' ]
finished   (757:3) [] [ '1188', '1183' ]
finished   (758:0) [] [ '1192', '54' ]
backtrack21 (759:0) [ '1193' ] [ '405' ]
backtrack21 (759:1) [ '1193' ] [ '640' ]
backtrack21 (759:2) [ '1193' ] [ '1183' ]
finished   (759:3) [] [ '1193', '1393' ]
backtrack21 (760:0) [ '1194' ] [ '402' ]
backtrack21 (760:1) [ '1194' ] [ '405' ]
backtrack21 (760:2) [ '1194' ] [ '640' ]
finished   (760:3) [] [ '1194', '1393' ]
finished   (761:0) [] [ '1196', '564' ]
finished   (762:0) [] [ '1198', '1' ]
finished   (763:0) [] [ '1199', '564' ]
finished   (764:0) [] [ '1200', '399' ]
finished   (765:0) [] [ '1201', '65' ]
finished   (766:0) [] [ '1202', '564' ]
backtrack21 (767:0) [ '1203' ] [ '249' ]
backtrack21 (767:1) [ '1203' ] [ '402' ]
backtrack21 (767:2) [ '1203' ] [ '405' ]
finished   (767:3) [] [ '1203', '640' ]
finished   (768:0) [] [ '1204', '10' ]
finished   (769:0) [] [ '1205', '10' ]
finished   (770:0) [] [ '1207', '10' ]
finished   (771:0) [] [ '1208', '953' ]
finished   (772:0) [] [ '1209', '123' ]
finished   (773:0) [] [ '1210', '10' ]
finished   (774:0) [] [ '1211', '123' ]
finished   (775:0) [] [ '1212', '123' ]
finished   (776:0) [] [ '1215', '10' ]
finished   (777:0) [] [ '1216', '92' ]
finished   (778:0) [] [ '1218', '10' ]
finished   (779:0) [] [ '1219', '98' ]
finished   (780:0) [] [ '1220', '10' ]
finished   (781:0) [] [ '1221', '98' ]
finished   (782:0) [] [ '1222', '54' ]
finished   (783:0) [] [ '1223', '572' ]
finished   (784:0) [] [ '1224', '10' ]
finished   (785:0) [] [ '1225', '123' ]
finished   (786:0) [] [ '1227', '123' ]
finished   (787:0) [] [ '1228', '10' ]
finished   (788:0) [] [ '1231', '123' ]
finished   (789:0) [] [ '1233', '10' ]
finished   (790:0) [] [ '1234', '1235' ]
finished   (791:0) [] [ '1236', '123' ]
finished   (792:0) [] [ '1237', '1' ]
finished   (793:0) [] [ '1238', '1235' ]
finished   (794:0) [] [ '1239', '1235' ]
finished   (795:0) [] [ '1240', '10' ]
finished   (796:0) [] [ '1241', '365' ]
finished   (797:0) [] [ '1242', '1235' ]
finished   (798:0) [] [ '1243', '1244' ]
finished   (799:0) [] [ '1245', '1235' ]
finished   (800:0) [] [ '1246', '993' ]
finished   (801:0) [] [ '1247', '1248' ]
finished   (802:0) [] [ '1249', '1235' ]
finished   (803:0) [] [ '1250', '1244' ]
finished   (804:0) [] [ '1255', '1235' ]
finished   (805:0) [] [ '1257', '1244' ]
finished   (806:0) [] [ '1258', '10' ]
finished   (807:0) [] [ '1259', '1244' ]
finished   (808:0) [] [ '1260', '1235' ]
finished   (809:0) [] [ '1261', '10' ]
finished   (810:0) [] [ '1263', '1244' ]
finished   (811:0) [] [ '1264', '1235' ]
finished   (812:0) [] [ '1266', '1244' ]
finished   (813:0) [] [ '1267', '1235' ]
finished   (814:0) [] [ '1268', '1235' ]
finished   (815:0) [] [ '1269', '1248' ]
finished   (816:0) [] [ '1270', '1244' ]
finished   (817:0) [] [ '1272', '1235' ]
finished   (818:0) [] [ '1273', '1235' ]
finished   (819:0) [] [ '1274', '1244' ]
finished   (820:0) [] [ '1275', '1235' ]
finished   (821:0) [] [ '1276', '584' ]
finished   (822:0) [] [ '1277', '224' ]
finished   (823:0) [] [ '1278', '123' ]
backtrack21 (824:0) [ '1279' ] [ '10' ]
finished   (824:1) [] [ '1279', '508' ]
finished   (825:0) [] [ '1280', '1234' ]
finished   (826:0) [] [ '1281', '1274' ]
finished   (827:0) [] [ '1285', '287' ]
finished   (828:0) [] [ '1286', '1244' ]
finished   (829:0) [] [ '1287', '1283' ]
finished   (830:0) [] [ '1288', '92' ]
finished   (831:0) [] [ '1289', '274' ]
finished   (832:0) [] [ '1290', '459' ]
backtrack21 (833:0) [ '1291' ] [ '92' ]
finished   (833:1) [] [ '1291', '224' ]
finished   (834:0) [] [ '1292', '595' ]
finished   (835:0) [] [ '1293', '756' ]
finished   (836:0) [] [ '1294', '595' ]
finished   (837:0) [] [ '1295', '756' ]
finished   (838:0) [] [ '1296', '1244' ]
finished   (839:0) [] [ '1297', '1298', '131' ]
backtrack21 (840:0) [ '1299' ] [ '564' ]
finished   (840:1) [] [ '1299', '1300' ]
finished   (841:0) [] [ '1301', '125' ]
backtracked (842:0) [ '1302', '1303' ] [ '1146' ]
finished   (842:1) [] [ '1302', '1303', '1460' ]
finished   (843:0) [] [ '1307', '452' ]
finished   (844:0) [] [ '1308', '1309' ]
finished   (845:0) [] [ '1310', '92' ]
finished   (846:0) [] [ '1312', '1313', '92' ]
finished   (847:0) [] [ '1314', '1311' ]
finished   (848:0) [] [ '1315', '572' ]
finished   (849:0) [] [ '1316', '1311' ]
finished   (850:0) [] [ '1318', '29' ]
finished   (851:0) [] [ '1319', '357' ]
finished   (852:0) [] [ '1320', '572' ]
finished   (853:0) [] [ '1321', '357' ]
backtrack21 (854:0) [ '1322' ] [ '270' ]
finished   (854:1) [] [ '1322', '274' ]
finished   (855:0) [] [ '1323', '357' ]
finished   (856:0) [] [ '1324', '513' ]
finished   (857:0) [] [ '1325', '357' ]
finished   (858:0) [] [ '1326', '572' ]
finished   (859:0) [] [ '1327', '357' ]
backtracked (860:0) [ '1328', '1329' ] [ '224' ]
backtracked (860:1) [ '1328', '1329' ] [ '1010' ]
finished   (860:2) [] [ '1328', '1329', '1313' ]
finished   (861:0) [] [ '1330', '87' ]
finished   (862:0) [] [ '1331', '1226' ]
finished   (863:0) [] [ '1332', '513' ]
finished   (864:0) [] [ '1333', '513' ]
finished   (865:0) [] [ '1336', '513' ]
finished   (866:0) [] [ '1338', '1' ]
finished   (867:0) [] [ '1339', '452' ]
backtrack21 (868:0) [ '1340' ] [ '18' ]
finished   (868:1) [] [ '1340', '19' ]
finished   (869:0) [] [ '1341', '452' ]
finished   (870:0) [] [ '1342', '452' ]
finished   (871:0) [] [ '1345', '494' ]
finished   (872:0) [] [ '1346', '513' ]
finished   (873:0) [] [ '1347', '19' ]
finished   (874:0) [] [ '1348', '19' ]
found loop (875:0) [] [ '1349', '1350', '1352', '1349' ]
finished   (876:0) [] [ '1351', '494' ]
finished   (877:0) [] [ '1353', '159' ]
finished   (878:0) [] [ '1354', '452' ]
finished   (879:0) [] [ '1356', '452' ]
finished   (880:0) [] [ '1357', '365' ]
finished   (881:0) [] [ '1358', '452' ]
finished   (882:0) [] [ '1359', '365' ]
finished   (883:0) [] [ '1360', '452' ]
finished   (884:0) [] [ '1361', '1222' ]
finished   (885:0) [] [ '1362', '365' ]
finished   (886:0) [] [ '1363', '452' ]
finished   (887:0) [] [ '1366', '452' ]
finished   (888:0) [] [ '1367', '224' ]
finished   (889:0) [] [ '1370', '1' ]
finished   (890:0) [] [ '1372', '1373' ]
finished   (891:0) [] [ '1374', '365' ]
finished   (892:0) [] [ '1376', '1373' ]
backtrack21 (893:0) [ '1378' ] [ '1298' ]
finished   (893:1) [] [ '1378', '1376' ]
backtrack21 (894:0) [ '1379' ] [ '1376' ]
finished   (894:1) [] [ '1379', '1381' ]
backtrack21 (895:0) [ '1380' ] [ '1378' ]
finished   (895:1) [] [ '1380', '1381' ]
finished   (896:0) [] [ '1382', '404' ]
finished   (897:0) [] [ '1383', '404' ]
backtrack21 (898:0) [ '1384' ] [ '1376' ]
finished   (898:1) [] [ '1384', '1385', '131' ]
backtrack21 (899:0) [ '1386' ] [ '1378' ]
finished   (899:1) [] [ '1386', '1385' ]
finished   (900:0) [] [ '1387', '270' ]
finished   (901:0) [] [ '1388', '1389' ]
finished   (902:0) [] [ '1390', '274' ]
finished   (903:0) [] [ '1394', '584' ]
finished   (904:0) [] [ '1395', '584' ]
finished   (905:0) [] [ '1396', '10' ]
finished   (906:0) [] [ '1397', '10' ]
finished   (907:0) [] [ '1400', '32' ]
backtrack21 (908:0) [ '1401' ] [ '21' ]
finished   (908:1) [] [ '1401', '608' ]
finished   (909:0) [] [ '1402', '1403', '224' ]
backtrack21 (910:0) [ '1406' ] [ '402' ]
finished   (910:1) [] [ '1406', '405' ]
backtrack21 (911:0) [ '1409' ] [ '595' ]
finished   (911:1) [] [ '1409', '1609' ]
finished   (912:0) [] [ '1410', '572' ]
backtrack21 (913:0) [ '1411' ] [ '405' ]
finished   (913:1) [] [ '1411', '1412' ]
finished   (914:0) [] [ '1414', '96' ]
finished   (915:0) [] [ '1415', '572' ]
finished   (916:0) [] [ '1416', '96' ]
backtrack21 (917:0) [ '1418' ] [ '402' ]
finished   (917:1) [] [ '1418', '1412' ]
backtrack21 (918:0) [ '1419' ] [ '402' ]
finished   (918:1) [] [ '1419', '1412' ]
finished   (919:0) [] [ '1421', '131' ]
finished   (920:0) [] [ '1422', '1149' ]
finished   (921:0) [] [ '1431', '459' ]
finished   (922:0) [] [ '1447', '1' ]
finished   (923:0) [] [ '1452', '1341' ]
finished   (924:0) [] [ '1454', '10' ]
finished   (925:0) [] [ '1455', '1149' ]
finished   (926:0) [] [ '1456', '1' ]
finished   (927:0) [] [ '1457', '10' ]
finished   (928:0) [] [ '1458', '19' ]
finished   (929:0) [] [ '1459', '365' ]
finished   (930:0) [] [ '1461', '365' ]
finished   (931:0) [] [ '1462', '365' ]
finished   (932:0) [] [ '1463', '10' ]
finished   (933:0) [] [ '1465', '1306' ]
finished   (934:0) [] [ '1466', '1010' ]
finished   (935:0) [] [ '1467', '595' ]
finished   (936:0) [] [ '1468', '595' ]
finished   (937:0) [] [ '1469', '595' ]
finished   (938:0) [] [ '1470', '1471' ]
finished   (939:0) [] [ '1472', '1471' ]
backtrack21 (940:0) [ '1473' ] [ '1471' ]
finished   (940:1) [] [ '1473', '1474', '1471' ]
finished   (941:0) [] [ '1477', '1478' ]
finished   (942:0) [] [ '1479', '504' ]
finished   (943:0) [] [ '1480', '504' ]
finished   (944:0) [] [ '1481', '595' ]
finished   (945:0) [] [ '1482', '1010' ]
finished   (946:0) [] [ '1483', '723' ]
backtrack21 (947:0) [ '1485' ] [ '1298' ]
finished   (947:1) [] [ '1485', '1373' ]
finished   (948:0) [] [ '1486', '667' ]
finished   (949:0) [] [ '1487', '710' ]
finished   (950:0) [] [ '1488', '668' ]
finished   (951:0) [] [ '1489', '668' ]
finished   (952:0) [] [ '1490', '668' ]
finished   (953:0) [] [ '1491', '668' ]
finished   (954:0) [] [ '1492', '668' ]
finished   (955:0) [] [ '1493', '668' ]
backtrack21 (956:0) [ '1495' ] [ '608' ]
backtrack21 (956:1) [ '1495' ] [ '681' ]
finished   (956:2) [] [ '1495', '1585', '21' ]
finished   (957:0) [] [ '1498', '125' ]
finished   (958:0) [] [ '1499', '264' ]
finished   (959:0) [] [ '1500', '183' ]
finished   (960:0) [] [ '1501', '33' ]
finished   (961:0) [] [ '1503', '1504', '183' ]
finished   (962:0) [] [ '1506', '707' ]
finished   (963:0) [] [ '1507', '707' ]
finished   (964:0) [] [ '1508', '1010' ]
finished   (965:0) [] [ '1509', '21' ]
backtrack21 (966:0) [ '1510' ] [ '10' ]
finished   (966:1) [] [ '1510', '1591' ]
backtrack21 (967:0) [ '1511' ] [ '33' ]
finished   (967:1) [] [ '1511', '460' ]
finished   (968:0) [] [ '1512', '595' ]
finished   (969:0) [] [ '1514', '224' ]
finished   (970:0) [] [ '1515', '224' ]
finished   (971:0) [] [ '1518', '1517' ]
backtrack21 (972:0) [ '1519' ] [ '978' ]
finished   (972:1) [] [ '1519', '1391' ]
finished   (973:0) [] [ '1520', '1517' ]
finished   (974:0) [] [ '1522', '1311' ]
finished   (975:0) [] [ '1523', '1303' ]
finished   (976:0) [] [ '1524', '1517' ]
finished   (977:0) [] [ '1531', '365' ]
finished   (978:0) [] [ '1532', '365' ]
finished   (979:0) [] [ '1533', '595' ]
finished   (980:0) [] [ '1534', '1526' ]
finished   (981:0) [] [ '1536', '365' ]
finished   (982:0) [] [ '1537', '195' ]
backtrack21 (983:0) [ '1538' ] [ '195' ]
finished   (983:1) [] [ '1538', '460' ]
finished   (984:0) [] [ '1539', '10' ]
finished   (985:0) [] [ '1540', '47' ]
backtrack21 (986:0) [ '1541' ] [ '167' ]
finished   (986:1) [] [ '1541', '233' ]
finished   (987:0) [] [ '1542', '10' ]
backtrack21 (988:0) [ '1543' ] [ '167' ]
finished   (988:1) [] [ '1543', '218' ]
backtrack21 (989:0) [ '1544' ] [ '167' ]
finished   (989:1) [] [ '1544', '181' ]
finished   (990:0) [] [ '1545', '10' ]
finished   (991:0) [] [ '1546', '10' ]
finished   (992:0) [] [ '1547', '10' ]
finished   (993:0) [] [ '1548', '10' ]
finished   (994:0) [] [ '1549', '10' ]
finished   (995:0) [] [ '1550', '10' ]
finished   (996:0) [] [ '1551', '10' ]
backtrack21 (997:0) [ '1552' ] [ '184' ]
finished   (997:1) [] [ '1552', '1553' ]
backtrack21 (998:0) [ '1554' ] [ '10' ]
finished   (998:1) [] [ '1554', '722' ]
finished   (999:0) [] [ '1555', '725' ]
finished   (1000:0) [] [ '1556', '10' ]
finished   (1001:0) [] [ '1557', '10' ]
finished   (1002:0) [] [ '1558', '1412' ]
finished   (1003:0) [] [ '1559', '10' ]
backtrack21 (1004:0) [ '1560' ] [ '405' ]
finished   (1004:1) [] [ '1560', '1412' ]
finished   (1005:0) [] [ '1561', '10' ]
finished   (1006:0) [] [ '1562', '10' ]
backtrack21 (1007:0) [ '1563' ] [ '402' ]
finished   (1007:1) [] [ '1563', '405' ]
finished   (1008:0) [] [ '1564', '717' ]
backtrack21 (1009:0) [ '1565' ] [ '405' ]
finished   (1009:1) [] [ '1565', '1412' ]
backtrack21 (1010:0) [ '1566' ] [ '139' ]
finished   (1010:1) [] [ '1566', '494' ]
finished   (1011:0) [] [ '1567', '10' ]
finished   (1012:0) [] [ '1568', '10' ]
finished   (1013:0) [] [ '1569', '10' ]
backtrack21 (1014:0) [ '1570' ] [ '1412' ]
finished   (1014:1) [] [ '1570', '1571' ]
backtrack21 (1015:0) [ '1572' ] [ '402' ]
finished   (1015:1) [] [ '1572', '405' ]
backtrack21 (1016:0) [ '1573' ] [ '10' ]
finished   (1016:1) [] [ '1573', '1591' ]
finished   (1017:0) [] [ '1574', '10' ]
backtrack21 (1018:0) [ '1575' ] [ '405' ]
finished   (1018:1) [] [ '1575', '1571' ]
backtrack21 (1019:0) [ '1576' ] [ '1412' ]
finished   (1019:1) [] [ '1576', '1571' ]
finished   (1020:0) [] [ '1577', '10' ]
finished   (1021:0) [] [ '1578', '10' ]
finished   (1022:0) [] [ '1579', '1566' ]
finished   (1023:0) [] [ '1580', '10' ]
backtrack21 (1024:0) [ '1581' ] [ '402' ]
backtrack21 (1024:1) [ '1581' ] [ '1412' ]
finished   (1024:2) [] [ '1581', '1571' ]
backtrack21 (1025:0) [ '1582' ] [ '402' ]
backtrack21 (1025:1) [ '1582' ] [ '405' ]
finished   (1025:2) [] [ '1582', '1571' ]
finished   (1026:0) [] [ '1583', '10' ]
backtrack21 (1027:0) [ '1584' ] [ '10' ]
backtrack21 (1027:1) [ '1584' ] [ '514' ]
finished   (1027:2) [] [ '1584', '1591' ]
backtrack21 (1028:0) [ '1586' ] [ '402' ]
finished   (1028:1) [] [ '1586', '1571' ]
backtrack21 (1029:0) [ '1587' ] [ '405' ]
finished   (1029:1) [] [ '1587', '1412' ]
finished   (1030:0) [] [ '1588', '1373' ]
backtrack21 (1031:0) [ '1589' ] [ '1298' ]
finished   (1031:1) [] [ '1589', '1373' ]
backtrack21 (1032:0) [ '1590' ] [ '1298' ]
finished   (1032:1) [] [ '1590', '1373' ]
finished   (1033:0) [] [ '1592', '92' ]
finished   (1034:0) [] [ '1593', '1591' ]
finished   (1035:0) [] [ '1594', '1591' ]
finished   (1036:0) [] [ '1595', '722' ]
finished   (1037:0) [] [ '1596', '1591' ]
finished   (1038:0) [] [ '1597', '1591' ]
finished   (1039:0) [] [ '1598', '514' ]
finished   (1040:0) [] [ '1600', '274' ]
finished   (1041:0) [] [ '1601', '58' ]
backtrack21 (1042:0) [ '1603' ] [ '10' ]
finished   (1042:1) [] [ '1603', '508' ]
finished   (1043:0) [] [ '1604', '1605' ]
finished   (1044:0) [] [ '1606', '610' ]
finished   (1045:0) [] [ '1607', '1533' ]
backtrack21 (1046:0) [ '1608' ] [ '270' ]
finished   (1046:1) [] [ '1608', '274' ]
finished   (1047:0) [] [ '1610', '1609' ]
backtrack21 (1048:0) [ '1612' ] [ '1029' ]
finished   (1048:1) [] [ '1612', '1431' ]
finished   (1049:0) [] [ '1613', '10' ]
backtrack21 (1050:0) [ '1614' ] [ '893' ]
finished   (1050:1) [] [ '1614', '1615', '893' ]
finished   (1051:0) [] [ '1616', '10' ]
finished   (1052:0) [] [ '1617', '10' ]
backtracked (1053:0) [ '1618', '653' ] [ '907' ]
backtrack21 (1053:1) [ '1618' ] [ '653', '1635', '907' ]
backtrack21 (1053:2) [ '1618' ] [ '907' ]
backtrack21 (1053:3) [ '1618' ] [ '916' ]
finished   (1053:4) [] [ '1618', '1631', '907' ]
finished   (1054:0) [] [ '1619', '96' ]
backtrack21 (1055:0) [ '1620' ] [ '907' ]
finished   (1055:1) [] [ '1620', '922' ]
finished   (1056:0) [] [ '1622', '10' ]
backtrack21 (1057:0) [ '1624' ] [ '610' ]
finished   (1057:1) [] [ '1624', '1412' ]
finished   (1058:0) [] [ '1625', '10' ]
finished   (1059:0) [] [ '1626', '907' ]
backtrack21 (1060:0) [ '1628' ] [ '402' ]
finished   (1060:1) [] [ '1628', '1412' ]
backtrack21 (1061:0) [ '1629' ] [ '405' ]
finished   (1061:1) [] [ '1629', '1571' ]
finished   (1062:0) [] [ '1630', '927' ]
finished   (1063:0) [] [ '1632', '988' ]
finished   (1064:0) [] [ '1633', '915' ]
finished   (1065:0) [] [ '1634', '10' ]
backtrack21 (1066:0) [ '1636' ] [ '1628' ]
finished   (1066:1) [] [ '1636', '1629' ]
finished   (1067:0) [] [ '1637', '927' ]
finished   (1068:0) [] [ '1638', '10' ]
finished   (1069:0) [] [ '1640', '10' ]
finished   (1070:0) [] [ '1641', '10' ]
finished   (1071:0) [] [ '1642', '927' ]
backtrack21 (1072:0) [ '1644' ] [ '1628' ]
finished   (1072:1) [] [ '1644', '1629' ]
backtrack21 (1073:0) [ '1645' ] [ '1628' ]
finished   (1073:1) [] [ '1645', '1636' ]
finished   (1074:0) [] [ '1648', '10' ]
backtrack21 (1075:0) [ '1649' ] [ '1373' ]
finished   (1075:1) [] [ '1649', '1381' ]
backtrack21 (1076:0) [ '1650' ] [ '1628' ]
finished   (1076:1) [] [ '1650', '1636' ]
backtrack21 (1077:0) [ '1651' ] [ '1629' ]
finished   (1077:1) [] [ '1651', '1636' ]
finished   (1078:0) [] [ '1652', '572' ]
finished   (1079:0) [] [ '1653', '856' ]
finished   (1080:0) [] [ '1654', '633' ]
finished   (1081:0) [] [ '1655', '633' ]
finished   (1082:0) [] [ '1656', '633' ]
finished   (1083:0) [] [ '1657', '572' ]
finished   (1084:0) [] [ '1659', '633' ]
finished   (1085:0) [] [ '1660', '633' ]
finished   (1086:0) [] [ '1661', '10' ]
finished   (1087:0) [] [ '1663', '633' ]
finished   (1088:0) [] [ '1664', '572' ]
backtrack21 (1089:0) [ '1665' ] [ '1629' ]
finished   (1089:1) [] [ '1665', '1636' ]
backtrack21 (1090:0) [ '1666' ] [ '1628' ]
finished   (1090:1) [] [ '1666', '1636' ]
finished   (1091:0) [] [ '1667', '572' ]
finished   (1092:0) [] [ '1668', '1653' ]
finished   (1093:0) [] [ '1670', '10' ]
finished   (1094:0) [] [ '1671', '10' ]
backtrack21 (1095:0) [ '1672' ] [ '1628' ]
finished   (1095:1) [] [ '1672', '1636' ]
finished   (1096:0) [] [ '1673', '159' ]
finished   (1097:0) [] [ '1674', '10' ]
finished   (1098:0) [] [ '1675', '159' ]
backtrack21 (1099:0) [ '1676' ] [ '399' ]
finished   (1099:1) [] [ '1676', '400' ]
backtrack21 (1100:0) [ '1677' ] [ '1628' ]
finished   (1100:1) [] [ '1677', '1636' ]
backtrack21 (1101:0) [ '1678' ] [ '1628' ]
finished   (1101:1) [] [ '1678', '1629' ]
finished   (1102:0) [] [ '1679', '19' ]
finished   (1103:0) [] [ '1680', '19' ]
finished   (1104:0) [] [ '1682', '10' ]
finished   (1105:0) [] [ '1683', '10' ]
backtrack21 (1106:0) [ '1684' ] [ '1628' ]
finished   (1106:1) [] [ '1684', '1636' ]
finished   (1107:0) [] [ '1685', '10' ]
finished   (1108:0) [] [ '1686', '1687' ]
finished   (1109:0) [] [ '1689', '19' ]
finished   (1110:0) [] [ '1690', '423' ]
finished   (1111:0) [] [ '1691', '18' ]
finished   (1112:0) [] [ '1692', '10' ]
finished   (1113:0) [] [ '1693', '19' ]
finished   (1114:0) [] [ '1694', '18' ]
finished   (1115:0) [] [ '1695', '10' ]
finished   (1116:0) [] [ '1696', '10' ]
finished   (1117:0) [] [ '1697', '18' ]
finished   (1118:0) [] [ '1698', '1' ]
finished   (1119:0) [] [ '1699', '47' ]
finished   (1120:0) [] [ '1700', '19' ]
finished   (1121:0) [] [ '1701', '18' ]
done
