Running single thread with 15 workers
backtracked (45-0:0) [ '45', '33', '445' ] [ '92' ]
backtracked (45-0:1) [ '45', '33', '445', '437', '380', '224', '352' ] [ '92' ]
backtrack21 (1-0:0) [ '1' ] [ '0' ]
backtracked (1-0:1) [ '1', '3' ] [ '0' ]
backtracked (1-1:0) [ '1', '3' ] [ '0' ]
backtracked (1-0:2) [ '1', '3', '2' ] [ '0' ]
found loop (1-0:3 [] [ '1', '3', '2', '1' ]
backtracked (1-5:0) [ '1', '11' ] [ '5', '26' ]
backtrack21 (1-7:0) [ '1' ] [ '11' ]
backtrack21 (1-7:1) [ '1' ] [ '54' ]
backtrack21 (1-7:2) [ '1' ] [ '74' ]
backtrack21 (1-7:3) [ '1' ] [ '77' ]
backtracked (45-0:2) [ '45', '33', '445', '437', '380', '224' ] [ '352', '1010' ]
backtracked (45-0:3) [ '45', '33', '445', '437', '380', '224', '388' ] [ '365' ]
finished   (121-0:0) [] [ '121', '1033' ]
backtrack21 (16-0:0) [ '16' ] [ '17', '125' ]
finished   (16-0:1) [] [ '16', '125' ]
finished   (151-0:0) [] [ '151', '123' ]
backtracked (76-2:0) [ '76', '33', '445', '437', '380', '224' ] [ '388' ]
backtrack21 (1-7:4) [ '1' ] [ '201', '54' ]
found loop (1-7:5 [] [ '1', '561', '531', '1' ]
found loop (1-1:1 [] [ '1', '3', '2', '1' ]
found loop (47-0:0 [] [ '47', '1190', '1189', '47' ]
finished   (16-1:0) [] [ '16', '17' ]
backtrack21 (227-0:0) [ '227' ] [ '234' ]
finished   (227-0:1) [] [ '227', '243', '234' ]
finished   (242-0:0) [] [ '242', '270' ]
backtracked (76-4:0) [ '76', '33', '445', '437', '380' ] [ '224', '1010' ]
backtracked (181-0:0) [ '181', '63', '40', '206', '794' ] [ '54' ]
backtracked (32-0:0) [ '32', '184' ] [ '188' ]
finished   (227-2:0) [] [ '227', '243' ]
backtracked (2-0:0) [ '2', '1' ] [ '561' ]
finished   (49-0:0) [] [ '49', '56' ]
finished   (64-0:0) [] [ '64', '56' ]
backtracked (18-0:0) [ '18', '19', '131' ] [ '1428' ]
finished   (274-0:0) [] [ '274', '270' ]
backtracked (76-4:1) [ '76', '33', '445', '437', '380' ] [ '668' ]
backtrack21 (1-5:1) [ '1' ] [ '11', '723' ]
finished   (1-5:2) [] [ '1', '804' ]
finished   (65-0:0) [] [ '65', '56' ]
finished   (1-9:0) [] [ '1', '201', '54' ]
backtrack21 (2-3:0) [ '2' ] [ '1' ]
finished   (1-8:0) [] [ '1', '11' ]
backtrack21 (2-2:0) [ '2' ] [ '1', '587' ]
finished   (1-6:0) [] [ '1', '11', '5' ]
backtracked (63-0:0) [ '63', '40', '206', '794' ] [ '54' ]
finished   (264-0:0) [] [ '264', '21' ]
backtrack21 (175-0:0) [ '175' ] [ '164' ]
backtracked (63-1:0) [ '63', '40' ] [ '206', '794' ]
backtrack21 (40-1:0) [ '40' ] [ '206' ]
finished   (2-3:1) [] [ '2', '11' ]
finished   (2-2:1) [] [ '2', '11' ]
backtracked (83-0:0) [ '83', '40' ] [ '206', '794' ]
finished   (175-0:1) [] [ '175', '192', '164' ]
finished   (102-0:0) [] [ '102', '103' ]
finished   (175-1:0) [] [ '175', '192', '164' ]
backtrack21 (58-0:0) [ '58' ] [ '56' ]
backtrack21 (58-0:1) [ '58' ] [ '64' ]
finished   (58-0:2) [] [ '58', '92' ]
backtrack21 (88-0:0) [ '88' ] [ '164' ]
backtracked (181-0:1) [ '181', '63', '40' ] [ '206', '794', '1130', '54' ]
finished   (210-0:0) [] [ '210', '477', '29' ]
backtracked (76-6:0) [ '76', '33', '445', '437', '380' ] [ '224' ]
backtracked (33-0:0) [ '33', '445', '437' ] [ '380' ]
backtracked (33-0:1) [ '33', '445', '437', '398' ] [ '188' ]
backtracked (76-9:0) [ '76', '33', '445', '437' ] [ '380', '670', '668' ]
backtracked (34-0:0) [ '34', '33', '445', '437' ] [ '380' ]
backtracked (76-6:1) [ '76', '33', '445', '437' ] [ '380', '1010' ]
backtracked (76-9:1) [ '76', '33', '445', '437', '398', '375' ] [ '183', '184' ]
backtrack21 (32-0:1) [ '32' ] [ '184', '224' ]
finished   (32-0:2) [] [ '32', '188' ]
finished   (183-0:0) [] [ '183', '184', '224' ]
finished   (481-0:0) [] [ '481', '483' ]
backtrack21 (19-0:0) [ '19' ] [ '131' ]
found loop (19-0:1 [] [ '19', '1458', '18', '19' ]
backtracked (34-0:1) [ '34', '33', '445', '437', '398', '375' ] [ '183' ]
backtracked (45-6:0) [ '45', '33', '445', '437', '398', '375' ] [ '183', '184' ]
backtracked (76-9:2) [ '76', '33', '445', '437', '398', '375' ] [ '224' ]
found loop (45-9:0 [ '45', '33', '445' ] [ '437', '398', '375', '437' ]
found loop (45-6:1 [ '45', '33', '445' ] [ '437', '398', '375', '437' ]
backtracked (265-0:0) [ '265', '40' ] [ '207' ]
found loop (45-10:0 [ '45', '33', '445' ] [ '437', '398', '375', '437' ]
found loop (76-9:3 [ '76', '33', '445' ] [ '437', '398', '375', '437' ]
found loop (45-11:0 [ '45', '33', '445' ] [ '437', '398', '375', '437' ]
backtracked (76-11:0) [ '76', '33', '445', '437', '398' ] [ '375' ]
backtracked (45-9:1) [ '45', '33', '445', '437', '455' ] [ '188' ]
backtracked (18-0:1) [ '18', '19' ] [ '131', '1441' ]
found loop (308-0:0 [] [ '308', '484', '348', '308' ]
backtrack21 (63-1:1) [ '63' ] [ '40', '207', '794' ]
backtrack21 (266-0:0) [ '266' ] [ '208', '794' ]
finished   (266-0:1) [] [ '266', '245' ]
finished   (496-0:0) [] [ '496', '131' ]
backtracked (348-1:0) [ '348', '394' ] [ '485', '1033' ]
finished   (468-0:0) [] [ '468', '188' ]
backtracked (76-16:0) [ '76', '33', '445', '437', '398' ] [ '1010' ]
finished   (424-0:0) [] [ '424', '365' ]
backtrack21 (348-3:0) [ '348' ] [ '394' ]
finished   (94-0:0) [] [ '94', '496' ]
backtracked (193-0:0) [ '193', '10', '205' ] [ '155', '164' ]
finished   (410-0:0) [] [ '410', '121' ]
backtracked (76-12:0) [ '76', '33', '445', '437', '398' ] [ '375' ]
finished   (501-0:0) [] [ '501', '125' ]
backtrack21 (96-0:0) [ '96' ] [ '127' ]
backtracked (18-0:2) [ '18', '19', '1458', '130' ] [ '270' ]
backtrack21 (412-0:0) [ '412' ] [ '21' ]
backtracked (76-11:1) [ '76', '33', '445', '437', '398', '1082' ] [ '375' ]
backtrack21 (4-1:0) [ '4' ] [ '2' ]
found loop (45-6:2 [ '45', '33', '445', '437', '455', '993', '10' ] [ '205', '247', '514', '692', '205' ]
finished   (96-0:1) [] [ '96', '164' ]
finished   (532-1:0) [] [ '532', '96' ]
backtracked (167-0:0) [ '167', '181', '63' ] [ '40' ]
backtracked (76-13:0) [ '76', '33', '445', '437', '398' ] [ '375' ]
found loop (193-0:1 [ '193', '10' ] [ '205', '247', '514', '692', '205' ]
backtracked (45-9:2) [ '45', '33', '445', '437', '455', '993', '10', '205' ] [ '155' ]
finished   (233-0:0) [] [ '233', '266' ]
backtrack21 (484-1:0) [ '484' ] [ '308' ]
finished   (348-3:1) [] [ '348', '485' ]
backtrack21 (98-0:0) [ '98' ] [ '249' ]
finished   (98-0:1) [] [ '98', '452' ]
backtrack21 (489-0:0) [ '489' ] [ '270' ]
backtrack21 (489-0:1) [ '489' ] [ '274' ]
finished   (489-0:2) [] [ '489', '1484' ]
backtrack21 (437-1:0) [ '437' ] [ '398' ]
found loop (350-0:0 [ '350', '10' ] [ '205', '247', '514', '692', '205' ]
backtrack21 (459-0:0) [ '459' ] [ '92' ]
finished   (459-0:1) [] [ '459', '1010' ]
finished   (416-0:0) [] [ '416', '121' ]
finished   (446-0:0) [] [ '446', '452' ]
backtrack21 (372-0:0) [ '372' ] [ '373' ]
finished   (372-0:1) [] [ '372', '452' ]
finished   (358-0:0) [] [ '358', '357' ]
backtracked (45-11:1) [ '45', '33', '445', '437', '455', '993', '10' ] [ '205' ]
found loop (247-0:0 [] [ '247', '514', '692', '205', '247' ]
backtrack21 (412-0:1) [ '412' ] [ '224' ]
backtracked (350-0:1) [ '350', '10' ] [ '205' ]
backtracked (45-3:0) [ '45', '33', '445', '437' ] [ '380' ]
backtracked (76-7:0) [ '76', '33', '445', '437' ] [ '380', '224' ]
backtracked (437-1:1) [ '437', '455', '993', '10' ] [ '205' ]
backtracked (76-2:1) [ '76', '33', '445', '437' ] [ '380', '224', '1051', '92' ]
backtracked (45-12:0) [ '45', '33', '445', '437' ] [ '398', '375', '504', '188' ]
backtracked (437-6:0) [ '437', '455', '993' ] [ '10' ]
finished   (630-0:0) [] [ '630', '452' ]
backtracked (76-14:0) [ '76', '33', '445', '437' ] [ '398', '375' ]
backtracked (76-8:0) [ '76', '33', '445', '437' ] [ '380', '224' ]
backtracked (437-6:1) [ '437', '455', '993' ] [ '456', '188' ]
backtracked (45-12:1) [ '45', '33', '445', '437', '455', '993', '633' ] [ '514' ]
backtracked (45-11:2) [ '45', '33', '445', '437', '455', '993' ] [ '10', '247' ]
finished   (660-0:0) [] [ '660', '514' ]
backtracked (437-7:0) [ '437', '455', '993' ] [ '10' ]
backtracked (437-5:0) [ '437', '455', '993' ] [ '10', '508' ]
backtracked (45-12:2) [ '45', '33', '445', '437', '455', '993', '633', '585', '572' ] [ '10' ]
backtracked (45-12:3) [ '45', '33', '445', '437', '455', '993', '633', '585', '572', '363' ] [ '514' ]
finished   (2-0:1) [] [ '2', '1', '720' ]
finished   (7-0:0) [] [ '7', '994', '1' ]
backtracked (45-3:1) [ '45', '33', '445', '437', '455', '993' ] [ '10' ]
backtracked (437-1:2) [ '437', '455', '993' ] [ '10', '514' ]
backtracked (460-0:0) [ '460', '33', '445', '437', '455', '993', '633', '585', '572' ] [ '363' ]
backtracked (76-7:1) [ '76', '33', '445', '437', '455', '993' ] [ '10' ]
backtracked (45-3:2) [ '45', '33', '445', '437', '455', '993', '633', '585' ] [ '572' ]
backtracked (45-14:0) [ '45', '33', '445', '437', '455', '993', '633', '585' ] [ '572', '514' ]
backtracked (45-15:0) [ '45', '33', '445', '437', '455', '993', '633', '585' ] [ '572' ]
backtracked (460-0:1) [ '460', '33', '445', '437', '455', '993', '633', '585' ] [ '572', '1591' ]
backtracked (45-3:3) [ '45', '33', '445', '437', '455', '993', '633', '585', '722' ] [ '10' ]
backtracked (437-1:3) [ '437', '455', '993', '633', '585' ] [ '572' ]
finished   (7-1:0) [] [ '7', '994', '1' ]
backtracked (437-6:2) [ '437', '455', '993', '633' ] [ '585', '572', '10' ]
finished   (63-1:2) [] [ '63', '208' ]
backtracked (705-0:0) [ '705', '33', '445', '437', '455', '993', '633' ] [ '632', '514' ]
backtrack21 (662-0:0) [ '662' ] [ '514' ]
finished   (662-0:1) [] [ '662', '660' ]
backtracked (76-20:0) [ '76', '33', '445', '437', '455', '993', '871' ] [ '125' ]
finished   (273-0:0) [] [ '273', '131' ]
backtrack21 (513-0:0) [ '513' ] [ '247' ]
backtracked (45-20:0) [ '45', '33', '445', '437', '455', '993' ] [ '633', '585' ]
finished   (604-0:0) [] [ '604', '595' ]
finished   (499-0:0) [] [ '499', '663' ]
backtracked (195-1:0) [ '195', '33', '445', '437', '455', '993' ] [ '633' ]
found loop (76-20:1 [ '76', '33', '445' ] [ '437', '455', '993', '871', '437' ]
found loop (76-21:0 [ '76', '33', '445' ] [ '437', '455', '993', '871', '437' ]
found loop (76-22:0 [ '76', '33', '445' ] [ '437', '455', '993', '871', '437' ]
found loop (76-23:0 [ '76', '33', '445' ] [ '437', '455', '993', '871', '437' ]
found loop (76-24:0 [ '76', '33', '445' ] [ '437', '455', '993', '871', '437' ]
found loop (76-25:0 [ '76', '33', '445' ] [ '437', '455', '993', '871', '437' ]
found loop (76-26:0 [ '76', '33', '445' ] [ '437', '455', '993', '871', '437' ]
found loop (76-27:0 [ '76', '33', '445' ] [ '437', '455', '993', '871', '437' ]
found loop (45-20:1 [ '45', '33', '445' ] [ '437', '455', '993', '871', '437' ]
backtrack21 (437-2:0) [ '437' ] [ '398' ]
backtrack21 (215-0:0) [ '215' ] [ '514' ]
finished   (215-0:1) [] [ '215', '1591' ]
backtracked (76-21:1) [ '76', '33', '445', '437', '457' ] [ '183' ]
backtracked (680-0:0) [ '680', '23' ] [ '29' ]
backtracked (76-22:1) [ '76', '33', '445', '437', '457' ] [ '188' ]
finished   (1-10:0) [] [ '1', '561', '531' ]
found loop (618-0:0 [] [ '618', '1432', '621', '618' ]
backtrack21 (681-0:0) [ '681' ] [ '21' ]
finished   (681-0:1) [] [ '681', '696', '21' ]
backtracked (287-0:0) [ '287', '512', '584' ] [ '131' ]
backtrack21 (667-0:0) [ '667' ] [ '668' ]
finished   (667-0:1) [] [ '667', '1010' ]
backtracked (76-38:0) [ '76', '33', '445', '437' ] [ '455' ]
backtrack21 (97-0:0) [ '97' ] [ '98', '249', '452' ]
backtrack21 (513-1:0) [ '513' ] [ '247' ]
backtrack21 (513-0:1) [ '513' ] [ '363' ]
finished   (513-0:2) [] [ '513', '514' ]
finished   (712-0:0) [] [ '712', '707' ]
backtrack21 (458-0:0) [ '458' ] [ '188' ]
finished   (458-0:1) [] [ '458', '1010' ]
backtrack21 (653-0:0) [ '653' ] [ '907' ]
finished   (696-0:0) [] [ '696', '21' ]
backtrack21 (218-0:0) [ '218' ] [ '233' ]
backtracked (167-2:0) [ '167', '181' ] [ '63' ]
finished   (273-1:0) [] [ '273', '131' ]
finished   (577-0:0) [] [ '577', '131' ]
backtrack21 (624-0:0) [ '624' ] [ '625' ]
finished   (532-0:0) [] [ '532', '96', '164' ]
finished   (159-0:0) [] [ '159', '514' ]
finished   (610-0:0) [] [ '610', '452' ]
backtrack21 (640-0:0) [ '640' ] [ '452' ]
backtrack21 (640-0:1) [ '640' ] [ '595' ]
backtrack21 (475-0:0) [ '475' ] [ '92' ]
backtracked (76-19:0) [ '76', '33', '445', '437', '455', '993' ] [ '633', '585', '572', '10' ]
found loop (195-1:1 [ '195', '33', '445' ] [ '437', '455', '993', '871', '437' ]
backtracked (34-1:0) [ '34', '33', '445', '437' ] [ '456' ]
backtrack21 (193-1:0) [ '193' ] [ '10', '247' ]
backtracked (76-37:0) [ '76', '33', '445', '437' ] [ '455', '1010' ]
backtracked (437-6:3) [ '437', '455', '993' ] [ '633', '632' ]
backtracked (708-0:0) [ '708', '33', '445', '437' ] [ '455' ]
backtrack21 (350-0:2) [ '350' ] [ '10', '247' ]
backtrack21 (350-0:3) [ '350' ] [ '215' ]
finished   (513-2:0) [] [ '513', '247' ]
backtracked (437-2:1) [ '437', '457' ] [ '183' ]
finished   (457-1:0) [] [ '457', '1497', '183' ]
backtracked (76-10:0) [ '76', '33', '445', '437' ] [ '398', '375', '1010' ]
finished   (671-0:0) [] [ '671', '668' ]
backtrack21 (731-0:0) [ '731' ] [ '663' ]
finished   (731-0:1) [] [ '731', '734' ]
backtrack21 (402-0:0) [ '402' ] [ '707' ]
finished   (402-0:1) [] [ '402', '712' ]
backtracked (76-15:0) [ '76', '33', '445', '437' ] [ '398', '375' ]
backtracked (287-0:1) [ '287', '512' ] [ '584', '270' ]
finished   (624-0:1) [] [ '624', '644', '164' ]
found loop (600-0:0 [] [ '600', '15', '690', '600' ]
backtracked (725-0:0) [ '725', '33', '445' ] [ '437' ]
backtracked (703-0:0) [ '703', '33', '445', '999' ] [ '1121' ]
backtrack21 (600-1:0) [ '600' ] [ '15' ]
backtrack21 (600-1:1) [ '600' ] [ '809' ]
backtrack21 (600-1:2) [ '600' ] [ '978' ]
finished   (600-1:3) [] [ '600', '1088' ]
backtracked (76-11:2) [ '76', '33', '445' ] [ '437', '398', '1082', '1010' ]
finished   (870-0:0) [] [ '870', '125' ]
finished   (653-0:1) [] [ '653', '1635', '907' ]
backtrack21 (915-0:0) [ '915' ] [ '907' ]
finished   (7-2:0) [] [ '7', '994', '1' ]
backtracked (725-0:1) [ '725', '33', '445' ] [ '999' ]
backtrack21 (76-11:3) [ '76' ] [ '33', '445', '1010' ]
backtrack21 (76-11:4) [ '76' ] [ '189' ]
backtracked (167-1:0) [ '167', '181' ] [ '63', '40' ]
finished   (265-0:1) [] [ '265', '40', '208' ]
backtrack21 (915-1:0) [ '915' ] [ '907' ]
finished   (946-0:0) [] [ '946', '927' ]
backtrack21 (287-0:2) [ '287' ] [ '512', '1226' ]
backtracked (18-0:3) [ '18', '19', '1458' ] [ '130', '584', '131' ]
found loop (18-0:4 [] [ '18', '19', '1458', '1455', '18' ]
backtrack21 (83-1:0) [ '83' ] [ '40' ]
finished   (83-1:1) [] [ '83', '233' ]
finished   (915-1:1) [] [ '915', '916' ]
finished   (916-0:0) [] [ '916', '907' ]
backtrack21 (439-2:0) [ '439' ] [ '33' ]
backtrack21 (725-1:0) [ '725' ] [ '33', '445', '437' ]
finished   (725-1:1) [] [ '725', '92' ]
backtrack21 (814-0:0) [ '814' ] [ '815' ]
backtrack21 (564-0:0) [ '564' ] [ '131' ]
backtrack21 (564-1:0) [ '564' ] [ '131' ]
backtrack21 (287-0:3) [ '287' ] [ '584' ]
finished   (287-0:4) [] [ '287', '1226' ]
finished   (856-0:0) [] [ '856', '164' ]
backtracked (765-0:0) [ '765', '19', '1458' ] [ '130' ]
found loop (770-0:0 [] [ '770', '771', '789', '770' ]
backtrack21 (844-0:0) [ '844' ] [ '118', '164' ]
finished   (770-1:0) [] [ '770', '792' ]
backtrack21 (193-1:1) [ '193' ] [ '155' ]
finished   (193-1:2) [] [ '193', '514' ]
finished   (917-0:0) [] [ '917', '907' ]
backtrack21 (935-0:0) [ '935' ] [ '927' ]
finished   (771-0:0) [] [ '771', '792' ]
finished   (918-0:0) [] [ '918', '907' ]
backtrack21 (97-1:0) [ '97' ] [ '98' ]
finished   (97-0:1) [] [ '97', '249' ]
backtracked (412-0:2) [ '412', '413' ] [ '365' ]
finished   (773-0:0) [] [ '773', '792' ]
found loop (76-28:0 [ '76', '33', '445' ] [ '437', '455', '993', '871', '437' ]
backtrack21 (45-28:0) [ '45' ] [ '33', '445', '1475' ]
finished   (908-0:0) [] [ '908', '893' ]
finished   (253-0:0) [] [ '253', '40', '208' ]
finished   (348-0:0) [] [ '348', '308', '485' ]
finished   (952-0:0) [] [ '952', '98' ]
backtrack21 (76-13:1) [ '76' ] [ '33', '445', '437', '398', '1082' ]
finished   (399-0:0) [] [ '399', '400', '452' ]
finished   (80-0:0) [] [ '80', '164' ]
finished   (844-0:1) [] [ '844', '164' ]
finished   (835-0:0) [] [ '835', '831' ]
backtrack21 (685-0:0) [ '685' ] [ '10' ]
finished   (685-0:1) [] [ '685', '514' ]
finished   (385-0:0) [] [ '385', '483' ]
found loop (76-19:1 [ '76', '33', '445' ] [ '437', '455', '993', '871', '437' ]
finished   (759-0:0) [] [ '759', '33' ]
finished   (897-0:0) [] [ '897', '893' ]
finished   (685-1:0) [] [ '685', '10' ]
backtracked (516-0:0) [ '516', '18', '19', '1458' ] [ '130', '584' ]
backtracked (19-1:0) [ '19', '1458', '1455' ] [ '130' ]
found loop (19-1:1 [] [ '19', '1458', '1455', '1149', '19' ]
finished   (40-1:1) [] [ '40', '207', '794' ]
finished   (624-1:0) [] [ '624', '644', '164' ]
backtrack21 (564-0:1) [ '564' ] [ '584' ]
finished   (814-0:1) [] [ '814', '816', '131' ]
found loop (76-29:0 [ '76', '33', '445' ] [ '437', '455', '993', '871', '437' ]
finished   (725-0:2) [] [ '725', '33', '445', '1643' ]
backtrack21 (76-39:0) [ '76' ] [ '33', '445' ]
backtrack21 (76-11:5) [ '76' ] [ '445' ]
backtrack21 (76-11:6) [ '76' ] [ '627' ]
backtrack21 (45-29:0) [ '45' ] [ '33', '445', '1662' ]
backtrack21 (45-7:0) [ '45' ] [ '33', '445', '437', '398', '375', '224' ]
finished   (475-0:1) [] [ '475', '224' ]
backtracked (168-1:0) [ '168', '167', '181' ] [ '63', '40' ]
finished   (218-1:0) [] [ '218', '253' ]
backtrack21 (76-11:7) [ '76' ] [ '700', '33' ]
finished   (842-0:0) [] [ '842', '29' ]
backtrack21 (680-1:0) [ '680' ] [ '23' ]
finished   (680-1:1) [] [ '680', '29' ]
backtrack21 (1052-0:0) [ '1052' ] [ '92' ]
backtracked (439-2:1) [ '439', '76' ] [ '445' ]
backtrack21 (76-17:0) [ '76' ] [ '33', '445', '437', '398', '1082', '375' ]
backtrack21 (76-13:2) [ '76' ] [ '445' ]
finished   (195-1:2) [] [ '195', '33', '445', '437' ]
backtrack21 (838-1:0) [ '838' ] [ '19' ]
finished   (814-1:0) [] [ '814', '816', '131' ]
finished   (1023-0:0) [] [ '1023', '92' ]
backtracked (45-26:0) [ '45', '33', '445', '437', '455', '993' ] [ '633', '722' ]
backtracked (76-11:8) [ '76', '703' ] [ '33' ]
backtracked (45-21:0) [ '45', '33', '445', '437', '455', '993' ] [ '633', '585' ]
backtracked (45-7:1) [ '45', '76', '703' ] [ '33' ]
backtrack21 (76-39:1) [ '76' ] [ '445' ]
backtracked (439-2:2) [ '439', '76', '703' ] [ '33' ]
backtrack21 (76-40:0) [ '76' ] [ '445' ]
backtracked (76-17:1) [ '76', '703' ] [ '33' ]
backtracked (45-29:1) [ '45', '76' ] [ '700', '33' ]
backtracked (195-0:0) [ '195', '33', '445', '437', '455', '993' ] [ '633', '1591' ]
backtrack21 (76-39:2) [ '76' ] [ '703' ]
found loop (437-6:4 [] [ '437', '455', '993', '871', '437' ]
backtracked (45-27:0) [ '45', '33', '445', '437', '455', '993' ] [ '633', '722' ]
finished   (871-0:0) [] [ '871', '437' ]
backtracked (76-2:2) [ '76', '33', '445', '437', '455', '993' ] [ '456' ]
backtracked (705-0:1) [ '705', '33', '445', '437', '455', '993' ] [ '633', '722' ]
backtracked (45-22:0) [ '45', '33', '445', '437', '455', '993' ] [ '633', '585' ]
backtracked (705-0:2) [ '705', '33', '445', '437', '455', '993', '1049' ] [ '92' ]
finished   (871-1:0) [] [ '871', '437' ]
backtracked (437-4:0) [ '437', '455', '993' ] [ '10', '247' ]
finished   (700-0:0) [] [ '700', '33', '445', '437' ]
backtrack21 (38-0:0) [ '38' ] [ '184' ]
backtrack21 (76-39:3) [ '76' ] [ '705' ]
finished   (348-1:1) [] [ '348', '394', '1033' ]
backtrack21 (484-2:0) [ '484' ] [ '348' ]
finished   (1039-0:0) [] [ '1039', '1035' ]
backtrack21 (484-1:1) [ '484' ] [ '348', '485' ]
backtrack21 (484-2:1) [ '484' ] [ '485' ]
finished   (484-2:2) [] [ '484', '1033' ]
finished   (715-0:0) [] [ '715', '33', '445', '437' ]
backtrack21 (935-0:1) [ '935' ] [ '950', '927' ]
finished   (950-0:0) [] [ '950', '927' ]
finished   (890-0:0) [] [ '890', '452' ]
finished   (484-3:0) [] [ '484', '485' ]
finished   (181-1:0) [] [ '181', '63', '208' ]
finished   (290-0:0) [] [ '290', '514' ]
finished   (484-1:2) [] [ '484', '485' ]
finished   (266-1:0) [] [ '266', '208', '794' ]
finished   (1056-0:0) [] [ '1056', '92' ]
backtrack21 (982-0:0) [ '982' ] [ '402' ]
backtrack21 (982-0:1) [ '982' ] [ '405' ]
finished   (982-0:2) [] [ '982', '452' ]
backtrack21 (1057-0:0) [ '1057' ] [ '514' ]
backtrack21 (76-40:1) [ '76' ] [ '703' ]
backtrack21 (76-40:2) [ '76' ] [ '715' ]
finished   (76-40:3) [] [ '76', '759' ]
finished   (871-2:0) [] [ '871', '437' ]
backtracked (45-6:3) [ '45', '33', '445', '437', '455', '993' ] [ '10', '205', '508' ]
backtrack21 (45-28:1) [ '45' ] [ '76', '445' ]
backtrack21 (45-28:2) [ '45' ] [ '621' ]
finished   (680-0:1) [] [ '680', '23', '1022', '29' ]
finished   (484-0:0) [] [ '484', '308', '485' ]
finished   (76-13:3) [] [ '76', '703', '705', '33' ]
backtrack21 (45-20:2) [ '45' ] [ '33', '445', '437', '457' ]
finished   (76-11:9) [] [ '76', '703', '705', '33' ]
finished   (636-0:0) [] [ '636', '76', '33', '445', '437' ]
backtrack21 (1103-0:0) [ '1103' ] [ '952' ]
finished   (1103-0:1) [] [ '1103', '1393' ]
finished   (685-2:0) [] [ '685', '10' ]
found loop (76-30:0 [ '76', '33', '445' ] [ '437', '455', '993', '871', '437' ]
finished   (871-3:0) [] [ '871', '437' ]
backtrack21 (729-0:0) [ '729' ] [ '10' ]
finished   (10-0:0) [] [ '10', '205' ]
finished   (10-1:0) [] [ '10', '205' ]
finished   (76-10:1) [] [ '76', '33', '445', '437', '458' ]
finished   (1114-0:0) [] [ '1114', '999' ]
finished   (953-0:0) [] [ '953', '98' ]
finished   (76-39:4) [] [ '76', '715', '33' ]
backtrack21 (45-29:2) [ '45' ] [ '76', '703' ]
backtrack21 (18-1:0) [ '18' ] [ '19' ]
finished   (564-0:2) [] [ '564', '1439', '131' ]
backtrack21 (710-1:0) [ '710' ] [ '33', '445', '437', '459' ]
finished   (626-0:0) [] [ '626', '76', '33', '445', '437' ]
finished   (218-0:1) [] [ '218', '253', '40' ]
backtrack21 (13-0:0) [ '13' ] [ '10' ]
finished   (838-1:1) [] [ '838', '131' ]
backtracked (88-0:1) [ '88', '514', '692' ] [ '205', '155', '164' ]
finished   (513-3:0) [] [ '513', '247' ]
backtrack21 (729-0:1) [ '729' ] [ '205' ]
backtrack21 (729-3:0) [ '729' ] [ '205' ]
backtrack21 (350-0:4) [ '350' ] [ '247' ]
backtrack21 (598-0:0) [ '598' ] [ '595' ]
backtrack21 (717-0:0) [ '717' ] [ '33', '445', '437' ]
finished   (717-0:1) [] [ '717', '725' ]
finished   (76-15:1) [] [ '76', '33', '445', '437', '667' ]
finished   (40-0:0) [] [ '40', '206', '794' ]
backtrack21 (45-0:4) [ '45' ] [
  '33',  '445',
  '437', '380',
  '224', '388',
  '379', '365'
]
finished   (45-28:3) [] [ '45', '703' ]
backtrack21 (710-2:0) [ '710' ] [ '33', '445', '437', '1010' ]
finished   (626-1:0) [] [ '626', '76', '33', '445', '437' ]
finished   (717-1:0) [] [ '717', '33', '445', '437' ]
backtrack21 (439-0:0) [ '439' ] [ '33', '445', '437', '457' ]
finished   (45-7:2) [] [ '45', '76', '703', '705', '33' ]
finished   (350-0:5) [] [ '350', '595' ]
finished   (76-21:2) [] [ '76', '33', '445', '437', '457', '375' ]
finished   (210-1:0) [] [ '210', '477' ]
finished   (1002-0:0) [] [ '1002', '29' ]
finished   (40-2:0) [] [ '40', '207', '794' ]
finished   (942-0:0) [] [ '942', '92' ]
finished   (988-0:0) [] [ '988', '423' ]
backtrack21 (167-0:1) [ '167' ] [ '181', '63', '208' ]
finished   (643-0:0) [] [ '643', '514' ]
backtracked (87-0:0) [ '87', '88' ] [ '164' ]
backtrack21 (13-1:0) [ '13' ] [ '838' ]
finished   (13-1:1) [] [ '13', '1226' ]
finished   (564-1:1) [] [ '564', '584' ]
finished   (226-0:0) [] [ '226', '794' ]
finished   (909-0:0) [] [ '909', '465', '224' ]
finished   (1052-0:1) [] [ '1052', '437' ]
finished   (1052-1:0) [] [ '1052', '437' ]
finished   (230-0:0) [] [ '230', '794' ]
backtrack21 (460-1:0) [ '460' ] [ '33' ]
finished   (710-1:1) [] [ '710', '76' ]
finished   (930-0:0) [] [ '930', '804' ]
finished   (871-4:0) [] [ '871', '437' ]
finished   (1231-0:0) [] [ '1231', '123' ]
backtrack21 (4-0:0) [ '4' ] [ '2', '1' ]
finished   (4-1:1) [] [ '4', '5' ]
found loop (45-26:1 [ '45', '33', '445' ] [ '437', '455', '993', '871', '437' ]
found loop (76-31:0 [ '76', '33', '445' ] [ '437', '455', '993', '871', '437' ]
found loop (45-21:1 [ '45', '33', '445' ] [ '437', '455', '993', '871', '437' ]
found loop (76-32:0 [ '76', '33', '445' ] [ '437', '455', '993', '871', '437' ]
found loop (76-33:0 [ '76', '33', '445' ] [ '437', '455', '993', '871', '437' ]
found loop (195-0:1 [ '195', '33', '445' ] [ '437', '455', '993', '871', '437' ]
found loop (76-34:0 [ '76', '33', '445' ] [ '437', '455', '993', '871', '437' ]
found loop (705-0:3 [ '705', '33', '445' ] [ '437', '455', '993', '1049', '437' ]
found loop (45-22:1 [ '45', '33', '445' ] [ '437', '455', '993', '1049', '437' ]
finished   (76-16:1) [] [ '76', '33', '445', '437', '398', '1082', '375' ]
finished   (1172-0:0) [] [ '1172', '1173', '29' ]
finished   (18-1:1) [] [ '18', '131' ]
finished   (139-0:0) [] [ '139', '220' ]
finished   (348-2:0) [] [ '348', '394', '485' ]
found loop (516-0:1 [ '516', '18' ] [ '19', '1458', '1455', '1149', '19' ]
backtrack21 (516-0:2) [ '516' ] [ '18', '19' ]
finished   (13-0:1) [] [ '13', '838', '131' ]
finished   (1234-0:0) [] [ '1234', '1235' ]
finished   (598-0:1) [] [ '598', '1453', '595' ]
finished   (484-4:0) [] [ '484', '485' ]
finished   (18-2:0) [] [ '18', '131' ]
finished   (1161-0:0) [] [ '1161', '459' ]
finished   (1341-0:0) [] [ '1341', '452' ]
backtrack21 (487-0:0) [ '487' ] [ '1023' ]
backtrack21 (487-0:1) [ '487' ] [ '1253' ]
backtrack21 (487-0:2) [ '487' ] [ '1254' ]
finished   (487-0:3) [] [ '487', '1256' ]
finished   (199-0:0) [] [ '199', '54' ]
finished   (909-1:0) [] [ '909', '465', '224' ]
backtrack21 (412-3:0) [ '412' ] [ '413' ]
backtracked (986-0:0) [ '986', '34' ] [ '33' ]
finished   (710-2:1) [] [ '710', '76' ]
finished   (457-0:0) [] [ '457', '375' ]
finished   (1313-0:0) [] [ '1313', '92' ]
backtrack21 (516-0:3) [ '516' ] [ '131' ]
finished   (1004-0:0) [] [ '1004', '584' ]
finished   (88-0:2) [] [ '88', '514', '692', '247' ]
finished   (97-1:1) [] [ '97', '249' ]
finished   (115-0:0) [] [ '115', '459' ]
backtrack21 (729-4:0) [ '729' ] [ '205' ]
backtrack21 (729-0:2) [ '729' ] [ '247' ]
backtrack21 (729-0:3) [ '729' ] [ '508' ]
backtrack21 (729-0:4) [ '729' ] [ '513' ]
finished   (729-0:5) [] [ '729', '514' ]
finished   (439-0:1) [] [ '439', '76' ]
backtrack21 (896-0:0) [ '896' ] [ '350', '595' ]
finished   (896-0:1) [] [ '896', '514' ]
backtracked (986-1:0) [ '986', '34' ] [ '33' ]
backtrack21 (460-1:1) [ '460' ] [ '76' ]
backtrack21 (460-1:2) [ '460' ] [ '195' ]
backtrack21 (460-1:3) [ '460' ] [ '626' ]
backtrack21 (460-1:4) [ '460' ] [ '636' ]
backtrack21 (460-1:5) [ '460' ] [ '725' ]
backtrack21 (460-1:6) [ '460' ] [ '759' ]
backtracked (986-2:0) [ '986', '34' ] [ '33' ]
backtracked (986-0:1) [ '986', '34' ] [ '76' ]
backtrack21 (460-2:0) [ '460' ] [ '76' ]
finished   (640-0:2) [] [ '640', '598', '595' ]
backtrack21 (1183-0:0) [ '1183' ] [ '402' ]
backtrack21 (1183-0:1) [ '1183' ] [ '405' ]
finished   (1183-0:2) [] [ '1183', '1393' ]
backtracked (694-0:0) [ '694', '1153' ] [ '595' ]
backtrack21 (412-0:3) [ '412' ] [ '413', '388' ]
backtracked (986-3:0) [ '986', '34' ] [ '33' ]
backtrack21 (479-0:0) [ '479' ] [ '512' ]
finished   (479-0:1) [] [ '479', '1226' ]
finished   (1274-0:0) [] [ '1274', '1244' ]
finished   (1146-0:0) [] [ '1146', '584' ]
backtrack21 (516-0:4) [ '516' ] [ '584' ]
finished   (516-0:5) [] [ '516', '1226' ]
found loop (1349-0:0 [] [ '1349', '1350', '1352', '1349' ]
found loop (437-4:1 [] [ '437', '455', '993', '1049', '437' ]
backtracked (986-4:0) [ '986', '34' ] [ '33' ]
backtrack21 (460-1:7) [ '460' ] [ '1423', '76' ]
finished   (479-1:0) [] [ '479', '512' ]
finished   (516-1:0) [] [ '516', '131' ]
finished   (1298-0:0) [] [ '1298', '131' ]
backtrack21 (1427-0:0) [ '1427' ] [ '131' ]
backtrack21 (1427-1:0) [ '1427' ] [ '131' ]
backtrack21 (167-5:0) [ '167' ] [ '181' ]
backtracked (986-3:1) [ '986', '34', '460' ] [ '1423', '1424' ]
backtrack21 (1029-0:0) [ '1029' ] [ '437' ]
finished   (1029-0:1) [] [ '1029', '1646' ]
backtracked (986-1:1) [ '986', '34' ] [ '76' ]
finished   (1149-0:0) [] [ '1149', '19' ]
finished   (1474-0:0) [] [ '1474', '1471' ]
backtrack21 (1427-2:0) [ '1427' ] [ '131' ]
backtrack21 (1427-2:1) [ '1427' ] [ '1421' ]
finished   (1427-2:2) [] [ '1427', '1439' ]
finished   (621-0:0) [] [ '621', '618' ]
backtracked (1430-0:0) [ '1430', '1436', '1432' ] [ '618' ]
backtracked (986-2:1) [ '986', '34' ] [ '76' ]
backtracked (986-4:1) [ '986', '34', '460' ] [ '1423' ]
finished   (1425-0:0) [] [ '1425', '76' ]
found loop (45-6:4 [ '45', '33', '445' ] [ '437', '455', '993', '1049', '437' ]
finished   (1049-0:0) [] [ '1049', '437' ]
finished   (703-0:1) [] [ '703', '33', '445', '999', '1122' ]
finished   (76-28:1) [] [ '76', '33', '445', '437' ]
finished   (471-0:0) [] [ '471', '803' ]
finished   (1431-0:0) [] [ '1431', '459' ]
finished   (1425-1:0) [] [ '1425', '76' ]
found loop (1430-0:1 [] [ '1430', '1436', '1432', '1430' ]
finished   (985-0:0) [] [ '985', '98' ]
backtrack21 (412-4:0) [ '412' ] [ '413' ]
backtrack21 (412-1:0) [ '412' ] [ '413', '388' ]
backtrack21 (38-0:1) [ '38' ] [ '375' ]
finished   (38-0:2) [] [ '38', '1399' ]
finished   (895-0:0) [] [ '895', '595' ]
backtrack21 (1300-0:0) [ '1300' ] [ '18' ]
backtrack21 (460-3:0) [ '460' ] [ '1440' ]
finished   (1443-0:0) [] [ '1443', '76' ]
backtracked (986-4:2) [ '986', '34', '460' ] [ '1425' ]
backtrack21 (460-1:8) [ '460' ] [ '1425', '76' ]
backtracked (986-4:3) [ '986', '34', '460' ] [ '1443' ]
finished   (1446-0:0) [] [ '1446', '76' ]
backtracked (986-2:2) [ '986', '34', '460' ] [ '1425' ]
backtrack21 (460-6:0) [ '460' ] [ '1446' ]
finished   (76-19:2) [] [ '76', '33', '445', '437' ]
backtrack21 (34-1:1) [ '34' ] [ '33', '445', '437', '457' ]
finished   (76-29:1) [] [ '76', '33', '445', '437' ]
backtracked (986-3:2) [ '986', '34', '460' ] [ '1425', '76' ]
finished   (76-38:1) [] [ '76', '33', '445', '437', '457', '1010' ]
finished   (703-1:0) [] [ '703', '33', '445', '999' ]
finished   (1151-0:0) [] [ '1151', '452' ]
finished   (1376-0:0) [] [ '1376', '1373' ]
finished   (76-18:0) [] [ '76', '33', '445', '437', '398', '1082', '375' ]
finished   (1427-0:1) [] [ '1427', '1421', '131' ]
finished   (1385-0:0) [] [ '1385', '131' ]
finished   (552-0:0) [] [ '552', '459' ]
backtrack21 (1378-0:0) [ '1378' ] [ '1298' ]
finished   (1378-0:1) [] [ '1378', '1376' ]
finished   (76-37:1) [] [ '76', '33', '445', '437', '457' ]
finished   (640-1:0) [] [ '640', '598' ]
backtrack21 (1303-0:0) [ '1303' ] [ '1146' ]
finished   (1303-0:1) [] [ '1303', '1460' ]
backtrack21 (460-2:1) [ '460' ] [ '1423', '76' ]
finished   (76-23:1) [] [ '76', '33', '445', '437', '457', '375' ]
backtrack21 (460-3:1) [ '460' ] [ '1443', '76' ]
finished   (1300-0:1) [] [ '1300', '584' ]
finished   (915-0:1) [] [ '915', '916', '907' ]
backtrack21 (167-0:2) [ '167' ] [ '218' ]
finished   (167-0:3) [] [ '167', '265' ]
finished   (1057-0:1) [] [ '1057', '633' ]
finished   (1057-1:0) [] [ '1057', '633' ]
finished   (1502-0:0) [] [ '1502', '483' ]
finished   (1057-2:0) [] [ '1057', '633' ]
backtrack21 (1517-0:0) [ '1517' ] [ '1516' ]
backtrack21 (1517-0:1) [ '1517' ] [ '1527' ]
finished   (1517-0:2) [] [ '1517', '1599', '1516' ]
finished   (513-1:1) [] [ '513', '363' ]
finished   (460-6:1) [] [ '460', '1505', '33' ]
finished   (1153-0:0) [] [ '1153', '595' ]
backtrack21 (993-2:0) [ '993' ] [ '1049' ]
backtrack21 (993-2:1) [ '993' ] [ '1051' ]
backtrack21 (993-2:2) [ '993' ] [ '1052' ]
backtrack21 (993-2:3) [ '993' ] [ '1056' ]
finished   (993-2:4) [] [ '993', '1057' ]
backtracked (986-5:0) [ '986', '34' ] [ '33' ]
finished   (34-1:2) [] [ '34', '460' ]
finished   (904-0:0) [] [ '904', '1609' ]
finished   (460-7:0) [] [ '460', '1505', '33' ]
backtrack21 (935-1:0) [ '935' ] [ '950' ]
finished   (935-0:2) [] [ '935', '1647', '927' ]
backtrack21 (1566-0:0) [ '1566' ] [ '139' ]
finished   (1566-0:1) [] [ '1566', '494' ]
finished   (817-0:0) [] [ '817', '514' ]
finished   (437-2:2) [] [ '437', '457', '1497' ]
finished   (460-8:0) [] [ '460', '1505', '33' ]
finished   (729-3:1) [] [ '729', '247' ]
finished   (729-5:0) [] [ '729', '247' ]
finished   (729-4:1) [] [ '729', '247' ]
finished   (920-0:0) [] [ '920', '907' ]
finished   (608-0:0) [] [ '608', '21' ]
finished   (167-6:0) [] [ '167', '218' ]
finished   (460-9:0) [] [ '460', '1505', '33' ]
backtrack21 (1628-0:0) [ '1628' ] [ '402' ]
finished   (1628-0:1) [] [ '1628', '1412' ]
finished   (1517-2:0) [] [ '1517', '1599' ]
backtrack21 (1629-0:0) [ '1629' ] [ '405' ]
finished   (1629-0:1) [] [ '1629', '1571' ]
finished   (34-4:0) [] [ '34', '460' ]
backtrack21 (986-6:0) [ '986' ] [ '34' ]
finished   (460-10:0) [] [ '460', '1505', '33' ]
backtrack21 (986-0:2) [ '986' ] [ '34', '460', '1423', '76' ]
finished   (460-11:0) [] [ '460', '1505', '33' ]
finished   (608-1:0) [] [ '608', '21' ]
finished   (1585-0:0) [] [ '1585', '21' ]
finished   (460-2:2) [] [ '460', '1505', '33' ]
finished   (1615-0:0) [] [ '1615', '893' ]
finished   (935-2:0) [] [ '935', '1647' ]
finished   (1494-0:0) [] [ '1494', '1496', '668' ]
finished   (821-0:0) [] [ '821', '1517' ]
backtrack21 (708-1:0) [ '708' ] [ '33' ]
finished   (1448-0:0) [] [ '1448', '595' ]
finished   (1083-0:0) [] [ '1083', '1138', '668' ]
finished   (653-1:0) [] [ '653', '1635', '907' ]
backtrack21 (1636-0:0) [ '1636' ] [ '1628' ]
finished   (1636-0:1) [] [ '1636', '1629' ]
finished   (1653-0:0) [] [ '1653', '856' ]
finished   (25-0:0) [] [ '25', '927' ]
backtrack21 (412-3:1) [ '412' ] [ '437' ]
backtrack21 (412-3:2) [ '412' ] [ '980' ]
backtrack21 (708-0:1) [ '708' ] [ '33', '445', '437', '457' ]
finished   (922-0:0) [] [ '922', '907' ]
finished   (935-1:1) [] [ '935', '1647', '927' ]
Finished 1000 probes using 15 workers in a single thread
Worker 0 return stats {
  messagesReceived: 390,
  messagesSent: 439,
  transfersReceived: 185,
  transfersSent: 216,
  transferAmount: 32976,
  bilateralNum: 74,
  bilateralAmount: 6075.5,
  multilateralNum: 7,
  multilateralAmount: 243,
  numNodes: 114
}
Worker 1 return stats {
  messagesReceived: 429,
  messagesSent: 495,
  transfersReceived: 221,
  transfersSent: 264,
  transferAmount: 32499.5,
  bilateralNum: 75,
  bilateralAmount: 5105.5,
  multilateralNum: 3,
  multilateralAmount: 72,
  numNodes: 114
}
Worker 2 return stats {
  messagesReceived: 688,
  messagesSent: 635,
  transfersReceived: 309,
  transfersSent: 238,
  transferAmount: 90432,
  bilateralNum: 72,
  bilateralAmount: 15525,
  multilateralNum: 6,
  multilateralAmount: 275,
  numNodes: 114
}
Worker 3 return stats {
  messagesReceived: 734,
  messagesSent: 694,
  transfersReceived: 241,
  transfersSent: 225,
  transferAmount: 52423,
  bilateralNum: 43,
  bilateralAmount: 12324,
  multilateralNum: 9,
  multilateralAmount: 1637,
  numNodes: 114
}
Worker 4 return stats {
  messagesReceived: 382,
  messagesSent: 361,
  transfersReceived: 229,
  transfersSent: 202,
  transferAmount: 56607,
  bilateralNum: 31,
  bilateralAmount: 5613,
  multilateralNum: 6,
  multilateralAmount: 1655,
  numNodes: 114
}
Worker 5 return stats {
  messagesReceived: 521,
  messagesSent: 409,
  transfersReceived: 277,
  transfersSent: 191,
  transferAmount: 91345,
  bilateralNum: 34,
  bilateralAmount: 999,
  multilateralNum: 4,
  multilateralAmount: 152,
  numNodes: 114
}
Worker 6 return stats {
  messagesReceived: 218,
  messagesSent: 275,
  transfersReceived: 134,
  transfersSent: 192,
  transferAmount: 12087,
  bilateralNum: 36,
  bilateralAmount: 738,
  multilateralNum: 4,
  multilateralAmount: 120,
  numNodes: 114
}
Worker 7 return stats {
  messagesReceived: 245,
  messagesSent: 339,
  transfersReceived: 114,
  transfersSent: 203,
  transferAmount: 13004,
  bilateralNum: 29,
  bilateralAmount: 892,
  multilateralNum: 3,
  multilateralAmount: 152,
  numNodes: 113
}
Worker 8 return stats {
  messagesReceived: 335,
  messagesSent: 326,
  transfersReceived: 187,
  transfersSent: 179,
  transferAmount: 43910,
  bilateralNum: 31,
  bilateralAmount: 10229,
  multilateralNum: 2,
  multilateralAmount: 1525,
  numNodes: 113
}
Worker 9 return stats {
  messagesReceived: 233,
  messagesSent: 294,
  transfersReceived: 145,
  transfersSent: 203,
  transferAmount: 62971,
  bilateralNum: 25,
  bilateralAmount: 1778,
  multilateralNum: 2,
  multilateralAmount: 70,
  numNodes: 113
}
Worker 10 return stats {
  messagesReceived: 734,
  messagesSent: 584,
  transfersReceived: 359,
  transfersSent: 223,
  transferAmount: 36424,
  bilateralNum: 28,
  bilateralAmount: 856,
  multilateralNum: 1,
  multilateralAmount: 100,
  numNodes: 113
}
Worker 11 return stats {
  messagesReceived: 256,
  messagesSent: 273,
  transfersReceived: 157,
  transfersSent: 170,
  transferAmount: 92298.5,
  bilateralNum: 16,
  bilateralAmount: 1352,
  multilateralNum: 1,
  multilateralAmount: 2,
  numNodes: 113
}
Worker 12 return stats {
  messagesReceived: 184,
  messagesSent: 203,
  transfersReceived: 128,
  transfersSent: 146,
  transferAmount: 15002,
  bilateralNum: 21,
  bilateralAmount: 1452,
  multilateralNum: 0,
  multilateralAmount: 0,
  numNodes: 113
}
Worker 13 return stats {
  messagesReceived: 238,
  messagesSent: 304,
  transfersReceived: 119,
  transfersSent: 189,
  transferAmount: 35805,
  bilateralNum: 20,
  bilateralAmount: 1321,
  multilateralNum: 0,
  multilateralAmount: 0,
  numNodes: 113
}
Worker 14 return stats {
  messagesReceived: 332,
  messagesSent: 288,
  transfersReceived: 195,
  transfersSent: 159,
  transferAmount: 56124,
  bilateralNum: 27,
  bilateralAmount: 499,
  multilateralNum: 1,
  multilateralAmount: 3,
  numNodes: 113
}
3000 transfers between 1702 participants triggered an average of 1.97 messages each
Transfer amount 723908
9% netted bilaterally
1% netted multilaterally
90% not netted
{
  messagesReceived: 5919,
  messagesSent: 5919,
  transfersReceived: 3000,
  transfersSent: 3000,
  transferAmount: 723908,
  bilateralNum: 562,
  bilateralAmount: 64759,
  multilateralNum: 49,
  multilateralAmount: 6006,
  numNodes: 1702
}
